              :-) GROMACS - gmx mdrun, 2020.1-Ubuntu-2020.1-1 (-:

                            GROMACS is written by:
     Emile Apol      Rossen Apostolov      Paul Bauer     Herman J.C. Berendsen
    Par Bjelkmar      Christian Blau   Viacheslav Bolnykh     Kevin Boyd    
 Aldert van Buuren   Rudi van Drunen     Anton Feenstra       Alan Gray     
  Gerrit Groenhof     Anca Hamuraru    Vincent Hindriksen  M. Eric Irrgang  
  Aleksei Iupinov   Christoph Junghans     Joe Jordan     Dimitrios Karkoulis
    Peter Kasson        Jiri Kraus      Carsten Kutzner      Per Larsson    
  Justin A. Lemkul    Viveca Lindahl    Magnus Lundborg     Erik Marklund   
    Pascal Merz     Pieter Meulenhoff    Teemu Murtola       Szilard Pall   
    Sander Pronk      Roland Schulz      Michael Shirts    Alexey Shvetsov  
   Alfons Sijbers     Peter Tieleman      Jon Vincent      Teemu Virolainen 
 Christian Wennberg    Maarten Wolf      Artem Zhmurov   
                           and the project leaders:
        Mark Abraham, Berk Hess, Erik Lindahl, and David van der Spoel

Copyright (c) 1991-2000, University of Groningen, The Netherlands.
Copyright (c) 2001-2019, The GROMACS development team at
Uppsala University, Stockholm University and
the Royal Institute of Technology, Sweden.
check out http://www.gromacs.org for more information.

GROMACS is free software; you can redistribute it and/or modify it
under the terms of the GNU Lesser General Public License
as published by the Free Software Foundation; either version 2.1
of the License, or (at your option) any later version.

GROMACS:      gmx mdrun, version 2020.1-Ubuntu-2020.1-1
Executable:   /usr/bin/gmx
Data prefix:  /usr
Working dir:  /mnt/c/Users/VENKAT/Downloads/GROMACSProject
Process ID:   13268
Command line:
  gmx mdrun -v -nt 8 -deffnm md

GROMACS version:    2020.1-Ubuntu-2020.1-1
Precision:          single
Memory model:       64 bit
MPI library:        thread_mpi
OpenMP support:     enabled (GMX_OPENMP_MAX_THREADS = 64)
GPU support:        disabled
SIMD instructions:  SSE2
FFT library:        fftw-3.3.8-sse2-avx
RDTSCP usage:       disabled
TNG support:        enabled
Hwloc support:      hwloc-2.1.0
Tracing support:    disabled
C compiler:         /usr/bin/cc GNU 9.3.0
C compiler flags:   -msse2 -fexcess-precision=fast -funroll-all-loops
C++ compiler:       /usr/bin/c++ GNU 9.3.0
C++ compiler flags: -msse2 -fexcess-precision=fast -funroll-all-loops -fopenmp


Running on 1 node with total 4 cores, 8 logical cores
Hardware detected:
  CPU info:
    Vendor: Intel
    Brand:  Intel(R) Core(TM) i7-10510U CPU @ 1.80GHz
    Family: 6   Model: 142   Stepping: 12
    Features: aes apic avx avx2 clfsh cmov cx8 cx16 f16c fma htt intel lahf mmx msr nonstop_tsc pcid pclmuldq pdcm pdpe1gb popcnt pse rdrnd rdtscp sse2 sse3 sse4.1 sse4.2 ssse3 tdt x2apic
  Hardware topology: Basic
    Sockets, cores, and logical processors:
      Socket  0: [   0   1] [   2   3] [   4   5] [   6   7]

Highest SIMD level requested by all nodes in run: AVX2_256
SIMD instructions selected at compile time:       SSE2
This program was compiled for different hardware than you are running on,
which could influence performance.
The current CPU can measure timings more accurately than the code in
gmx mdrun was configured to use. This might affect your simulation
speed as accurate timings are needed for load-balancing.
Please consider rebuilding gmx mdrun with the GMX_USE_RDTSCP=ON CMake option.

++++ PLEASE READ AND CITE THE FOLLOWING REFERENCE ++++
M. J. Abraham, T. Murtola, R. Schulz, S. Páll, J. C. Smith, B. Hess, E.
Lindahl
GROMACS: High performance molecular simulations through multi-level
parallelism from laptops to supercomputers
SoftwareX 1 (2015) pp. 19-25
-------- -------- --- Thank You --- -------- --------


++++ PLEASE READ AND CITE THE FOLLOWING REFERENCE ++++
S. Páll, M. J. Abraham, C. Kutzner, B. Hess, E. Lindahl
Tackling Exascale Software Challenges in Molecular Dynamics Simulations with
GROMACS
In S. Markidis & E. Laure (Eds.), Solving Software Challenges for Exascale 8759 (2015) pp. 3-27
-------- -------- --- Thank You --- -------- --------


++++ PLEASE READ AND CITE THE FOLLOWING REFERENCE ++++
S. Pronk, S. Páll, R. Schulz, P. Larsson, P. Bjelkmar, R. Apostolov, M. R.
Shirts, J. C. Smith, P. M. Kasson, D. van der Spoel, B. Hess, and E. Lindahl
GROMACS 4.5: a high-throughput and highly parallel open source molecular
simulation toolkit
Bioinformatics 29 (2013) pp. 845-54
-------- -------- --- Thank You --- -------- --------


++++ PLEASE READ AND CITE THE FOLLOWING REFERENCE ++++
B. Hess and C. Kutzner and D. van der Spoel and E. Lindahl
GROMACS 4: Algorithms for highly efficient, load-balanced, and scalable
molecular simulation
J. Chem. Theory Comput. 4 (2008) pp. 435-447
-------- -------- --- Thank You --- -------- --------


++++ PLEASE READ AND CITE THE FOLLOWING REFERENCE ++++
D. van der Spoel, E. Lindahl, B. Hess, G. Groenhof, A. E. Mark and H. J. C.
Berendsen
GROMACS: Fast, Flexible and Free
J. Comp. Chem. 26 (2005) pp. 1701-1719
-------- -------- --- Thank You --- -------- --------


++++ PLEASE READ AND CITE THE FOLLOWING REFERENCE ++++
E. Lindahl and B. Hess and D. van der Spoel
GROMACS 3.0: A package for molecular simulation and trajectory analysis
J. Mol. Mod. 7 (2001) pp. 306-317
-------- -------- --- Thank You --- -------- --------


++++ PLEASE READ AND CITE THE FOLLOWING REFERENCE ++++
H. J. C. Berendsen, D. van der Spoel and R. van Drunen
GROMACS: A message-passing parallel molecular dynamics implementation
Comp. Phys. Comm. 91 (1995) pp. 43-56
-------- -------- --- Thank You --- -------- --------

Input Parameters:
   integrator                     = md
   tinit                          = 0
   dt                             = 0.002
   nsteps                         = 500000
   init-step                      = 0
   simulation-part                = 1
   comm-mode                      = Linear
   nstcomm                        = 100
   bd-fric                        = 0
   ld-seed                        = 1752496945
   emtol                          = 10
   emstep                         = 0.01
   niter                          = 20
   fcstep                         = 0
   nstcgsteep                     = 1000
   nbfgscorr                      = 10
   rtpi                           = 0.05
   nstxout                        = 0
   nstvout                        = 0
   nstfout                        = 0
   nstlog                         = 5000
   nstcalcenergy                  = 100
   nstenergy                      = 5000
   nstxout-compressed             = 2500
   compressed-x-precision         = 1000
   cutoff-scheme                  = Verlet
   nstlist                        = 10
   pbc                            = xyz
   periodic-molecules             = false
   verlet-buffer-tolerance        = 0.005
   rlist                          = 1.2
   coulombtype                    = PME
   coulomb-modifier               = Potential-shift
   rcoulomb-switch                = 0
   rcoulomb                       = 1.2
   epsilon-r                      = 1
   epsilon-rf                     = inf
   vdw-type                       = Cut-off
   vdw-modifier                   = Force-switch
   rvdw-switch                    = 1
   rvdw                           = 1.2
   DispCorr                       = EnerPres
   table-extension                = 1
   fourierspacing                 = 0.16
   fourier-nx                     = 72
   fourier-ny                     = 72
   fourier-nz                     = 72
   pme-order                      = 4
   ewald-rtol                     = 1e-05
   ewald-rtol-lj                  = 0.001
   lj-pme-comb-rule               = Geometric
   ewald-geometry                 = 0
   epsilon-surface                = 0
   tcoupl                         = Nose-Hoover
   nsttcouple                     = 10
   nh-chain-length                = 1
   print-nose-hoover-chain-variables = false
   pcoupl                         = Parrinello-Rahman
   pcoupltype                     = Isotropic
   nstpcouple                     = 10
   tau-p                          = 2
   compressibility (3x3):
      compressibility[    0]={ 4.50000e-05,  0.00000e+00,  0.00000e+00}
      compressibility[    1]={ 0.00000e+00,  4.50000e-05,  0.00000e+00}
      compressibility[    2]={ 0.00000e+00,  0.00000e+00,  4.50000e-05}
   ref-p (3x3):
      ref-p[    0]={ 1.00000e+00,  0.00000e+00,  0.00000e+00}
      ref-p[    1]={ 0.00000e+00,  1.00000e+00,  0.00000e+00}
      ref-p[    2]={ 0.00000e+00,  0.00000e+00,  1.00000e+00}
   refcoord-scaling               = COM
   posres-com (3):
      posres-com[0]= 0.00000e+00
      posres-com[1]= 0.00000e+00
      posres-com[2]= 0.00000e+00
   posres-comB (3):
      posres-comB[0]= 0.00000e+00
      posres-comB[1]= 0.00000e+00
      posres-comB[2]= 0.00000e+00
   QMMM                           = false
   QMconstraints                  = 0
   QMMMscheme                     = 0
   MMChargeScaleFactor            = 1
qm-opts:
   ngQM                           = 0
   constraint-algorithm           = Lincs
   continuation                   = true
   Shake-SOR                      = false
   shake-tol                      = 0.0001
   lincs-order                    = 4
   lincs-iter                     = 1
   lincs-warnangle                = 30
   nwall                          = 0
   wall-type                      = 9-3
   wall-r-linpot                  = -1
   wall-atomtype[0]               = -1
   wall-atomtype[1]               = -1
   wall-density[0]                = 0
   wall-density[1]                = 0
   wall-ewald-zfac                = 3
   pull                           = false
   awh                            = false
   rotation                       = false
   interactiveMD                  = false
   disre                          = No
   disre-weighting                = Conservative
   disre-mixed                    = false
   dr-fc                          = 1000
   dr-tau                         = 0
   nstdisreout                    = 100
   orire-fc                       = 0
   orire-tau                      = 0
   nstorireout                    = 100
   free-energy                    = no
   cos-acceleration               = 0
   deform (3x3):
      deform[    0]={ 0.00000e+00,  0.00000e+00,  0.00000e+00}
      deform[    1]={ 0.00000e+00,  0.00000e+00,  0.00000e+00}
      deform[    2]={ 0.00000e+00,  0.00000e+00,  0.00000e+00}
   simulated-tempering            = false
   swapcoords                     = no
   userint1                       = 0
   userint2                       = 0
   userint3                       = 0
   userint4                       = 0
   userreal1                      = 0
   userreal2                      = 0
   userreal3                      = 0
   userreal4                      = 0
   applied-forces:
     electric-field:
       x:
         E0                       = 0
         omega                    = 0
         t0                       = 0
         sigma                    = 0
       y:
         E0                       = 0
         omega                    = 0
         t0                       = 0
         sigma                    = 0
       z:
         E0                       = 0
         omega                    = 0
         t0                       = 0
         sigma                    = 0
     density-guided-simulation:
       active                     = false
       group                      = protein
       similarity-measure         = inner-product
       atom-spreading-weight      = unity
       force-constant             = 1e+09
       gaussian-transform-spreading-width = 0.2
       gaussian-transform-spreading-range-in-multiples-of-width = 4
       reference-density-filename = reference.mrc
       nst                        = 1
       normalize-densities        = true
       adaptive-force-scaling     = false
       adaptive-force-scaling-time-constant = 4
grpopts:
   nrdf:     2357.97      272181
   ref-t:         300         300
   tau-t:         0.5         0.5
annealing:          No          No
annealing-npoints:           0           0
   acc:	           0           0           0
   nfreeze:           N           N           N
   energygrp-flags[  0]: 0

Changing nstlist from 10 to 80, rlist from 1.2 to 1.323


Using 1 MPI thread

Non-default thread affinity set, disabling internal thread affinity

Using 8 OpenMP threads 

System total charge: 0.000
Will do PME sum in reciprocal space for electrostatic interactions.

++++ PLEASE READ AND CITE THE FOLLOWING REFERENCE ++++
U. Essmann, L. Perera, M. L. Berkowitz, T. Darden, H. Lee and L. G. Pedersen 
A smooth particle mesh Ewald method
J. Chem. Phys. 103 (1995) pp. 8577-8592
-------- -------- --- Thank You --- -------- --------

Using a Gaussian width (1/beta) of 0.384195 nm for Ewald
Potential shift: LJ r^-12: -2.648e-01 r^-6: -5.349e-01, Ewald -8.333e-06
Initialized non-bonded Coulomb Ewald tables, spacing: 1.02e-03 size: 1176

Generated table with 1161 data points for 1-4 COUL.
Tabscale = 500 points/nm
Generated table with 1161 data points for 1-4 LJ6.
Tabscale = 500 points/nm
Generated table with 1161 data points for 1-4 LJ12.
Tabscale = 500 points/nm

Using SIMD 4x4 nonbonded short-range kernels

Using a dual 4x4 pair-list setup updated with dynamic pruning:
  outer list: updated every 80 steps, buffer 0.123 nm, rlist 1.323 nm
  inner list: updated every 12 steps, buffer 0.001 nm, rlist 1.201 nm
At tolerance 0.005 kJ/mol/ps per atom, equivalent classical 1x1 list would be:
  outer list: updated every 80 steps, buffer 0.266 nm, rlist 1.466 nm
  inner list: updated every 12 steps, buffer 0.047 nm, rlist 1.247 nm

Long Range LJ corr.: <C6> 2.8317e-04


Initializing LINear Constraint Solver

++++ PLEASE READ AND CITE THE FOLLOWING REFERENCE ++++
B. Hess and H. Bekker and H. J. C. Berendsen and J. G. E. M. Fraaije
LINCS: A Linear Constraint Solver for molecular simulations
J. Comp. Chem. 18 (1997) pp. 1463-1472
-------- -------- --- Thank You --- -------- --------

The number of constraints is 1185

++++ PLEASE READ AND CITE THE FOLLOWING REFERENCE ++++
S. Miyamoto and P. A. Kollman
SETTLE: An Analytical Version of the SHAKE and RATTLE Algorithms for Rigid
Water Models
J. Comp. Chem. 13 (1992) pp. 952-962
-------- -------- --- Thank You --- -------- --------

There are: 137144 Atoms
Center of mass motion removal mode is Linear
We have the following groups for center of mass motion removal:
  0:  rest

Started mdrun on rank 0 Fri Dec 11 08:41:22 2020

           Step           Time
              0        0.00000

   Energies (kJ/mol)
            U-B    Proper Dih.  Improper Dih.      CMAP Dih.          LJ-14
    2.55978e+03    1.45779e+03    1.56977e+02   -3.72636e+02    1.02083e+03
     Coulomb-14        LJ (SR)  Disper. corr.   Coulomb (SR)   Coul. recip.
    1.76009e+04    2.88410e+05   -1.17191e+04   -2.23672e+06    6.33320e+03
      Potential    Kinetic En.   Total Energy  Conserved En.    Temperature
   -1.93128e+06    3.38985e+05   -1.59229e+06   -1.59221e+06    2.97011e+02
 Pres. DC (bar) Pressure (bar)   Constr. rmsd
   -1.41013e+02    1.68570e+01    3.12473e-05

           Step           Time
           5000       10.00000

   Energies (kJ/mol)
            U-B    Proper Dih.  Improper Dih.      CMAP Dih.          LJ-14
    2.70359e+03    1.49181e+03    1.68367e+02   -3.43157e+02    1.09271e+03
     Coulomb-14        LJ (SR)  Disper. corr.   Coulomb (SR)   Coul. recip.
    1.77240e+04    2.83944e+05   -1.16619e+04   -2.22350e+06    6.36475e+03
      Potential    Kinetic En.   Total Energy  Conserved En.    Temperature
   -1.92202e+06    3.42934e+05   -1.57908e+06   -1.59183e+06    3.00471e+02
 Pres. DC (bar) Pressure (bar)   Constr. rmsd
   -1.39640e+02   -6.13973e+01    2.90976e-05

Writing checkpoint, step 8320 at Fri Dec 11 08:56:26 2020


           Step           Time
          10000       20.00000

   Energies (kJ/mol)
            U-B    Proper Dih.  Improper Dih.      CMAP Dih.          LJ-14
    2.68507e+03    1.52681e+03    1.62857e+02   -3.56183e+02    1.10592e+03
     Coulomb-14        LJ (SR)  Disper. corr.   Coulomb (SR)   Coul. recip.
    1.76274e+04    2.84755e+05   -1.16770e+04   -2.22751e+06    6.42609e+03
      Potential    Kinetic En.   Total Energy  Conserved En.    Temperature
   -1.92525e+06    3.41894e+05   -1.58336e+06   -1.59179e+06    2.99560e+02
 Pres. DC (bar) Pressure (bar)   Constr. rmsd
   -1.40003e+02   -6.89111e+01    3.03311e-05

           Step           Time
          15000       30.00000

   Energies (kJ/mol)
            U-B    Proper Dih.  Improper Dih.      CMAP Dih.          LJ-14
    2.67724e+03    1.48735e+03    1.53424e+02   -3.55334e+02    1.03404e+03
     Coulomb-14        LJ (SR)  Disper. corr.   Coulomb (SR)   Coul. recip.
    1.75519e+04    2.88792e+05   -1.16851e+04   -2.23102e+06    6.46056e+03
      Potential    Kinetic En.   Total Energy  Conserved En.    Temperature
   -1.92490e+06    3.42232e+05   -1.58267e+06   -1.59160e+06    2.99856e+02
 Pres. DC (bar) Pressure (bar)   Constr. rmsd
   -1.40196e+02    1.03190e+02    2.91444e-05

Writing checkpoint, step 15760 at Fri Dec 11 09:11:26 2020


           Step           Time
          20000       40.00000

   Energies (kJ/mol)
            U-B    Proper Dih.  Improper Dih.      CMAP Dih.          LJ-14
    2.67749e+03    1.52484e+03    1.58267e+02   -3.77414e+02    1.07740e+03
     Coulomb-14        LJ (SR)  Disper. corr.   Coulomb (SR)   Coul. recip.
    1.77082e+04    2.86024e+05   -1.16850e+04   -2.23055e+06    6.41020e+03
      Potential    Kinetic En.   Total Energy  Conserved En.    Temperature
   -1.92703e+06    3.43442e+05   -1.58359e+06   -1.59138e+06    3.00916e+02
 Pres. DC (bar) Pressure (bar)   Constr. rmsd
   -1.40193e+02   -5.00971e+01    3.22050e-05

Writing checkpoint, step 23040 at Fri Dec 11 09:26:32 2020


           Step           Time
          25000       50.00000

   Energies (kJ/mol)
            U-B    Proper Dih.  Improper Dih.      CMAP Dih.          LJ-14
    2.82805e+03    1.46776e+03    1.63358e+02   -3.45968e+02    1.01208e+03
     Coulomb-14        LJ (SR)  Disper. corr.   Coulomb (SR)   Coul. recip.
    1.74084e+04    2.85918e+05   -1.16351e+04   -2.22993e+06    6.32607e+03
      Potential    Kinetic En.   Total Energy  Conserved En.    Temperature
   -1.92679e+06    3.42573e+05   -1.58422e+06   -1.59138e+06    3.00154e+02
 Pres. DC (bar) Pressure (bar)   Constr. rmsd
   -1.38999e+02   -1.03489e+02    3.19907e-05

           Step           Time
          30000       60.00000

   Energies (kJ/mol)
            U-B    Proper Dih.  Improper Dih.      CMAP Dih.          LJ-14
    2.71824e+03    1.49911e+03    1.69529e+02   -3.55287e+02    9.95993e+02
     Coulomb-14        LJ (SR)  Disper. corr.   Coulomb (SR)   Coul. recip.
    1.75778e+04    2.86566e+05   -1.16948e+04   -2.23023e+06    6.39859e+03
      Potential    Kinetic En.   Total Energy  Conserved En.    Temperature
   -1.92635e+06    3.42882e+05   -1.58347e+06   -1.59105e+06    3.00425e+02
 Pres. DC (bar) Pressure (bar)   Constr. rmsd
   -1.40429e+02   -1.77711e+01    3.30047e-05

Writing checkpoint, step 30160 at Fri Dec 11 09:41:33 2020


           Step           Time
          35000       70.00000

   Energies (kJ/mol)
            U-B    Proper Dih.  Improper Dih.      CMAP Dih.          LJ-14
    2.52027e+03    1.52115e+03    2.02180e+02   -3.62314e+02    1.05502e+03
     Coulomb-14        LJ (SR)  Disper. corr.   Coulomb (SR)   Coul. recip.
    1.76098e+04    2.85236e+05   -1.16724e+04   -2.22783e+06    6.38186e+03
      Potential    Kinetic En.   Total Energy  Conserved En.    Temperature
   -1.92533e+06    3.40924e+05   -1.58441e+06   -1.59094e+06    2.98710e+02
 Pres. DC (bar) Pressure (bar)   Constr. rmsd
   -1.39891e+02   -8.77176e+01    3.02514e-05

Writing checkpoint, step 36880 at Fri Dec 11 09:56:32 2020


           Step           Time
          40000       80.00000

   Energies (kJ/mol)
            U-B    Proper Dih.  Improper Dih.      CMAP Dih.          LJ-14
    2.68206e+03    1.48874e+03    1.51460e+02   -3.36872e+02    1.07882e+03
     Coulomb-14        LJ (SR)  Disper. corr.   Coulomb (SR)   Coul. recip.
    1.77753e+04    2.86256e+05   -1.16585e+04   -2.22994e+06    6.49311e+03
      Potential    Kinetic En.   Total Energy  Conserved En.    Temperature
   -1.92601e+06    3.42443e+05   -1.58357e+06   -1.59030e+06    3.00041e+02
 Pres. DC (bar) Pressure (bar)   Constr. rmsd
   -1.39560e+02   -5.08182e+01    2.98787e-05

Writing checkpoint, step 43200 at Fri Dec 11 10:11:30 2020


           Step           Time
          45000       90.00000

   Energies (kJ/mol)
            U-B    Proper Dih.  Improper Dih.      CMAP Dih.          LJ-14
    2.67101e+03    1.42335e+03    1.81688e+02   -3.27426e+02    1.09546e+03
     Coulomb-14        LJ (SR)  Disper. corr.   Coulomb (SR)   Coul. recip.
    1.76256e+04    2.86361e+05   -1.16637e+04   -2.22869e+06    6.37309e+03
      Potential    Kinetic En.   Total Energy  Conserved En.    Temperature
   -1.92495e+06    3.43313e+05   -1.58164e+06   -1.59057e+06    3.00803e+02
 Pres. DC (bar) Pressure (bar)   Constr. rmsd
   -1.39683e+02   -6.44113e+00    3.14361e-05

           Step           Time
          50000      100.00000

   Energies (kJ/mol)
            U-B    Proper Dih.  Improper Dih.      CMAP Dih.          LJ-14
    2.81118e+03    1.44503e+03    1.90768e+02   -3.34715e+02    1.00730e+03
     Coulomb-14        LJ (SR)  Disper. corr.   Coulomb (SR)   Coul. recip.
    1.75213e+04    2.85801e+05   -1.17180e+04   -2.22868e+06    6.35776e+03
      Potential    Kinetic En.   Total Energy  Conserved En.    Temperature
   -1.92560e+06    3.44339e+05   -1.58126e+06   -1.59008e+06    3.01702e+02
 Pres. DC (bar) Pressure (bar)   Constr. rmsd
   -1.40987e+02    1.85467e+01    3.15694e-05

Writing checkpoint, step 50480 at Fri Dec 11 10:26:25 2020


           Step           Time
          55000      110.00000

   Energies (kJ/mol)
            U-B    Proper Dih.  Improper Dih.      CMAP Dih.          LJ-14
    2.65443e+03    1.41970e+03    1.73761e+02   -3.66893e+02    1.09421e+03
     Coulomb-14        LJ (SR)  Disper. corr.   Coulomb (SR)   Coul. recip.
    1.77947e+04    2.88104e+05   -1.17005e+04   -2.23271e+06    6.35367e+03
      Potential    Kinetic En.   Total Energy  Conserved En.    Temperature
   -1.92718e+06    3.44160e+05   -1.58302e+06   -1.58984e+06    3.01545e+02
 Pres. DC (bar) Pressure (bar)   Constr. rmsd
   -1.40566e+02    1.05461e+02    2.98843e-05

Writing checkpoint, step 57360 at Fri Dec 11 10:41:29 2020


           Step           Time
          60000      120.00000

   Energies (kJ/mol)
            U-B    Proper Dih.  Improper Dih.      CMAP Dih.          LJ-14
    2.90462e+03    1.50499e+03    1.97574e+02   -3.53909e+02    1.05627e+03
     Coulomb-14        LJ (SR)  Disper. corr.   Coulomb (SR)   Coul. recip.
    1.75208e+04    2.87545e+05   -1.16569e+04   -2.23266e+06    6.45674e+03
      Potential    Kinetic En.   Total Energy  Conserved En.    Temperature
   -1.92748e+06    3.41448e+05   -1.58603e+06   -1.58957e+06    2.99169e+02
 Pres. DC (bar) Pressure (bar)   Constr. rmsd
   -1.39520e+02   -2.51742e+01    3.22089e-05

Writing checkpoint, step 64160 at Fri Dec 11 10:56:26 2020


           Step           Time
          65000      130.00000

   Energies (kJ/mol)
            U-B    Proper Dih.  Improper Dih.      CMAP Dih.          LJ-14
    2.68318e+03    1.46524e+03    1.84365e+02   -3.76543e+02    1.08114e+03
     Coulomb-14        LJ (SR)  Disper. corr.   Coulomb (SR)   Coul. recip.
    1.76457e+04    2.85968e+05   -1.16721e+04   -2.22919e+06    6.49570e+03
      Potential    Kinetic En.   Total Energy  Conserved En.    Temperature
   -1.92572e+06    3.42276e+05   -1.58344e+06   -1.58957e+06    2.99894e+02
 Pres. DC (bar) Pressure (bar)   Constr. rmsd
   -1.39886e+02   -2.64916e+01    3.04804e-05

           Step           Time
          70000      140.00000

   Energies (kJ/mol)
            U-B    Proper Dih.  Improper Dih.      CMAP Dih.          LJ-14
    2.61926e+03    1.45590e+03    1.85320e+02   -3.84889e+02    1.09598e+03
     Coulomb-14        LJ (SR)  Disper. corr.   Coulomb (SR)   Coul. recip.
    1.77643e+04    2.87832e+05   -1.16754e+04   -2.23186e+06    6.46967e+03
      Potential    Kinetic En.   Total Energy  Conserved En.    Temperature
   -1.92650e+06    3.42610e+05   -1.58389e+06   -1.58942e+06    3.00187e+02
 Pres. DC (bar) Pressure (bar)   Constr. rmsd
   -1.39964e+02    2.75296e+01    3.05055e-05

Writing checkpoint, step 71120 at Fri Dec 11 11:11:24 2020


           Step           Time
          75000      150.00000

   Energies (kJ/mol)
            U-B    Proper Dih.  Improper Dih.      CMAP Dih.          LJ-14
    2.85765e+03    1.53545e+03    1.80955e+02   -3.85529e+02    1.07746e+03
     Coulomb-14        LJ (SR)  Disper. corr.   Coulomb (SR)   Coul. recip.
    1.75783e+04    2.87168e+05   -1.16758e+04   -2.23008e+06    6.44582e+03
      Potential    Kinetic En.   Total Energy  Conserved En.    Temperature
   -1.92530e+06    3.43299e+05   -1.58200e+06   -1.58917e+06    3.00790e+02
 Pres. DC (bar) Pressure (bar)   Constr. rmsd
   -1.39974e+02    1.64343e+01    3.27640e-05

Writing checkpoint, step 79680 at Fri Dec 11 11:26:31 2020


           Step           Time
          80000      160.00000

   Energies (kJ/mol)
            U-B    Proper Dih.  Improper Dih.      CMAP Dih.          LJ-14
    2.63525e+03    1.48778e+03    1.92803e+02   -3.78616e+02    1.08286e+03
     Coulomb-14        LJ (SR)  Disper. corr.   Coulomb (SR)   Coul. recip.
    1.75922e+04    2.84954e+05   -1.16703e+04   -2.22684e+06    6.40543e+03
      Potential    Kinetic En.   Total Energy  Conserved En.    Temperature
   -1.92454e+06    3.42055e+05   -1.58249e+06   -1.58909e+06    2.99701e+02
 Pres. DC (bar) Pressure (bar)   Constr. rmsd
   -1.39841e+02   -3.52413e+01    2.69587e-05

           Step           Time
          85000      170.00000

   Energies (kJ/mol)
            U-B    Proper Dih.  Improper Dih.      CMAP Dih.          LJ-14
    2.69298e+03    1.44974e+03    1.76250e+02   -3.73789e+02    1.02954e+03
     Coulomb-14        LJ (SR)  Disper. corr.   Coulomb (SR)   Coul. recip.
    1.76747e+04    2.82945e+05   -1.16804e+04   -2.22622e+06    6.45287e+03
      Potential    Kinetic En.   Total Energy  Conserved En.    Temperature
   -1.92586e+06    3.42377e+05   -1.58348e+06   -1.58905e+06    2.99982e+02
 Pres. DC (bar) Pressure (bar)   Constr. rmsd
   -1.40083e+02   -1.72163e+02    3.32577e-05

Writing checkpoint, step 88560 at Fri Dec 11 11:41:24 2020


           Step           Time
          90000      180.00000

   Energies (kJ/mol)
            U-B    Proper Dih.  Improper Dih.      CMAP Dih.          LJ-14
    2.69074e+03    1.51687e+03    2.15185e+02   -3.73133e+02    1.12382e+03
     Coulomb-14        LJ (SR)  Disper. corr.   Coulomb (SR)   Coul. recip.
    1.77363e+04    2.88769e+05   -1.16933e+04   -2.23287e+06    6.18384e+03
      Potential    Kinetic En.   Total Energy  Conserved En.    Temperature
   -1.92670e+06    3.41980e+05   -1.58472e+06   -1.58823e+06    2.99635e+02
 Pres. DC (bar) Pressure (bar)   Constr. rmsd
   -1.40392e+02    9.20319e+01    2.89417e-05

           Step           Time
          95000      190.00000

   Energies (kJ/mol)
            U-B    Proper Dih.  Improper Dih.      CMAP Dih.          LJ-14
    2.70021e+03    1.60322e+03    1.77926e+02   -3.86027e+02    1.02879e+03
     Coulomb-14        LJ (SR)  Disper. corr.   Coulomb (SR)   Coul. recip.
    1.74773e+04    2.87965e+05   -1.16747e+04   -2.23026e+06    6.33868e+03
      Potential    Kinetic En.   Total Energy  Conserved En.    Temperature
   -1.92503e+06    3.44272e+05   -1.58076e+06   -1.58798e+06    3.01643e+02
 Pres. DC (bar) Pressure (bar)   Constr. rmsd
   -1.39948e+02    2.49971e+01    3.44766e-05

Writing checkpoint, step 97440 at Fri Dec 11 11:56:25 2020


           Step           Time
         100000      200.00000

   Energies (kJ/mol)
            U-B    Proper Dih.  Improper Dih.      CMAP Dih.          LJ-14
    2.77565e+03    1.47012e+03    2.00007e+02   -3.68415e+02    1.07232e+03
     Coulomb-14        LJ (SR)  Disper. corr.   Coulomb (SR)   Coul. recip.
    1.76656e+04    2.85958e+05   -1.16757e+04   -2.22922e+06    6.54038e+03
      Potential    Kinetic En.   Total Energy  Conserved En.    Temperature
   -1.92558e+06    3.43301e+05   -1.58228e+06   -1.58823e+06    3.00792e+02
 Pres. DC (bar) Pressure (bar)   Constr. rmsd
   -1.39970e+02   -4.02112e+01    3.24617e-05

           Step           Time
         105000      210.00000

   Energies (kJ/mol)
            U-B    Proper Dih.  Improper Dih.      CMAP Dih.          LJ-14
    2.63261e+03    1.50757e+03    2.00574e+02   -3.90897e+02    1.04604e+03
     Coulomb-14        LJ (SR)  Disper. corr.   Coulomb (SR)   Coul. recip.
    1.76586e+04    2.86411e+05   -1.16555e+04   -2.22772e+06    6.53494e+03
      Potential    Kinetic En.   Total Energy  Conserved En.    Temperature
   -1.92378e+06    3.42097e+05   -1.58168e+06   -1.58741e+06    2.99737e+02
 Pres. DC (bar) Pressure (bar)   Constr. rmsd
   -1.39488e+02   -2.09261e+01    3.21889e-05

Writing checkpoint, step 106240 at Fri Dec 11 12:11:27 2020


           Step           Time
         110000      220.00000

   Energies (kJ/mol)
            U-B    Proper Dih.  Improper Dih.      CMAP Dih.          LJ-14
    2.62974e+03    1.47187e+03    1.80584e+02   -3.73176e+02    1.08136e+03
     Coulomb-14        LJ (SR)  Disper. corr.   Coulomb (SR)   Coul. recip.
    1.77277e+04    2.87484e+05   -1.16786e+04   -2.23299e+06    6.48394e+03
      Potential    Kinetic En.   Total Energy  Conserved En.    Temperature
   -1.92799e+06    3.42287e+05   -1.58570e+06   -1.58755e+06    2.99904e+02
 Pres. DC (bar) Pressure (bar)   Constr. rmsd
   -1.40041e+02   -2.61559e+01    2.95080e-05

           Step           Time
         115000      230.00000

   Energies (kJ/mol)
            U-B    Proper Dih.  Improper Dih.      CMAP Dih.          LJ-14
    2.81949e+03    1.51416e+03    1.84100e+02   -3.79793e+02    1.07766e+03
     Coulomb-14        LJ (SR)  Disper. corr.   Coulomb (SR)   Coul. recip.
    1.75689e+04    2.84939e+05   -1.16939e+04   -2.22593e+06    6.48339e+03
      Potential    Kinetic En.   Total Energy  Conserved En.    Temperature
   -1.92342e+06    3.42232e+05   -1.58119e+06   -1.58750e+06    2.99856e+02
 Pres. DC (bar) Pressure (bar)   Constr. rmsd
   -1.40408e+02   -6.61580e+00    3.15114e-05

Writing checkpoint, step 115760 at Fri Dec 11 12:26:29 2020


           Step           Time
         120000      240.00000

   Energies (kJ/mol)
            U-B    Proper Dih.  Improper Dih.      CMAP Dih.          LJ-14
    2.53777e+03    1.47451e+03    1.55959e+02   -3.59533e+02    1.07727e+03
     Coulomb-14        LJ (SR)  Disper. corr.   Coulomb (SR)   Coul. recip.
    1.77039e+04    2.84942e+05   -1.16931e+04   -2.22890e+06    6.43369e+03
      Potential    Kinetic En.   Total Energy  Conserved En.    Temperature
   -1.92663e+06    3.43363e+05   -1.58326e+06   -1.58702e+06    3.00847e+02
 Pres. DC (bar) Pressure (bar)   Constr. rmsd
   -1.40388e+02   -8.16928e+01    3.06354e-05

Writing checkpoint, step 124720 at Fri Dec 11 12:41:25 2020


           Step           Time
         125000      250.00000

   Energies (kJ/mol)
            U-B    Proper Dih.  Improper Dih.      CMAP Dih.          LJ-14
    2.57188e+03    1.45749e+03    1.55843e+02   -3.57976e+02    1.04176e+03
     Coulomb-14        LJ (SR)  Disper. corr.   Coulomb (SR)   Coul. recip.
    1.77010e+04    2.86447e+05   -1.17078e+04   -2.23223e+06    6.27065e+03
      Potential    Kinetic En.   Total Energy  Conserved En.    Temperature
   -1.92865e+06    3.40659e+05   -1.58799e+06   -1.58714e+06    2.98478e+02
 Pres. DC (bar) Pressure (bar)   Constr. rmsd
   -1.40741e+02   -2.55024e+01    3.09240e-05

           Step           Time
         130000      260.00000

   Energies (kJ/mol)
            U-B    Proper Dih.  Improper Dih.      CMAP Dih.          LJ-14
    2.79601e+03    1.48444e+03    1.87895e+02   -3.85593e+02    1.04036e+03
     Coulomb-14        LJ (SR)  Disper. corr.   Coulomb (SR)   Coul. recip.
    1.74989e+04    2.89165e+05   -1.17039e+04   -2.23539e+06    6.30347e+03
      Potential    Kinetic En.   Total Energy  Conserved En.    Temperature
   -1.92901e+06    3.41348e+05   -1.58766e+06   -1.58657e+06    2.99081e+02
 Pres. DC (bar) Pressure (bar)   Constr. rmsd
   -1.40646e+02    7.16487e+01    3.14076e-05

Writing checkpoint, step 134240 at Fri Dec 11 12:56:27 2020


           Step           Time
         135000      270.00000

   Energies (kJ/mol)
            U-B    Proper Dih.  Improper Dih.      CMAP Dih.          LJ-14
    2.72603e+03    1.41846e+03    1.65460e+02   -3.62761e+02    1.04182e+03
     Coulomb-14        LJ (SR)  Disper. corr.   Coulomb (SR)   Coul. recip.
    1.76848e+04    2.86407e+05   -1.16567e+04   -2.22816e+06    6.49549e+03
      Potential    Kinetic En.   Total Energy  Conserved En.    Temperature
   -1.92424e+06    3.41129e+05   -1.58311e+06   -1.58686e+06    2.98890e+02
 Pres. DC (bar) Pressure (bar)   Constr. rmsd
   -1.39517e+02   -1.99669e+01    2.89926e-05

           Step           Time
         140000      280.00000

   Energies (kJ/mol)
            U-B    Proper Dih.  Improper Dih.      CMAP Dih.          LJ-14
    2.68149e+03    1.46915e+03    2.04170e+02   -3.82875e+02    1.06890e+03
     Coulomb-14        LJ (SR)  Disper. corr.   Coulomb (SR)   Coul. recip.
    1.76534e+04    2.88256e+05   -1.16916e+04   -2.23182e+06    6.36001e+03
      Potential    Kinetic En.   Total Energy  Conserved En.    Temperature
   -1.92620e+06    3.42518e+05   -1.58368e+06   -1.58609e+06    3.00107e+02
 Pres. DC (bar) Pressure (bar)   Constr. rmsd
   -1.40352e+02    6.94980e+01    2.90820e-05

Writing checkpoint, step 143840 at Fri Dec 11 13:11:24 2020


           Step           Time
         145000      290.00000

   Energies (kJ/mol)
            U-B    Proper Dih.  Improper Dih.      CMAP Dih.          LJ-14
    2.58741e+03    1.48379e+03    1.60148e+02   -3.58958e+02    1.04276e+03
     Coulomb-14        LJ (SR)  Disper. corr.   Coulomb (SR)   Coul. recip.
    1.77089e+04    2.87752e+05   -1.16825e+04   -2.23235e+06    6.42342e+03
      Potential    Kinetic En.   Total Energy  Conserved En.    Temperature
   -1.92723e+06    3.41697e+05   -1.58553e+06   -1.58617e+06    2.99387e+02
 Pres. DC (bar) Pressure (bar)   Constr. rmsd
   -1.40133e+02    2.71818e+01    2.77616e-05

           Step           Time
         150000      300.00000

   Energies (kJ/mol)
            U-B    Proper Dih.  Improper Dih.      CMAP Dih.          LJ-14
    2.66029e+03    1.43285e+03    1.61471e+02   -3.81332e+02    1.09648e+03
     Coulomb-14        LJ (SR)  Disper. corr.   Coulomb (SR)   Coul. recip.
    1.75834e+04    2.86392e+05   -1.16970e+04   -2.23013e+06    6.43164e+03
      Potential    Kinetic En.   Total Energy  Conserved En.    Temperature
   -1.92645e+06    3.46514e+05   -1.57994e+06   -1.58542e+06    3.03608e+02
 Pres. DC (bar) Pressure (bar)   Constr. rmsd
   -1.40481e+02    4.02949e+01    2.87663e-05

Writing checkpoint, step 154400 at Fri Dec 11 13:26:26 2020


           Step           Time
         155000      310.00000

   Energies (kJ/mol)
            U-B    Proper Dih.  Improper Dih.      CMAP Dih.          LJ-14
    2.56645e+03    1.49817e+03    1.59718e+02   -3.57232e+02    1.04057e+03
     Coulomb-14        LJ (SR)  Disper. corr.   Coulomb (SR)   Coul. recip.
    1.74008e+04    2.87245e+05   -1.16581e+04   -2.22986e+06    6.50482e+03
      Potential    Kinetic En.   Total Energy  Conserved En.    Temperature
   -1.92546e+06    3.42751e+05   -1.58271e+06   -1.58571e+06    3.00311e+02
 Pres. DC (bar) Pressure (bar)   Constr. rmsd
   -1.39550e+02   -1.55759e+01    2.97107e-05

           Step           Time
         160000      320.00000

   Energies (kJ/mol)
            U-B    Proper Dih.  Improper Dih.      CMAP Dih.          LJ-14
    2.73489e+03    1.47353e+03    1.84554e+02   -3.69981e+02    1.05668e+03
     Coulomb-14        LJ (SR)  Disper. corr.   Coulomb (SR)   Coul. recip.
    1.75598e+04    2.86902e+05   -1.16736e+04   -2.22906e+06    6.41779e+03
      Potential    Kinetic En.   Total Energy  Conserved En.    Temperature
   -1.92477e+06    3.41872e+05   -1.58290e+06   -1.58558e+06    2.99540e+02
 Pres. DC (bar) Pressure (bar)   Constr. rmsd
   -1.39922e+02    1.47037e+01    2.88487e-05

Writing checkpoint, step 164800 at Fri Dec 11 13:41:25 2020


           Step           Time
         165000      330.00000

   Energies (kJ/mol)
            U-B    Proper Dih.  Improper Dih.      CMAP Dih.          LJ-14
    2.78655e+03    1.51863e+03    2.32485e+02   -3.57311e+02    1.03403e+03
     Coulomb-14        LJ (SR)  Disper. corr.   Coulomb (SR)   Coul. recip.
    1.75317e+04    2.86913e+05   -1.17025e+04   -2.23132e+06    6.43115e+03
      Potential    Kinetic En.   Total Energy  Conserved En.    Temperature
   -1.92693e+06    3.42409e+05   -1.58452e+06   -1.58511e+06    3.00011e+02
 Pres. DC (bar) Pressure (bar)   Constr. rmsd
   -1.40614e+02    2.33992e+00    3.11344e-05

           Step           Time
         170000      340.00000

   Energies (kJ/mol)
            U-B    Proper Dih.  Improper Dih.      CMAP Dih.          LJ-14
    2.58341e+03    1.50114e+03    1.83913e+02   -3.91117e+02    1.07803e+03
     Coulomb-14        LJ (SR)  Disper. corr.   Coulomb (SR)   Coul. recip.
    1.75867e+04    2.84691e+05   -1.16774e+04   -2.22574e+06    6.51198e+03
      Potential    Kinetic En.   Total Energy  Conserved En.    Temperature
   -1.92367e+06    3.42716e+05   -1.58095e+06   -1.58488e+06    3.00280e+02
 Pres. DC (bar) Pressure (bar)   Constr. rmsd
   -1.40012e+02   -4.47439e+01    2.88163e-05

           Step           Time
         175000      350.00000

   Energies (kJ/mol)
            U-B    Proper Dih.  Improper Dih.      CMAP Dih.          LJ-14
    2.65718e+03    1.49989e+03    1.90061e+02   -3.81381e+02    1.05206e+03
     Coulomb-14        LJ (SR)  Disper. corr.   Coulomb (SR)   Coul. recip.
    1.76504e+04    2.90623e+05   -1.16721e+04   -2.23449e+06    6.32509e+03
      Potential    Kinetic En.   Total Energy  Conserved En.    Temperature
   -1.92655e+06    3.45000e+05   -1.58155e+06   -1.58472e+06    3.02281e+02
 Pres. DC (bar) Pressure (bar)   Constr. rmsd
   -1.39884e+02    1.41402e+02    3.00728e-05

Writing checkpoint, step 175280 at Fri Dec 11 13:56:26 2020


           Step           Time
         180000      360.00000

   Energies (kJ/mol)
            U-B    Proper Dih.  Improper Dih.      CMAP Dih.          LJ-14
    2.69735e+03    1.46989e+03    1.69256e+02   -3.62978e+02    1.02251e+03
     Coulomb-14        LJ (SR)  Disper. corr.   Coulomb (SR)   Coul. recip.
    1.74717e+04    2.84406e+05   -1.16896e+04   -2.22864e+06    6.27831e+03
      Potential    Kinetic En.   Total Energy  Conserved En.    Temperature
   -1.92718e+06    3.42573e+05   -1.58461e+06   -1.58441e+06    3.00154e+02
 Pres. DC (bar) Pressure (bar)   Constr. rmsd
   -1.40304e+02   -9.82616e+01    2.97831e-05

           Step           Time
         185000      370.00000

   Energies (kJ/mol)
            U-B    Proper Dih.  Improper Dih.      CMAP Dih.          LJ-14
    2.66262e+03    1.44065e+03    1.88187e+02   -3.59897e+02    1.02100e+03
     Coulomb-14        LJ (SR)  Disper. corr.   Coulomb (SR)   Coul. recip.
    1.75405e+04    2.87814e+05   -1.16715e+04   -2.23300e+06    6.56654e+03
      Potential    Kinetic En.   Total Energy  Conserved En.    Temperature
   -1.92780e+06    3.40974e+05   -1.58682e+06   -1.58414e+06    2.98753e+02
 Pres. DC (bar) Pressure (bar)   Constr. rmsd
   -1.39871e+02   -1.59190e+01    2.90283e-05

Writing checkpoint, step 185600 at Fri Dec 11 14:11:24 2020


           Step           Time
         190000      380.00000

   Energies (kJ/mol)
            U-B    Proper Dih.  Improper Dih.      CMAP Dih.          LJ-14
    2.55097e+03    1.50136e+03    1.51376e+02   -4.19584e+02    1.09046e+03
     Coulomb-14        LJ (SR)  Disper. corr.   Coulomb (SR)   Coul. recip.
    1.75521e+04    2.86205e+05   -1.16821e+04   -2.22894e+06    6.42945e+03
      Potential    Kinetic En.   Total Energy  Conserved En.    Temperature
   -1.92556e+06    3.43770e+05   -1.58179e+06   -1.58374e+06    3.01203e+02
 Pres. DC (bar) Pressure (bar)   Constr. rmsd
   -1.40125e+02   -6.63474e+00    3.03518e-05

           Step           Time
         195000      390.00000

   Energies (kJ/mol)
            U-B    Proper Dih.  Improper Dih.      CMAP Dih.          LJ-14
    2.69600e+03    1.44647e+03    1.67041e+02   -3.98243e+02    1.03134e+03
     Coulomb-14        LJ (SR)  Disper. corr.   Coulomb (SR)   Coul. recip.
    1.75514e+04    2.89109e+05   -1.16824e+04   -2.23340e+06    6.52237e+03
      Potential    Kinetic En.   Total Energy  Conserved En.    Temperature
   -1.92695e+06    3.42137e+05   -1.58482e+06   -1.58400e+06    2.99772e+02
 Pres. DC (bar) Pressure (bar)   Constr. rmsd
   -1.40132e+02    9.22352e+01    2.88328e-05

Writing checkpoint, step 196000 at Fri Dec 11 14:26:27 2020


           Step           Time
         200000      400.00000

   Energies (kJ/mol)
            U-B    Proper Dih.  Improper Dih.      CMAP Dih.          LJ-14
    2.78449e+03    1.54198e+03    2.23747e+02   -3.93680e+02    1.04509e+03
     Coulomb-14        LJ (SR)  Disper. corr.   Coulomb (SR)   Coul. recip.
    1.76207e+04    2.86121e+05   -1.16697e+04   -2.23123e+06    6.46421e+03
      Potential    Kinetic En.   Total Energy  Conserved En.    Temperature
   -1.92749e+06    3.40602e+05   -1.58689e+06   -1.58354e+06    2.98427e+02
 Pres. DC (bar) Pressure (bar)   Constr. rmsd
   -1.39827e+02   -8.20431e+01    3.12679e-05

           Step           Time
         205000      410.00000

   Energies (kJ/mol)
            U-B    Proper Dih.  Improper Dih.      CMAP Dih.          LJ-14
    2.69679e+03    1.46598e+03    1.85209e+02   -3.88367e+02    1.07423e+03
     Coulomb-14        LJ (SR)  Disper. corr.   Coulomb (SR)   Coul. recip.
    1.77487e+04    2.87470e+05   -1.16895e+04   -2.23175e+06    6.42203e+03
      Potential    Kinetic En.   Total Energy  Conserved En.    Temperature
   -1.92677e+06    3.42793e+05   -1.58398e+06   -1.58311e+06    3.00347e+02
 Pres. DC (bar) Pressure (bar)   Constr. rmsd
   -1.40301e+02    2.21274e+01    3.02535e-05

Writing checkpoint, step 206320 at Fri Dec 11 14:41:23 2020


           Step           Time
         210000      420.00000

   Energies (kJ/mol)
            U-B    Proper Dih.  Improper Dih.      CMAP Dih.          LJ-14
    2.72023e+03    1.55214e+03    1.95460e+02   -3.66268e+02    1.08082e+03
     Coulomb-14        LJ (SR)  Disper. corr.   Coulomb (SR)   Coul. recip.
    1.77681e+04    2.86031e+05   -1.16821e+04   -2.23065e+06    6.51780e+03
      Potential    Kinetic En.   Total Energy  Conserved En.    Temperature
   -1.92683e+06    3.41930e+05   -1.58490e+06   -1.58319e+06    2.99591e+02
 Pres. DC (bar) Pressure (bar)   Constr. rmsd
   -1.40123e+02   -3.42403e+01    3.21908e-05

           Step           Time
         215000      430.00000

   Energies (kJ/mol)
            U-B    Proper Dih.  Improper Dih.      CMAP Dih.          LJ-14
    2.72547e+03    1.48719e+03    2.17890e+02   -3.79166e+02    9.90783e+02
     Coulomb-14        LJ (SR)  Disper. corr.   Coulomb (SR)   Coul. recip.
    1.76438e+04    2.87509e+05   -1.16876e+04   -2.23299e+06    6.32776e+03
      Potential    Kinetic En.   Total Energy  Conserved En.    Temperature
   -1.92815e+06    3.42133e+05   -1.58602e+06   -1.58281e+06    2.99769e+02
 Pres. DC (bar) Pressure (bar)   Constr. rmsd
   -1.40257e+02   -4.18123e+00    3.39947e-05

Writing checkpoint, step 216800 at Fri Dec 11 14:56:29 2020


           Step           Time
         220000      440.00000

   Energies (kJ/mol)
            U-B    Proper Dih.  Improper Dih.      CMAP Dih.          LJ-14
    2.60299e+03    1.50580e+03    1.79792e+02   -3.71524e+02    1.02555e+03
     Coulomb-14        LJ (SR)  Disper. corr.   Coulomb (SR)   Coul. recip.
    1.76671e+04    2.86531e+05   -1.16611e+04   -2.22852e+06    6.53619e+03
      Potential    Kinetic En.   Total Energy  Conserved En.    Temperature
   -1.92450e+06    3.43300e+05   -1.58120e+06   -1.58231e+06    3.00791e+02
 Pres. DC (bar) Pressure (bar)   Constr. rmsd
   -1.39621e+02   -1.45020e+01    3.10620e-05

           Step           Time
         225000      450.00000

   Energies (kJ/mol)
            U-B    Proper Dih.  Improper Dih.      CMAP Dih.          LJ-14
    2.69502e+03    1.49183e+03    1.63788e+02   -4.02909e+02    1.07706e+03
     Coulomb-14        LJ (SR)  Disper. corr.   Coulomb (SR)   Coul. recip.
    1.76637e+04    2.86854e+05   -1.17085e+04   -2.23034e+06    6.40174e+03
      Potential    Kinetic En.   Total Energy  Conserved En.    Temperature
   -1.92610e+06    3.42028e+05   -1.58407e+06   -1.58251e+06    2.99677e+02
 Pres. DC (bar) Pressure (bar)   Constr. rmsd
   -1.40758e+02    4.12870e+01    3.00655e-05

Writing checkpoint, step 227040 at Fri Dec 11 15:11:24 2020


           Step           Time
         230000      460.00000

   Energies (kJ/mol)
            U-B    Proper Dih.  Improper Dih.      CMAP Dih.          LJ-14
    2.78290e+03    1.51766e+03    1.61296e+02   -3.81124e+02    1.06985e+03
     Coulomb-14        LJ (SR)  Disper. corr.   Coulomb (SR)   Coul. recip.
    1.76161e+04    2.85704e+05   -1.16815e+04   -2.23038e+06    6.51603e+03
      Potential    Kinetic En.   Total Energy  Conserved En.    Temperature
   -1.92707e+06    3.42555e+05   -1.58452e+06   -1.58233e+06    3.00139e+02
 Pres. DC (bar) Pressure (bar)   Constr. rmsd
   -1.40110e+02   -6.93107e+01    3.25691e-05

           Step           Time
         235000      470.00000

   Energies (kJ/mol)
            U-B    Proper Dih.  Improper Dih.      CMAP Dih.          LJ-14
    2.64244e+03    1.49637e+03    1.71375e+02   -3.77081e+02    1.07513e+03
     Coulomb-14        LJ (SR)  Disper. corr.   Coulomb (SR)   Coul. recip.
    1.75190e+04    2.88709e+05   -1.16909e+04   -2.23454e+06    6.32587e+03
      Potential    Kinetic En.   Total Energy  Conserved En.    Temperature
   -1.92867e+06    3.43045e+05   -1.58562e+06   -1.58228e+06    3.00568e+02
 Pres. DC (bar) Pressure (bar)   Constr. rmsd
   -1.40336e+02    4.73514e+01    3.12905e-05

Writing checkpoint, step 236560 at Fri Dec 11 15:26:25 2020


           Step           Time
         240000      480.00000

   Energies (kJ/mol)
            U-B    Proper Dih.  Improper Dih.      CMAP Dih.          LJ-14
    2.65177e+03    1.49924e+03    1.77832e+02   -3.57906e+02    1.06673e+03
     Coulomb-14        LJ (SR)  Disper. corr.   Coulomb (SR)   Coul. recip.
    1.77326e+04    2.86943e+05   -1.16865e+04   -2.23184e+06    6.40428e+03
      Potential    Kinetic En.   Total Energy  Conserved En.    Temperature
   -1.92741e+06    3.41498e+05   -1.58592e+06   -1.58210e+06    2.99213e+02
 Pres. DC (bar) Pressure (bar)   Constr. rmsd
   -1.40230e+02   -2.09905e+01    3.20818e-05

           Step           Time
         245000      490.00000

   Energies (kJ/mol)
            U-B    Proper Dih.  Improper Dih.      CMAP Dih.          LJ-14
    2.70556e+03    1.52808e+03    1.65630e+02   -3.82476e+02    1.01589e+03
     Coulomb-14        LJ (SR)  Disper. corr.   Coulomb (SR)   Coul. recip.
    1.77346e+04    2.87838e+05   -1.16833e+04   -2.23036e+06    6.59048e+03
      Potential    Kinetic En.   Total Energy  Conserved En.    Temperature
   -1.92484e+06    3.41535e+05   -1.58331e+06   -1.58159e+06    2.99245e+02
 Pres. DC (bar) Pressure (bar)   Constr. rmsd
   -1.40154e+02    3.44521e+01    3.34024e-05

Writing checkpoint, step 247120 at Fri Dec 11 15:41:26 2020


           Step           Time
         250000      500.00000

   Energies (kJ/mol)
            U-B    Proper Dih.  Improper Dih.      CMAP Dih.          LJ-14
    2.53081e+03    1.42726e+03    1.78633e+02   -3.62499e+02    1.04567e+03
     Coulomb-14        LJ (SR)  Disper. corr.   Coulomb (SR)   Coul. recip.
    1.75808e+04    2.85898e+05   -1.16591e+04   -2.22862e+06    6.37003e+03
      Potential    Kinetic En.   Total Energy  Conserved En.    Temperature
   -1.92561e+06    3.43422e+05   -1.58219e+06   -1.58164e+06    3.00898e+02
 Pres. DC (bar) Pressure (bar)   Constr. rmsd
   -1.39573e+02   -4.75283e+01    2.65317e-05

           Step           Time
         255000      510.00000

   Energies (kJ/mol)
            U-B    Proper Dih.  Improper Dih.      CMAP Dih.          LJ-14
    2.66822e+03    1.50270e+03    1.73965e+02   -3.56887e+02    1.05050e+03
     Coulomb-14        LJ (SR)  Disper. corr.   Coulomb (SR)   Coul. recip.
    1.76665e+04    2.87255e+05   -1.16850e+04   -2.23138e+06    6.53818e+03
      Potential    Kinetic En.   Total Energy  Conserved En.    Temperature
   -1.92656e+06    3.42460e+05   -1.58410e+06   -1.58116e+06    3.00055e+02
 Pres. DC (bar) Pressure (bar)   Constr. rmsd
   -1.40195e+02    1.49247e+01    3.33753e-05

Writing checkpoint, step 257600 at Fri Dec 11 15:56:23 2020


           Step           Time
         260000      520.00000

   Energies (kJ/mol)
            U-B    Proper Dih.  Improper Dih.      CMAP Dih.          LJ-14
    2.81476e+03    1.55097e+03    2.10956e+02   -3.69661e+02    1.06093e+03
     Coulomb-14        LJ (SR)  Disper. corr.   Coulomb (SR)   Coul. recip.
    1.76230e+04    2.83242e+05   -1.16912e+04   -2.22533e+06    6.33843e+03
      Potential    Kinetic En.   Total Energy  Conserved En.    Temperature
   -1.92455e+06    3.40715e+05   -1.58383e+06   -1.58093e+06    2.98526e+02
 Pres. DC (bar) Pressure (bar)   Constr. rmsd
   -1.40342e+02   -9.89978e+01    3.07723e-05

           Step           Time
         265000      530.00000

   Energies (kJ/mol)
            U-B    Proper Dih.  Improper Dih.      CMAP Dih.          LJ-14
    2.86907e+03    1.43818e+03    1.89043e+02   -3.64243e+02    1.00553e+03
     Coulomb-14        LJ (SR)  Disper. corr.   Coulomb (SR)   Coul. recip.
    1.74345e+04    2.88204e+05   -1.17079e+04   -2.23195e+06    6.36629e+03
      Potential    Kinetic En.   Total Energy  Conserved En.    Temperature
   -1.92651e+06    3.42608e+05   -1.58390e+06   -1.58047e+06    3.00185e+02
 Pres. DC (bar) Pressure (bar)   Constr. rmsd
   -1.40743e+02    7.04999e+01    3.26426e-05

Writing checkpoint, step 268080 at Fri Dec 11 16:11:24 2020


           Step           Time
         270000      540.00000

   Energies (kJ/mol)
            U-B    Proper Dih.  Improper Dih.      CMAP Dih.          LJ-14
    2.74118e+03    1.51526e+03    1.84976e+02   -3.59526e+02    1.06835e+03
     Coulomb-14        LJ (SR)  Disper. corr.   Coulomb (SR)   Coul. recip.
    1.75999e+04    2.86223e+05   -1.16797e+04   -2.22783e+06    6.57107e+03
      Potential    Kinetic En.   Total Energy  Conserved En.    Temperature
   -1.92396e+06    3.41247e+05   -1.58271e+06   -1.58066e+06    2.98993e+02
 Pres. DC (bar) Pressure (bar)   Constr. rmsd
   -1.40067e+02    8.10815e+00    3.17517e-05

           Step           Time
         275000      550.00000

   Energies (kJ/mol)
            U-B    Proper Dih.  Improper Dih.      CMAP Dih.          LJ-14
    2.79868e+03    1.44395e+03    1.71866e+02   -3.42401e+02    1.04751e+03
     Coulomb-14        LJ (SR)  Disper. corr.   Coulomb (SR)   Coul. recip.
    1.75379e+04    2.88127e+05   -1.16857e+04   -2.23102e+06    6.36146e+03
      Potential    Kinetic En.   Total Energy  Conserved En.    Temperature
   -1.92556e+06    3.42862e+05   -1.58270e+06   -1.58011e+06    3.00408e+02
 Pres. DC (bar) Pressure (bar)   Constr. rmsd
   -1.40210e+02    6.54860e+01    3.17889e-05

Writing checkpoint, step 278560 at Fri Dec 11 16:26:23 2020


           Step           Time
         280000      560.00000

   Energies (kJ/mol)
            U-B    Proper Dih.  Improper Dih.      CMAP Dih.          LJ-14
    2.65263e+03    1.52108e+03    1.95269e+02   -3.73368e+02    1.05789e+03
     Coulomb-14        LJ (SR)  Disper. corr.   Coulomb (SR)   Coul. recip.
    1.76176e+04    2.88039e+05   -1.16777e+04   -2.23172e+06    6.46209e+03
      Potential    Kinetic En.   Total Energy  Conserved En.    Temperature
   -1.92622e+06    3.42534e+05   -1.58369e+06   -1.57957e+06    3.00120e+02
 Pres. DC (bar) Pressure (bar)   Constr. rmsd
   -1.40019e+02    2.64364e+01    3.03813e-05

           Step           Time
         285000      570.00000

   Energies (kJ/mol)
            U-B    Proper Dih.  Improper Dih.      CMAP Dih.          LJ-14
    2.64012e+03    1.42521e+03    1.72909e+02   -3.52576e+02    1.05326e+03
     Coulomb-14        LJ (SR)  Disper. corr.   Coulomb (SR)   Coul. recip.
    1.75496e+04    2.87260e+05   -1.16780e+04   -2.22946e+06    6.40516e+03
      Potential    Kinetic En.   Total Energy  Conserved En.    Temperature
   -1.92499e+06    3.44399e+05   -1.58059e+06   -1.57952e+06    3.01754e+02
 Pres. DC (bar) Pressure (bar)   Constr. rmsd
   -1.40026e+02    4.41195e+01    2.92486e-05

Writing checkpoint, step 288720 at Fri Dec 11 16:41:24 2020


           Step           Time
         290000      580.00000

   Energies (kJ/mol)
            U-B    Proper Dih.  Improper Dih.      CMAP Dih.          LJ-14
    2.63748e+03    1.42621e+03    1.90850e+02   -3.68934e+02    1.06348e+03
     Coulomb-14        LJ (SR)  Disper. corr.   Coulomb (SR)   Coul. recip.
    1.75124e+04    2.87153e+05   -1.16927e+04   -2.23126e+06    6.44497e+03
      Potential    Kinetic En.   Total Energy  Conserved En.    Temperature
   -1.92689e+06    3.42831e+05   -1.58406e+06   -1.57936e+06    3.00381e+02
 Pres. DC (bar) Pressure (bar)   Constr. rmsd
   -1.40378e+02    2.90410e+01    2.82184e-05

           Step           Time
         295000      590.00000

   Energies (kJ/mol)
            U-B    Proper Dih.  Improper Dih.      CMAP Dih.          LJ-14
    2.57477e+03    1.45793e+03    2.24879e+02   -3.74972e+02    1.06443e+03
     Coulomb-14        LJ (SR)  Disper. corr.   Coulomb (SR)   Coul. recip.
    1.75326e+04    2.87268e+05   -1.16830e+04   -2.23271e+06    6.37182e+03
      Potential    Kinetic En.   Total Energy  Conserved En.    Temperature
   -1.92827e+06    3.41592e+05   -1.58668e+06   -1.57906e+06    2.99295e+02
 Pres. DC (bar) Pressure (bar)   Constr. rmsd
   -1.40146e+02   -9.01047e-01    3.13447e-05

Writing checkpoint, step 298400 at Fri Dec 11 16:56:30 2020


           Step           Time
         300000      600.00000

   Energies (kJ/mol)
            U-B    Proper Dih.  Improper Dih.      CMAP Dih.          LJ-14
    2.73655e+03    1.51544e+03    1.80904e+02   -3.48280e+02    1.07420e+03
     Coulomb-14        LJ (SR)  Disper. corr.   Coulomb (SR)   Coul. recip.
    1.75329e+04    2.86879e+05   -1.16713e+04   -2.22812e+06    6.46440e+03
      Potential    Kinetic En.   Total Energy  Conserved En.    Temperature
   -1.92375e+06    3.43167e+05   -1.58059e+06   -1.57921e+06    3.00675e+02
 Pres. DC (bar) Pressure (bar)   Constr. rmsd
   -1.39866e+02    6.77927e+00    3.17291e-05

           Step           Time
         305000      610.00000

   Energies (kJ/mol)
            U-B    Proper Dih.  Improper Dih.      CMAP Dih.          LJ-14
    2.64970e+03    1.48885e+03    1.68450e+02   -3.72277e+02    1.04542e+03
     Coulomb-14        LJ (SR)  Disper. corr.   Coulomb (SR)   Coul. recip.
    1.76229e+04    2.86826e+05   -1.16799e+04   -2.23181e+06    6.46960e+03
      Potential    Kinetic En.   Total Energy  Conserved En.    Temperature
   -1.92759e+06    3.42899e+05   -1.58469e+06   -1.57871e+06    3.00440e+02
 Pres. DC (bar) Pressure (bar)   Constr. rmsd
   -1.40072e+02   -1.24684e+01    2.96487e-05

Writing checkpoint, step 309040 at Fri Dec 11 17:11:30 2020


           Step           Time
         310000      620.00000

   Energies (kJ/mol)
            U-B    Proper Dih.  Improper Dih.      CMAP Dih.          LJ-14
    2.86118e+03    1.48017e+03    2.03996e+02   -3.33910e+02    1.06008e+03
     Coulomb-14        LJ (SR)  Disper. corr.   Coulomb (SR)   Coul. recip.
    1.76104e+04    2.86144e+05   -1.16628e+04   -2.22932e+06    6.34406e+03
      Potential    Kinetic En.   Total Energy  Conserved En.    Temperature
   -1.92562e+06    3.42799e+05   -1.58282e+06   -1.57895e+06    3.00353e+02
 Pres. DC (bar) Pressure (bar)   Constr. rmsd
   -1.39661e+02   -5.06079e+01    3.12555e-05

           Step           Time
         315000      630.00000

   Energies (kJ/mol)
            U-B    Proper Dih.  Improper Dih.      CMAP Dih.          LJ-14
    2.54735e+03    1.47454e+03    1.68610e+02   -3.55333e+02    1.01260e+03
     Coulomb-14        LJ (SR)  Disper. corr.   Coulomb (SR)   Coul. recip.
    1.73788e+04    2.88799e+05   -1.16919e+04   -2.23527e+06    6.31694e+03
      Potential    Kinetic En.   Total Energy  Conserved En.    Temperature
   -1.92961e+06    3.42354e+05   -1.58726e+06   -1.57872e+06    2.99963e+02
 Pres. DC (bar) Pressure (bar)   Constr. rmsd
   -1.40359e+02    2.86176e+01    3.13768e-05

Writing checkpoint, step 319520 at Fri Dec 11 17:26:23 2020


           Step           Time
         320000      640.00000

   Energies (kJ/mol)
            U-B    Proper Dih.  Improper Dih.      CMAP Dih.          LJ-14
    2.50491e+03    1.39630e+03    1.65753e+02   -3.53925e+02    1.05606e+03
     Coulomb-14        LJ (SR)  Disper. corr.   Coulomb (SR)   Coul. recip.
    1.76362e+04    2.91614e+05   -1.16917e+04   -2.23655e+06    6.35737e+03
      Potential    Kinetic En.   Total Energy  Conserved En.    Temperature
   -1.92787e+06    3.42080e+05   -1.58579e+06   -1.57836e+06    2.99723e+02
 Pres. DC (bar) Pressure (bar)   Constr. rmsd
   -1.40355e+02    1.53567e+02    3.11555e-05

           Step           Time
         325000      650.00000

   Energies (kJ/mol)
            U-B    Proper Dih.  Improper Dih.      CMAP Dih.          LJ-14
    2.72896e+03    1.57561e+03    2.11969e+02   -3.36466e+02    1.04612e+03
     Coulomb-14        LJ (SR)  Disper. corr.   Coulomb (SR)   Coul. recip.
    1.74687e+04    2.89830e+05   -1.16922e+04   -2.23378e+06    6.35466e+03
      Potential    Kinetic En.   Total Energy  Conserved En.    Temperature
   -1.92660e+06    3.40874e+05   -1.58572e+06   -1.57876e+06    2.98666e+02
 Pres. DC (bar) Pressure (bar)   Constr. rmsd
   -1.40367e+02    1.04523e+02    3.17415e-05

           Step           Time
         330000      660.00000

Writing checkpoint, step 330000 at Fri Dec 11 17:41:28 2020


   Energies (kJ/mol)
            U-B    Proper Dih.  Improper Dih.      CMAP Dih.          LJ-14
    2.62456e+03    1.44774e+03    2.17232e+02   -3.16053e+02    1.04297e+03
     Coulomb-14        LJ (SR)  Disper. corr.   Coulomb (SR)   Coul. recip.
    1.75088e+04    2.86231e+05   -1.16624e+04   -2.22773e+06    6.38550e+03
      Potential    Kinetic En.   Total Energy  Conserved En.    Temperature
   -1.92426e+06    3.43219e+05   -1.58104e+06   -1.57846e+06    3.00721e+02
 Pres. DC (bar) Pressure (bar)   Constr. rmsd
   -1.39652e+02   -2.31478e+01    2.84138e-05

           Step           Time
         335000      670.00000

   Energies (kJ/mol)
            U-B    Proper Dih.  Improper Dih.      CMAP Dih.          LJ-14
    2.62860e+03    1.42066e+03    1.55455e+02   -3.60143e+02    1.08582e+03
     Coulomb-14        LJ (SR)  Disper. corr.   Coulomb (SR)   Coul. recip.
    1.76282e+04    2.86826e+05   -1.16890e+04   -2.22999e+06    6.35074e+03
      Potential    Kinetic En.   Total Energy  Conserved En.    Temperature
   -1.92594e+06    3.44482e+05   -1.58146e+06   -1.57772e+06    3.01827e+02
 Pres. DC (bar) Pressure (bar)   Constr. rmsd
   -1.40289e+02    3.22800e+01    3.01996e-05

           Step           Time
         340000      680.00000

   Energies (kJ/mol)
            U-B    Proper Dih.  Improper Dih.      CMAP Dih.          LJ-14
    2.69312e+03    1.47046e+03    1.82482e+02   -3.47576e+02    1.01854e+03
     Coulomb-14        LJ (SR)  Disper. corr.   Coulomb (SR)   Coul. recip.
    1.75198e+04    2.83230e+05   -1.16609e+04   -2.22638e+06    6.55336e+03
      Potential    Kinetic En.   Total Energy  Conserved En.    Temperature
   -1.92572e+06    3.41409e+05   -1.58431e+06   -1.57769e+06    2.99135e+02
 Pres. DC (bar) Pressure (bar)   Constr. rmsd
   -1.39616e+02   -1.68243e+02    3.24442e-05

Writing checkpoint, step 340320 at Fri Dec 11 17:56:26 2020


           Step           Time
         345000      690.00000

   Energies (kJ/mol)
            U-B    Proper Dih.  Improper Dih.      CMAP Dih.          LJ-14
    2.77628e+03    1.46064e+03    2.14724e+02   -3.88009e+02    1.04709e+03
     Coulomb-14        LJ (SR)  Disper. corr.   Coulomb (SR)   Coul. recip.
    1.74793e+04    2.87475e+05   -1.16627e+04   -2.22882e+06    6.45074e+03
      Potential    Kinetic En.   Total Energy  Conserved En.    Temperature
   -1.92396e+06    3.43972e+05   -1.57999e+06   -1.57696e+06    3.01380e+02
 Pres. DC (bar) Pressure (bar)   Constr. rmsd
   -1.39660e+02    6.38732e+01    3.10882e-05

           Step           Time
         350000      700.00000

   Energies (kJ/mol)
            U-B    Proper Dih.  Improper Dih.      CMAP Dih.          LJ-14
    2.68682e+03    1.49378e+03    2.00655e+02   -3.41603e+02    1.05068e+03
     Coulomb-14        LJ (SR)  Disper. corr.   Coulomb (SR)   Coul. recip.
    1.74820e+04    2.85882e+05   -1.16701e+04   -2.23002e+06    6.45500e+03
      Potential    Kinetic En.   Total Energy  Conserved En.    Temperature
   -1.92678e+06    3.42008e+05   -1.58477e+06   -1.57708e+06    2.99659e+02
 Pres. DC (bar) Pressure (bar)   Constr. rmsd
   -1.39837e+02   -7.40486e+01    3.02996e-05

Writing checkpoint, step 350640 at Fri Dec 11 18:11:29 2020


           Step           Time
         355000      710.00000

   Energies (kJ/mol)
            U-B    Proper Dih.  Improper Dih.      CMAP Dih.          LJ-14
    2.53032e+03    1.44721e+03    1.46156e+02   -3.53917e+02    1.04673e+03
     Coulomb-14        LJ (SR)  Disper. corr.   Coulomb (SR)   Coul. recip.
    1.75431e+04    2.86452e+05   -1.16900e+04   -2.22872e+06    6.30147e+03
      Potential    Kinetic En.   Total Energy  Conserved En.    Temperature
   -1.92530e+06    3.42300e+05   -1.58300e+06   -1.57683e+06    2.99916e+02
 Pres. DC (bar) Pressure (bar)   Constr. rmsd
   -1.40314e+02    1.31895e+01    3.41248e-05

           Step           Time
         360000      720.00000

   Energies (kJ/mol)
            U-B    Proper Dih.  Improper Dih.      CMAP Dih.          LJ-14
    2.98004e+03    1.46775e+03    1.71597e+02   -3.60570e+02    1.01551e+03
     Coulomb-14        LJ (SR)  Disper. corr.   Coulomb (SR)   Coul. recip.
    1.74687e+04    2.82883e+05   -1.17145e+04   -2.22601e+06    6.43658e+03
      Potential    Kinetic En.   Total Energy  Conserved En.    Temperature
   -1.92566e+06    3.42037e+05   -1.58363e+06   -1.57682e+06    2.99685e+02
 Pres. DC (bar) Pressure (bar)   Constr. rmsd
   -1.40903e+02   -1.40244e+02    3.67872e-05

Writing checkpoint, step 360960 at Fri Dec 11 18:26:27 2020


           Step           Time
         365000      730.00000

   Energies (kJ/mol)
            U-B    Proper Dih.  Improper Dih.      CMAP Dih.          LJ-14
    2.62780e+03    1.43382e+03    1.60615e+02   -3.54034e+02    1.07594e+03
     Coulomb-14        LJ (SR)  Disper. corr.   Coulomb (SR)   Coul. recip.
    1.76422e+04    2.85170e+05   -1.16536e+04   -2.22710e+06    6.50391e+03
      Potential    Kinetic En.   Total Energy  Conserved En.    Temperature
   -1.92449e+06    3.42259e+05   -1.58224e+06   -1.57702e+06    2.99880e+02
 Pres. DC (bar) Pressure (bar)   Constr. rmsd
   -1.39441e+02   -5.36071e+01    3.05095e-05

           Step           Time
         370000      740.00000

   Energies (kJ/mol)
            U-B    Proper Dih.  Improper Dih.      CMAP Dih.          LJ-14
    2.67155e+03    1.45627e+03    2.06732e+02   -3.72585e+02    1.07657e+03
     Coulomb-14        LJ (SR)  Disper. corr.   Coulomb (SR)   Coul. recip.
    1.75916e+04    2.89085e+05   -1.17142e+04   -2.23079e+06    6.33554e+03
      Potential    Kinetic En.   Total Energy  Conserved En.    Temperature
   -1.92446e+06    3.44318e+05   -1.58014e+06   -1.57630e+06    3.01684e+02
 Pres. DC (bar) Pressure (bar)   Constr. rmsd
   -1.40895e+02    1.75151e+02    3.03326e-05

Writing checkpoint, step 371280 at Fri Dec 11 18:41:27 2020


           Step           Time
         375000      750.00000

   Energies (kJ/mol)
            U-B    Proper Dih.  Improper Dih.      CMAP Dih.          LJ-14
    2.67641e+03    1.45990e+03    1.75022e+02   -3.60829e+02    1.03223e+03
     Coulomb-14        LJ (SR)  Disper. corr.   Coulomb (SR)   Coul. recip.
    1.75451e+04    2.85761e+05   -1.17077e+04   -2.22702e+06    6.47497e+03
      Potential    Kinetic En.   Total Energy  Conserved En.    Temperature
   -1.92397e+06    3.41979e+05   -1.58199e+06   -1.57632e+06    2.99634e+02
 Pres. DC (bar) Pressure (bar)   Constr. rmsd
   -1.40738e+02   -3.64876e+00    3.16732e-05

           Step           Time
         380000      760.00000

   Energies (kJ/mol)
            U-B    Proper Dih.  Improper Dih.      CMAP Dih.          LJ-14
    2.61268e+03    1.47734e+03    1.73127e+02   -3.47795e+02    1.09794e+03
     Coulomb-14        LJ (SR)  Disper. corr.   Coulomb (SR)   Coul. recip.
    1.76341e+04    2.89052e+05   -1.16752e+04   -2.22993e+06    6.40973e+03
      Potential    Kinetic En.   Total Energy  Conserved En.    Temperature
   -1.92349e+06    3.41024e+05   -1.58247e+06   -1.57646e+06    2.98797e+02
 Pres. DC (bar) Pressure (bar)   Constr. rmsd
   -1.39958e+02    1.34797e+02    2.53512e-05

Writing checkpoint, step 381680 at Fri Dec 11 18:56:26 2020


           Step           Time
         385000      770.00000

   Energies (kJ/mol)
            U-B    Proper Dih.  Improper Dih.      CMAP Dih.          LJ-14
    2.50382e+03    1.44730e+03    1.73190e+02   -3.65642e+02    1.05120e+03
     Coulomb-14        LJ (SR)  Disper. corr.   Coulomb (SR)   Coul. recip.
    1.76155e+04    2.89910e+05   -1.16864e+04   -2.23281e+06    6.39809e+03
      Potential    Kinetic En.   Total Energy  Conserved En.    Temperature
   -1.92576e+06    3.43504e+05   -1.58226e+06   -1.57586e+06    3.00970e+02
 Pres. DC (bar) Pressure (bar)   Constr. rmsd
   -1.40228e+02    1.49786e+02    3.15663e-05

           Step           Time
         390000      780.00000

   Energies (kJ/mol)
            U-B    Proper Dih.  Improper Dih.      CMAP Dih.          LJ-14
    2.69060e+03    1.50106e+03    1.75193e+02   -3.64134e+02    1.03906e+03
     Coulomb-14        LJ (SR)  Disper. corr.   Coulomb (SR)   Coul. recip.
    1.74790e+04    2.87057e+05   -1.16598e+04   -2.23123e+06    6.46579e+03
      Potential    Kinetic En.   Total Energy  Conserved En.    Temperature
   -1.92684e+06    3.42183e+05   -1.58466e+06   -1.57548e+06    2.99813e+02
 Pres. DC (bar) Pressure (bar)   Constr. rmsd
   -1.39591e+02   -4.17265e+01    3.11665e-05

Writing checkpoint, step 392000 at Fri Dec 11 19:11:24 2020


           Step           Time
         395000      790.00000

   Energies (kJ/mol)
            U-B    Proper Dih.  Improper Dih.      CMAP Dih.          LJ-14
    2.50321e+03    1.47746e+03    1.70006e+02   -3.65542e+02    1.07467e+03
     Coulomb-14        LJ (SR)  Disper. corr.   Coulomb (SR)   Coul. recip.
    1.75562e+04    2.86044e+05   -1.16666e+04   -2.22956e+06    6.40826e+03
      Potential    Kinetic En.   Total Energy  Conserved En.    Temperature
   -1.92636e+06    3.43541e+05   -1.58281e+06   -1.57576e+06    3.01003e+02
 Pres. DC (bar) Pressure (bar)   Constr. rmsd
   -1.39753e+02   -2.57017e+01    2.69857e-05

           Step           Time
         400000      800.00000

   Energies (kJ/mol)
            U-B    Proper Dih.  Improper Dih.      CMAP Dih.          LJ-14
    2.98221e+03    1.51232e+03    2.32823e+02   -3.32119e+02    1.10509e+03
     Coulomb-14        LJ (SR)  Disper. corr.   Coulomb (SR)   Coul. recip.
    1.73726e+04    2.86630e+05   -1.17139e+04   -2.23433e+06    6.33769e+03
      Potential    Kinetic En.   Total Energy  Conserved En.    Temperature
   -1.93021e+06    3.42754e+05   -1.58745e+06   -1.57523e+06    3.00313e+02
 Pres. DC (bar) Pressure (bar)   Constr. rmsd
   -1.40888e+02   -2.53768e+01    2.92781e-05

Writing checkpoint, step 402480 at Fri Dec 11 19:26:29 2020


           Step           Time
         405000      810.00000

   Energies (kJ/mol)
            U-B    Proper Dih.  Improper Dih.      CMAP Dih.          LJ-14
    2.95008e+03    1.52139e+03    1.86286e+02   -3.72039e+02    9.87397e+02
     Coulomb-14        LJ (SR)  Disper. corr.   Coulomb (SR)   Coul. recip.
    1.72951e+04    2.88056e+05   -1.16825e+04   -2.23260e+06    6.45107e+03
      Potential    Kinetic En.   Total Energy  Conserved En.    Temperature
   -1.92720e+06    3.43345e+05   -1.58386e+06   -1.57455e+06    3.00831e+02
 Pres. DC (bar) Pressure (bar)   Constr. rmsd
   -1.40134e+02    5.56291e+00    3.53739e-05

           Step           Time
         410000      820.00000

   Energies (kJ/mol)
            U-B    Proper Dih.  Improper Dih.      CMAP Dih.          LJ-14
    2.81794e+03    1.50199e+03    1.95434e+02   -3.21715e+02    1.06690e+03
     Coulomb-14        LJ (SR)  Disper. corr.   Coulomb (SR)   Coul. recip.
    1.76037e+04    2.85207e+05   -1.16791e+04   -2.22713e+06    6.53827e+03
      Potential    Kinetic En.   Total Energy  Conserved En.    Temperature
   -1.92420e+06    3.41698e+05   -1.58250e+06   -1.57452e+06    2.99388e+02
 Pres. DC (bar) Pressure (bar)   Constr. rmsd
   -1.40053e+02   -2.25678e+01    3.07268e-05

Writing checkpoint, step 412800 at Fri Dec 11 19:41:25 2020


           Step           Time
         415000      830.00000

   Energies (kJ/mol)
            U-B    Proper Dih.  Improper Dih.      CMAP Dih.          LJ-14
    2.47422e+03    1.41482e+03    1.73142e+02   -3.52334e+02    1.02181e+03
     Coulomb-14        LJ (SR)  Disper. corr.   Coulomb (SR)   Coul. recip.
    1.74950e+04    2.87364e+05   -1.16853e+04   -2.23308e+06    6.39822e+03
      Potential    Kinetic En.   Total Energy  Conserved En.    Temperature
   -1.92878e+06    3.42575e+05   -1.58620e+06   -1.57411e+06    3.00156e+02
 Pres. DC (bar) Pressure (bar)   Constr. rmsd
   -1.40200e+02   -2.15941e+01    2.86560e-05

           Step           Time
         420000      840.00000

   Energies (kJ/mol)
            U-B    Proper Dih.  Improper Dih.      CMAP Dih.          LJ-14
    2.71951e+03    1.58036e+03    1.89013e+02   -3.86047e+02    1.05015e+03
     Coulomb-14        LJ (SR)  Disper. corr.   Coulomb (SR)   Coul. recip.
    1.74879e+04    2.86574e+05   -1.16710e+04   -2.22976e+06    6.45176e+03
      Potential    Kinetic En.   Total Energy  Conserved En.    Temperature
   -1.92576e+06    3.42243e+05   -1.58352e+06   -1.57365e+06    2.99865e+02
 Pres. DC (bar) Pressure (bar)   Constr. rmsd
   -1.39860e+02    2.47205e+00    2.83543e-05

Writing checkpoint, step 423280 at Fri Dec 11 19:56:29 2020


           Step           Time
         425000      850.00000

   Energies (kJ/mol)
            U-B    Proper Dih.  Improper Dih.      CMAP Dih.          LJ-14
    2.80992e+03    1.52792e+03    1.84876e+02   -3.56019e+02    1.08422e+03
     Coulomb-14        LJ (SR)  Disper. corr.   Coulomb (SR)   Coul. recip.
    1.75832e+04    2.88579e+05   -1.16852e+04   -2.23135e+06    6.55503e+03
      Potential    Kinetic En.   Total Energy  Conserved En.    Temperature
   -1.92507e+06    3.43043e+05   -1.58203e+06   -1.57317e+06    3.00566e+02
 Pres. DC (bar) Pressure (bar)   Constr. rmsd
   -1.40199e+02    9.35025e+01    3.27759e-05

           Step           Time
         430000      860.00000

   Energies (kJ/mol)
            U-B    Proper Dih.  Improper Dih.      CMAP Dih.          LJ-14
    2.67484e+03    1.46032e+03    1.61201e+02   -3.51997e+02    1.03177e+03
     Coulomb-14        LJ (SR)  Disper. corr.   Coulomb (SR)   Coul. recip.
    1.75035e+04    2.84679e+05   -1.16659e+04   -2.22446e+06    6.47712e+03
      Potential    Kinetic En.   Total Energy  Conserved En.    Temperature
   -1.92249e+06    3.43588e+05   -1.57890e+06   -1.57292e+06    3.01044e+02
 Pres. DC (bar) Pressure (bar)   Constr. rmsd
   -1.39737e+02   -4.89020e+01    3.09379e-05

Writing checkpoint, step 433600 at Fri Dec 11 20:11:29 2020


           Step           Time
         435000      870.00000

   Energies (kJ/mol)
            U-B    Proper Dih.  Improper Dih.      CMAP Dih.          LJ-14
    2.67147e+03    1.50540e+03    2.11019e+02   -3.50803e+02    9.84086e+02
     Coulomb-14        LJ (SR)  Disper. corr.   Coulomb (SR)   Coul. recip.
    1.75309e+04    2.86890e+05   -1.16954e+04   -2.23043e+06    6.42111e+03
      Potential    Kinetic En.   Total Energy  Conserved En.    Temperature
   -1.92627e+06    3.42464e+05   -1.58380e+06   -1.57286e+06    3.00059e+02
 Pres. DC (bar) Pressure (bar)   Constr. rmsd
   -1.40444e+02    2.38466e+00    3.15675e-05

           Step           Time
         440000      880.00000

   Energies (kJ/mol)
            U-B    Proper Dih.  Improper Dih.      CMAP Dih.          LJ-14
    2.65886e+03    1.52079e+03    1.86092e+02   -3.45100e+02    1.03418e+03
     Coulomb-14        LJ (SR)  Disper. corr.   Coulomb (SR)   Coul. recip.
    1.75334e+04    2.86841e+05   -1.16857e+04   -2.23298e+06    6.44615e+03
      Potential    Kinetic En.   Total Energy  Conserved En.    Temperature
   -1.92879e+06    3.42847e+05   -1.58595e+06   -1.57239e+06    3.00395e+02
 Pres. DC (bar) Pressure (bar)   Constr. rmsd
   -1.40211e+02   -5.03362e+01    3.12919e-05

Writing checkpoint, step 444000 at Fri Dec 11 20:26:27 2020


           Step           Time
         445000      890.00000

   Energies (kJ/mol)
            U-B    Proper Dih.  Improper Dih.      CMAP Dih.          LJ-14
    2.67374e+03    1.47872e+03    2.09676e+02   -3.37263e+02    1.04389e+03
     Coulomb-14        LJ (SR)  Disper. corr.   Coulomb (SR)   Coul. recip.
    1.75107e+04    2.86665e+05   -1.16947e+04   -2.22958e+06    6.36681e+03
      Potential    Kinetic En.   Total Energy  Conserved En.    Temperature
   -1.92566e+06    3.41121e+05   -1.58454e+06   -1.57236e+06    2.98883e+02
 Pres. DC (bar) Pressure (bar)   Constr. rmsd
   -1.40427e+02   -4.13734e+00    3.19452e-05

           Step           Time
         450000      900.00000

   Energies (kJ/mol)
            U-B    Proper Dih.  Improper Dih.      CMAP Dih.          LJ-14
    2.88497e+03    1.48982e+03    2.29715e+02   -3.46937e+02    1.03729e+03
     Coulomb-14        LJ (SR)  Disper. corr.   Coulomb (SR)   Coul. recip.
    1.74999e+04    2.86291e+05   -1.16719e+04   -2.22790e+06    6.38171e+03
      Potential    Kinetic En.   Total Energy  Conserved En.    Temperature
   -1.92411e+06    3.42449e+05   -1.58166e+06   -1.57210e+06    3.00046e+02
 Pres. DC (bar) Pressure (bar)   Constr. rmsd
   -1.39881e+02    4.47423e+00    3.06334e-05

Writing checkpoint, step 454400 at Fri Dec 11 20:41:27 2020


           Step           Time
         455000      910.00000

   Energies (kJ/mol)
            U-B    Proper Dih.  Improper Dih.      CMAP Dih.          LJ-14
    2.74718e+03    1.52621e+03    1.84079e+02   -3.63520e+02    1.06485e+03
     Coulomb-14        LJ (SR)  Disper. corr.   Coulomb (SR)   Coul. recip.
    1.74794e+04    2.86808e+05   -1.16754e+04   -2.22884e+06    6.54781e+03
      Potential    Kinetic En.   Total Energy  Conserved En.    Temperature
   -1.92452e+06    3.42996e+05   -1.58153e+06   -1.57191e+06    3.00525e+02
 Pres. DC (bar) Pressure (bar)   Constr. rmsd
   -1.39963e+02    3.82822e+01    2.95537e-05

           Step           Time
         460000      920.00000

   Energies (kJ/mol)
            U-B    Proper Dih.  Improper Dih.      CMAP Dih.          LJ-14
    2.62606e+03    1.48698e+03    1.74371e+02   -3.58093e+02    1.07186e+03
     Coulomb-14        LJ (SR)  Disper. corr.   Coulomb (SR)   Coul. recip.
    1.75317e+04    2.87187e+05   -1.16712e+04   -2.22914e+06    6.42264e+03
      Potential    Kinetic En.   Total Energy  Conserved En.    Temperature
   -1.92467e+06    3.44146e+05   -1.58053e+06   -1.57148e+06    3.01533e+02
 Pres. DC (bar) Pressure (bar)   Constr. rmsd
   -1.39864e+02    2.33164e+01    3.09175e-05

Writing checkpoint, step 464960 at Fri Dec 11 20:56:26 2020


           Step           Time
         465000      930.00000

   Energies (kJ/mol)
            U-B    Proper Dih.  Improper Dih.      CMAP Dih.          LJ-14
    2.68323e+03    1.53609e+03    2.08051e+02   -3.24007e+02    1.06646e+03
     Coulomb-14        LJ (SR)  Disper. corr.   Coulomb (SR)   Coul. recip.
    1.75972e+04    2.87094e+05   -1.17043e+04   -2.23226e+06    6.36039e+03
      Potential    Kinetic En.   Total Energy  Conserved En.    Temperature
   -1.92774e+06    3.42620e+05   -1.58512e+06   -1.57151e+06    3.00196e+02
 Pres. DC (bar) Pressure (bar)   Constr. rmsd
   -1.40657e+02   -1.31587e+00    3.10697e-05

           Step           Time
         470000      940.00000

   Energies (kJ/mol)
            U-B    Proper Dih.  Improper Dih.      CMAP Dih.          LJ-14
    2.52753e+03    1.48334e+03    1.67830e+02   -3.73616e+02    1.04293e+03
     Coulomb-14        LJ (SR)  Disper. corr.   Coulomb (SR)   Coul. recip.
    1.75427e+04    2.88508e+05   -1.16648e+04   -2.23411e+06    6.33862e+03
      Potential    Kinetic En.   Total Energy  Conserved En.    Temperature
   -1.92854e+06    3.43958e+05   -1.58458e+06   -1.57068e+06    3.01368e+02
 Pres. DC (bar) Pressure (bar)   Constr. rmsd
   -1.39710e+02   -4.86609e+00    3.00149e-05

           Step           Time
         475000      950.00000

   Energies (kJ/mol)
            U-B    Proper Dih.  Improper Dih.      CMAP Dih.          LJ-14
    2.78218e+03    1.45831e+03    1.67864e+02   -3.57195e+02    9.87920e+02
     Coulomb-14        LJ (SR)  Disper. corr.   Coulomb (SR)   Coul. recip.
    1.75382e+04    2.87440e+05   -1.16888e+04   -2.23089e+06    6.42369e+03
      Potential    Kinetic En.   Total Energy  Conserved En.    Temperature
   -1.92614e+06    3.42906e+05   -1.58323e+06   -1.57092e+06    3.00446e+02
 Pres. DC (bar) Pressure (bar)   Constr. rmsd
   -1.40285e+02    3.51831e+01    2.91861e-05

Writing checkpoint, step 475440 at Fri Dec 11 21:11:28 2020


           Step           Time
         480000      960.00000

   Energies (kJ/mol)
            U-B    Proper Dih.  Improper Dih.      CMAP Dih.          LJ-14
    2.70752e+03    1.50039e+03    1.96450e+02   -3.81249e+02    1.04564e+03
     Coulomb-14        LJ (SR)  Disper. corr.   Coulomb (SR)   Coul. recip.
    1.76112e+04    2.87090e+05   -1.16866e+04   -2.23087e+06    6.37898e+03
      Potential    Kinetic En.   Total Energy  Conserved En.    Temperature
   -1.92641e+06    3.42256e+05   -1.58415e+06   -1.57108e+06    2.99877e+02
 Pres. DC (bar) Pressure (bar)   Constr. rmsd
   -1.40233e+02   -4.35335e+00    3.02254e-05

           Step           Time
         485000      970.00000

   Energies (kJ/mol)
            U-B    Proper Dih.  Improper Dih.      CMAP Dih.          LJ-14
    2.66035e+03    1.49333e+03    1.85387e+02   -3.58530e+02    1.06780e+03
     Coulomb-14        LJ (SR)  Disper. corr.   Coulomb (SR)   Coul. recip.
    1.75932e+04    2.87552e+05   -1.16761e+04   -2.23117e+06    6.47595e+03
      Potential    Kinetic En.   Total Energy  Conserved En.    Temperature
   -1.92618e+06    3.41551e+05   -1.58463e+06   -1.57074e+06    2.99259e+02
 Pres. DC (bar) Pressure (bar)   Constr. rmsd
   -1.39980e+02    2.72231e+01    3.13849e-05

Writing checkpoint, step 485680 at Fri Dec 11 21:26:25 2020


           Step           Time
         490000      980.00000

   Energies (kJ/mol)
            U-B    Proper Dih.  Improper Dih.      CMAP Dih.          LJ-14
    2.75168e+03    1.46679e+03    1.41981e+02   -3.73653e+02    1.07376e+03
     Coulomb-14        LJ (SR)  Disper. corr.   Coulomb (SR)   Coul. recip.
    1.75750e+04    2.84101e+05   -1.16753e+04   -2.22469e+06    6.40853e+03
      Potential    Kinetic En.   Total Energy  Conserved En.    Temperature
   -1.92322e+06    3.43620e+05   -1.57960e+06   -1.57032e+06    3.01072e+02
 Pres. DC (bar) Pressure (bar)   Constr. rmsd
   -1.39962e+02   -2.50712e+01    2.99473e-05

           Step           Time
         495000      990.00000

   Energies (kJ/mol)
            U-B    Proper Dih.  Improper Dih.      CMAP Dih.          LJ-14
    2.75037e+03    1.48988e+03    1.77112e+02   -3.56780e+02    1.03545e+03
     Coulomb-14        LJ (SR)  Disper. corr.   Coulomb (SR)   Coul. recip.
    1.74330e+04    2.85742e+05   -1.16597e+04   -2.22582e+06    6.54105e+03
      Potential    Kinetic En.   Total Energy  Conserved En.    Temperature
   -1.92266e+06    3.41558e+05   -1.58111e+06   -1.57021e+06    2.99265e+02
 Pres. DC (bar) Pressure (bar)   Constr. rmsd
   -1.39588e+02   -2.72833e+01    3.17889e-05

Writing checkpoint, step 496160 at Fri Dec 11 21:41:28 2020


           Step           Time
         500000     1000.00000

Writing checkpoint, step 500000 at Fri Dec 11 21:47:03 2020


   Energies (kJ/mol)
            U-B    Proper Dih.  Improper Dih.      CMAP Dih.          LJ-14
    2.44990e+03    1.47039e+03    1.56830e+02   -3.56915e+02    1.06849e+03
     Coulomb-14        LJ (SR)  Disper. corr.   Coulomb (SR)   Coul. recip.
    1.75189e+04    2.85787e+05   -1.16678e+04   -2.22849e+06    6.58695e+03
      Potential    Kinetic En.   Total Energy  Conserved En.    Temperature
   -1.92548e+06    3.41653e+05   -1.58383e+06   -1.56956e+06    2.99348e+02
 Pres. DC (bar) Pressure (bar)   Constr. rmsd
   -1.39782e+02   -1.73789e+01    2.84596e-05


	<======  ###############  ==>
	<====  A V E R A G E S  ====>
	<==  ###############  ======>

	Statistics over 500001 steps using 5001 frames

   Energies (kJ/mol)
            U-B    Proper Dih.  Improper Dih.      CMAP Dih.          LJ-14
    2.70880e+03    1.48891e+03    1.81673e+02   -3.65525e+02    1.05279e+03
     Coulomb-14        LJ (SR)  Disper. corr.   Coulomb (SR)   Coul. recip.
    1.75744e+04    2.86863e+05   -1.16814e+04   -2.23024e+06    6.41455e+03
      Potential    Kinetic En.   Total Energy  Conserved En.    Temperature
   -1.92600e+06    3.42423e+05   -1.58358e+06   -1.58137e+06    3.00023e+02
 Pres. DC (bar) Pressure (bar)   Constr. rmsd
   -1.40109e+02    1.20407e+00    0.00000e+00

          Box-X          Box-Y          Box-Z
    1.11487e+01    1.11487e+01    1.11487e+01

   Total Virial (kJ/mol)
    1.14153e+05   -3.11874e+01   -7.36812e+01
   -3.17894e+01    1.14170e+05    3.44061e+01
   -7.29539e+01    3.47751e+01    1.13954e+05

   Pressure (bar)
    7.04003e-01    8.73625e-01    1.84792e+00
    8.88078e-01    1.05935e-01   -8.38752e-01
    1.83053e+00   -8.47558e-01    2.80228e+00

      T-Protein  T-non-Protein
    3.00102e+02    3.00022e+02


	M E G A - F L O P S   A C C O U N T I N G

 NB=Group-cutoff nonbonded kernels    NxN=N-by-N cluster Verlet kernels
 RF=Reaction-Field  VdW=Van der Waals  QSTab=quadratic-spline table
 W3=SPC/TIP3p  W4=TIP4p (single or pairs)
 V&F=Potential and force  V=Potential only  F=Force only

 Computing:                               M-Number         M-Flops  % Flops
-----------------------------------------------------------------------------
 Pair Search distance check          454455.013230     4090095.119     0.2
 NxN QSTab Elec. + LJ [F]          26880116.880240  1424646194.653    58.2
 NxN QSTab Elec. + LJ [V&F]          271573.294584    21997436.861     0.9
 NxN QSTab Elec. [F]               25821007.254096   877914246.639    35.9
 NxN QSTab Elec. [V&F]               260870.683704    10695698.032     0.4
 1,4 nonbonded interactions            1544.003088      138960.278     0.0
 Calc Weights                        205716.411432     7405790.812     0.3
 Spread Q Bspline                   4388616.777216     8777233.554     0.4
 Gather F Bspline                   4388616.777216    26331700.663     1.1
 3D-FFT                             6908749.817472    55269998.540     2.3
 Solve PME                             2592.005184      165888.332     0.0
 Shift-X                                857.287144        5143.723     0.0
 Propers                               1260.002520      288540.577     0.0
 Impropers                              115.000230       23920.048     0.0
 Virial                                6859.587189      123472.569     0.0
 Stop-CM                                685.857144        6858.571     0.0
 Calc-Ekin                            13714.674288      370296.206     0.0
 Lincs                                  592.501185       35550.071     0.0
 Lincs-Mat                            12834.025668       51336.103     0.0
 Constraint-V                         69037.638075      552301.105     0.0
 Constraint-Vir                        6844.636890      164271.285     0.0
 Settle                               22617.545235     7305467.111     0.3
 CMAP                                    37.000074       62900.126     0.0
 Urey-Bradley                          1069.502139      195718.891     0.0
-----------------------------------------------------------------------------
 Total                                              2446619019.869   100.0
-----------------------------------------------------------------------------


     R E A L   C Y C L E   A N D   T I M E   A C C O U N T I N G

On 1 MPI rank, each using 8 OpenMP threads

 Computing:          Num   Num      Call    Wall time         Giga-Cycles
                     Ranks Threads  Count      (s)         total sum    %
-----------------------------------------------------------------------------
 Neighbor search        1    8       6251     514.234       9478.353   1.1
 Force                  1    8     500001   39179.927     722164.017  83.1
 PME mesh               1    8     500001    5376.796      99105.054  11.4
 NB X/F buffer ops.     1    8     993751    1042.928      19223.244   2.2
 Write traj.            1    8        252       9.181        169.216   0.0
 Update                 1    8     500001     397.472       7326.201   0.8
 Constraints            1    8     500001     511.570       9429.261   1.1
 Rest                                         109.446       2017.300   0.2
-----------------------------------------------------------------------------
 Total                                      47141.554     868912.646 100.0
-----------------------------------------------------------------------------
 Breakdown of PME mesh computation
-----------------------------------------------------------------------------
 PME spread             1    8     500001    2326.926      42889.880   4.9
 PME gather             1    8     500001    2146.043      39555.836   4.6
 PME 3D-FFT             1    8    1000002     754.918      13914.645   1.6
 PME solve Elec         1    8     500001     105.800       1950.109   0.2
-----------------------------------------------------------------------------

               Core t (s)   Wall t (s)        (%)
       Time:   377132.421    47141.554      800.0
                         13h05:41
                 (ns/day)    (hour/ns)
Performance:        1.833       13.095
Finished mdrun on rank 0 Fri Dec 11 21:47:04 2020

