              :-) GROMACS - gmx mdrun, 2020.1-Ubuntu-2020.1-1 (-:

                            GROMACS is written by:
     Emile Apol      Rossen Apostolov      Paul Bauer     Herman J.C. Berendsen
    Par Bjelkmar      Christian Blau   Viacheslav Bolnykh     Kevin Boyd    
 Aldert van Buuren   Rudi van Drunen     Anton Feenstra       Alan Gray     
  Gerrit Groenhof     Anca Hamuraru    Vincent Hindriksen  M. Eric Irrgang  
  Aleksei Iupinov   Christoph Junghans     Joe Jordan     Dimitrios Karkoulis
    Peter Kasson        Jiri Kraus      Carsten Kutzner      Per Larsson    
  Justin A. Lemkul    Viveca Lindahl    Magnus Lundborg     Erik Marklund   
    Pascal Merz     Pieter Meulenhoff    Teemu Murtola       Szilard Pall   
    Sander Pronk      Roland Schulz      Michael Shirts    Alexey Shvetsov  
   Alfons Sijbers     Peter Tieleman      Jon Vincent      Teemu Virolainen 
 Christian Wennberg    Maarten Wolf      Artem Zhmurov   
                           and the project leaders:
        Mark Abraham, Berk Hess, Erik Lindahl, and David van der Spoel

Copyright (c) 1991-2000, University of Groningen, The Netherlands.
Copyright (c) 2001-2019, The GROMACS development team at
Uppsala University, Stockholm University and
the Royal Institute of Technology, Sweden.
check out http://www.gromacs.org for more information.

GROMACS is free software; you can redistribute it and/or modify it
under the terms of the GNU Lesser General Public License
as published by the Free Software Foundation; either version 2.1
of the License, or (at your option) any later version.

GROMACS:      gmx mdrun, version 2020.1-Ubuntu-2020.1-1
Executable:   /usr/bin/gmx
Data prefix:  /usr
Working dir:  /mnt/c/Users/VENKAT/Downloads/Project10
Process ID:   13639
Command line:
  gmx mdrun -v -nt 8 -deffnm md

GROMACS version:    2020.1-Ubuntu-2020.1-1
Precision:          single
Memory model:       64 bit
MPI library:        thread_mpi
OpenMP support:     enabled (GMX_OPENMP_MAX_THREADS = 64)
GPU support:        disabled
SIMD instructions:  SSE2
FFT library:        fftw-3.3.8-sse2-avx
RDTSCP usage:       disabled
TNG support:        enabled
Hwloc support:      hwloc-2.1.0
Tracing support:    disabled
C compiler:         /usr/bin/cc GNU 9.3.0
C compiler flags:   -msse2 -fexcess-precision=fast -funroll-all-loops
C++ compiler:       /usr/bin/c++ GNU 9.3.0
C++ compiler flags: -msse2 -fexcess-precision=fast -funroll-all-loops -fopenmp


Running on 1 node with total 4 cores, 8 logical cores
Hardware detected:
  CPU info:
    Vendor: Intel
    Brand:  Intel(R) Core(TM) i7-10510U CPU @ 1.80GHz
    Family: 6   Model: 142   Stepping: 12
    Features: aes apic avx avx2 clfsh cmov cx8 cx16 f16c fma htt intel lahf mmx msr nonstop_tsc pcid pclmuldq pdcm pdpe1gb popcnt pse rdrnd rdtscp sse2 sse3 sse4.1 sse4.2 ssse3 tdt x2apic
  Hardware topology: Basic
    Sockets, cores, and logical processors:
      Socket  0: [   0   1] [   2   3] [   4   5] [   6   7]

Highest SIMD level requested by all nodes in run: AVX2_256
SIMD instructions selected at compile time:       SSE2
This program was compiled for different hardware than you are running on,
which could influence performance.
The current CPU can measure timings more accurately than the code in
gmx mdrun was configured to use. This might affect your simulation
speed as accurate timings are needed for load-balancing.
Please consider rebuilding gmx mdrun with the GMX_USE_RDTSCP=ON CMake option.

++++ PLEASE READ AND CITE THE FOLLOWING REFERENCE ++++
M. J. Abraham, T. Murtola, R. Schulz, S. Páll, J. C. Smith, B. Hess, E.
Lindahl
GROMACS: High performance molecular simulations through multi-level
parallelism from laptops to supercomputers
SoftwareX 1 (2015) pp. 19-25
-------- -------- --- Thank You --- -------- --------


++++ PLEASE READ AND CITE THE FOLLOWING REFERENCE ++++
S. Páll, M. J. Abraham, C. Kutzner, B. Hess, E. Lindahl
Tackling Exascale Software Challenges in Molecular Dynamics Simulations with
GROMACS
In S. Markidis & E. Laure (Eds.), Solving Software Challenges for Exascale 8759 (2015) pp. 3-27
-------- -------- --- Thank You --- -------- --------


++++ PLEASE READ AND CITE THE FOLLOWING REFERENCE ++++
S. Pronk, S. Páll, R. Schulz, P. Larsson, P. Bjelkmar, R. Apostolov, M. R.
Shirts, J. C. Smith, P. M. Kasson, D. van der Spoel, B. Hess, and E. Lindahl
GROMACS 4.5: a high-throughput and highly parallel open source molecular
simulation toolkit
Bioinformatics 29 (2013) pp. 845-54
-------- -------- --- Thank You --- -------- --------


++++ PLEASE READ AND CITE THE FOLLOWING REFERENCE ++++
B. Hess and C. Kutzner and D. van der Spoel and E. Lindahl
GROMACS 4: Algorithms for highly efficient, load-balanced, and scalable
molecular simulation
J. Chem. Theory Comput. 4 (2008) pp. 435-447
-------- -------- --- Thank You --- -------- --------


++++ PLEASE READ AND CITE THE FOLLOWING REFERENCE ++++
D. van der Spoel, E. Lindahl, B. Hess, G. Groenhof, A. E. Mark and H. J. C.
Berendsen
GROMACS: Fast, Flexible and Free
J. Comp. Chem. 26 (2005) pp. 1701-1719
-------- -------- --- Thank You --- -------- --------


++++ PLEASE READ AND CITE THE FOLLOWING REFERENCE ++++
E. Lindahl and B. Hess and D. van der Spoel
GROMACS 3.0: A package for molecular simulation and trajectory analysis
J. Mol. Mod. 7 (2001) pp. 306-317
-------- -------- --- Thank You --- -------- --------


++++ PLEASE READ AND CITE THE FOLLOWING REFERENCE ++++
H. J. C. Berendsen, D. van der Spoel and R. van Drunen
GROMACS: A message-passing parallel molecular dynamics implementation
Comp. Phys. Comm. 91 (1995) pp. 43-56
-------- -------- --- Thank You --- -------- --------

Input Parameters:
   integrator                     = md
   tinit                          = 0
   dt                             = 0.002
   nsteps                         = 500000
   init-step                      = 0
   simulation-part                = 1
   comm-mode                      = Linear
   nstcomm                        = 100
   bd-fric                        = 0
   ld-seed                        = -1208547025
   emtol                          = 10
   emstep                         = 0.01
   niter                          = 20
   fcstep                         = 0
   nstcgsteep                     = 1000
   nbfgscorr                      = 10
   rtpi                           = 0.05
   nstxout                        = 0
   nstvout                        = 0
   nstfout                        = 0
   nstlog                         = 5000
   nstcalcenergy                  = 100
   nstenergy                      = 5000
   nstxout-compressed             = 2500
   compressed-x-precision         = 1000
   cutoff-scheme                  = Verlet
   nstlist                        = 10
   pbc                            = xyz
   periodic-molecules             = false
   verlet-buffer-tolerance        = 0.005
   rlist                          = 1.2
   coulombtype                    = PME
   coulomb-modifier               = Potential-shift
   rcoulomb-switch                = 0
   rcoulomb                       = 1.2
   epsilon-r                      = 1
   epsilon-rf                     = inf
   vdw-type                       = Cut-off
   vdw-modifier                   = Force-switch
   rvdw-switch                    = 1
   rvdw                           = 1.2
   DispCorr                       = EnerPres
   table-extension                = 1
   fourierspacing                 = 0.16
   fourier-nx                     = 96
   fourier-ny                     = 96
   fourier-nz                     = 96
   pme-order                      = 4
   ewald-rtol                     = 1e-05
   ewald-rtol-lj                  = 0.001
   lj-pme-comb-rule               = Geometric
   ewald-geometry                 = 0
   epsilon-surface                = 0
   tcoupl                         = Nose-Hoover
   nsttcouple                     = 10
   nh-chain-length                = 1
   print-nose-hoover-chain-variables = false
   pcoupl                         = Parrinello-Rahman
   pcoupltype                     = Isotropic
   nstpcouple                     = 10
   tau-p                          = 2
   compressibility (3x3):
      compressibility[    0]={ 4.50000e-05,  0.00000e+00,  0.00000e+00}
      compressibility[    1]={ 0.00000e+00,  4.50000e-05,  0.00000e+00}
      compressibility[    2]={ 0.00000e+00,  0.00000e+00,  4.50000e-05}
   ref-p (3x3):
      ref-p[    0]={ 1.00000e+00,  0.00000e+00,  0.00000e+00}
      ref-p[    1]={ 0.00000e+00,  1.00000e+00,  0.00000e+00}
      ref-p[    2]={ 0.00000e+00,  0.00000e+00,  1.00000e+00}
   refcoord-scaling               = COM
   posres-com (3):
      posres-com[0]= 0.00000e+00
      posres-com[1]= 0.00000e+00
      posres-com[2]= 0.00000e+00
   posres-comB (3):
      posres-comB[0]= 0.00000e+00
      posres-comB[1]= 0.00000e+00
      posres-comB[2]= 0.00000e+00
   QMMM                           = false
   QMconstraints                  = 0
   QMMMscheme                     = 0
   MMChargeScaleFactor            = 1
qm-opts:
   ngQM                           = 0
   constraint-algorithm           = Lincs
   continuation                   = true
   Shake-SOR                      = false
   shake-tol                      = 0.0001
   lincs-order                    = 4
   lincs-iter                     = 1
   lincs-warnangle                = 30
   nwall                          = 0
   wall-type                      = 9-3
   wall-r-linpot                  = -1
   wall-atomtype[0]               = -1
   wall-atomtype[1]               = -1
   wall-density[0]                = 0
   wall-density[1]                = 0
   wall-ewald-zfac                = 3
   pull                           = false
   awh                            = false
   rotation                       = false
   interactiveMD                  = false
   disre                          = No
   disre-weighting                = Conservative
   disre-mixed                    = false
   dr-fc                          = 1000
   dr-tau                         = 0
   nstdisreout                    = 100
   orire-fc                       = 0
   orire-tau                      = 0
   nstorireout                    = 100
   free-energy                    = no
   cos-acceleration               = 0
   deform (3x3):
      deform[    0]={ 0.00000e+00,  0.00000e+00,  0.00000e+00}
      deform[    1]={ 0.00000e+00,  0.00000e+00,  0.00000e+00}
      deform[    2]={ 0.00000e+00,  0.00000e+00,  0.00000e+00}
   simulated-tempering            = false
   swapcoords                     = no
   userint1                       = 0
   userint2                       = 0
   userint3                       = 0
   userint4                       = 0
   userreal1                      = 0
   userreal2                      = 0
   userreal3                      = 0
   userreal4                      = 0
   applied-forces:
     electric-field:
       x:
         E0                       = 0
         omega                    = 0
         t0                       = 0
         sigma                    = 0
       y:
         E0                       = 0
         omega                    = 0
         t0                       = 0
         sigma                    = 0
       z:
         E0                       = 0
         omega                    = 0
         t0                       = 0
         sigma                    = 0
     density-guided-simulation:
       active                     = false
       group                      = protein
       similarity-measure         = inner-product
       atom-spreading-weight      = unity
       force-constant             = 1e+09
       gaussian-transform-spreading-width = 0.2
       gaussian-transform-spreading-range-in-multiples-of-width = 4
       reference-density-filename = reference.mrc
       nst                        = 1
       normalize-densities        = true
       adaptive-force-scaling     = false
       adaptive-force-scaling-time-constant = 4
grpopts:
   nrdf:     3738.98      522966
   ref-t:         300         300
   tau-t:         0.5         0.5
annealing:          No          No
annealing-npoints:           0           0
   acc:	           0           0           0
   nfreeze:           N           N           N
   energygrp-flags[  0]: 0

Changing nstlist from 10 to 80, rlist from 1.2 to 1.323


Using 1 MPI thread

Non-default thread affinity set, disabling internal thread affinity

Using 8 OpenMP threads 

System total charge: 0.000
Will do PME sum in reciprocal space for electrostatic interactions.

++++ PLEASE READ AND CITE THE FOLLOWING REFERENCE ++++
U. Essmann, L. Perera, M. L. Berkowitz, T. Darden, H. Lee and L. G. Pedersen 
A smooth particle mesh Ewald method
J. Chem. Phys. 103 (1995) pp. 8577-8592
-------- -------- --- Thank You --- -------- --------

Using a Gaussian width (1/beta) of 0.384195 nm for Ewald
Potential shift: LJ r^-12: -2.648e-01 r^-6: -5.349e-01, Ewald -8.333e-06
Initialized non-bonded Coulomb Ewald tables, spacing: 1.02e-03 size: 1176

Generated table with 1161 data points for 1-4 COUL.
Tabscale = 500 points/nm
Generated table with 1161 data points for 1-4 LJ6.
Tabscale = 500 points/nm
Generated table with 1161 data points for 1-4 LJ12.
Tabscale = 500 points/nm

Using SIMD 4x4 nonbonded short-range kernels

Using a dual 4x4 pair-list setup updated with dynamic pruning:
  outer list: updated every 80 steps, buffer 0.123 nm, rlist 1.323 nm
  inner list: updated every 12 steps, buffer 0.001 nm, rlist 1.201 nm
At tolerance 0.005 kJ/mol/ps per atom, equivalent classical 1x1 list would be:
  outer list: updated every 80 steps, buffer 0.266 nm, rlist 1.466 nm
  inner list: updated every 12 steps, buffer 0.047 nm, rlist 1.247 nm

Long Range LJ corr.: <C6> 2.8246e-04


Initializing LINear Constraint Solver

++++ PLEASE READ AND CITE THE FOLLOWING REFERENCE ++++
B. Hess and H. Bekker and H. J. C. Berendsen and J. G. E. M. Fraaije
LINCS: A Linear Constraint Solver for molecular simulations
J. Comp. Chem. 18 (1997) pp. 1463-1472
-------- -------- --- Thank You --- -------- --------

The number of constraints is 1874

++++ PLEASE READ AND CITE THE FOLLOWING REFERENCE ++++
S. Miyamoto and P. A. Kollman
SETTLE: An Analytical Version of the SHAKE and RATTLE Algorithms for Rigid
Water Models
J. Comp. Chem. 13 (1992) pp. 952-962
-------- -------- --- Thank You --- -------- --------

There are: 263110 Atoms
Center of mass motion removal mode is Linear
We have the following groups for center of mass motion removal:
  0:  rest

Started mdrun on rank 0 Sat Dec 12 15:20:45 2020

           Step           Time
              0        0.00000

   Energies (kJ/mol)
            U-B    Proper Dih.  Improper Dih.      CMAP Dih.          LJ-14
    4.16957e+03    2.18444e+03    2.87538e+02   -6.28786e+02    1.37878e+03
     Coulomb-14        LJ (SR)  Disper. corr.   Coulomb (SR)   Coul. recip.
    2.44854e+04    5.56113e+05   -2.23726e+04   -4.28679e+06    1.21806e+04
      Potential    Kinetic En.   Total Energy  Conserved En.    Temperature
   -3.70899e+06    6.50637e+05   -3.05836e+06   -3.05820e+06    2.97144e+02
 Pres. DC (bar) Pressure (bar)   Constr. rmsd
   -1.39985e+02   -7.58348e+00    3.07798e-05

           Step           Time
           5000       10.00000

   Energies (kJ/mol)
            U-B    Proper Dih.  Improper Dih.      CMAP Dih.          LJ-14
    4.25394e+03    2.30816e+03    3.09927e+02   -6.74533e+02    1.37267e+03
     Coulomb-14        LJ (SR)  Disper. corr.   Coulomb (SR)   Coul. recip.
    2.45783e+04    5.52298e+05   -2.23487e+04   -4.26922e+06    1.24282e+04
      Potential    Kinetic En.   Total Energy  Conserved En.    Temperature
   -3.69469e+06    6.58169e+05   -3.03652e+06   -3.05759e+06    3.00584e+02
 Pres. DC (bar) Pressure (bar)   Constr. rmsd
   -1.39687e+02    3.18007e+01    2.94929e-05

Writing checkpoint, step 5760 at Sat Dec 12 15:35:58 2020


           Step           Time
          10000       20.00000

   Energies (kJ/mol)
            U-B    Proper Dih.  Improper Dih.      CMAP Dih.          LJ-14
    4.48677e+03    2.32854e+03    3.11035e+02   -6.81255e+02    1.41536e+03
     Coulomb-14        LJ (SR)  Disper. corr.   Coulomb (SR)   Coul. recip.
    2.44441e+04    5.53571e+05   -2.23332e+04   -4.27313e+06    1.21095e+04
      Potential    Kinetic En.   Total Energy  Conserved En.    Temperature
   -3.69748e+06    6.55748e+05   -3.04173e+06   -3.05791e+06    2.99478e+02
 Pres. DC (bar) Pressure (bar)   Constr. rmsd
   -1.39492e+02    2.14512e+01    3.10995e-05

Writing checkpoint, step 10960 at Sat Dec 12 15:50:47 2020


           Step           Time
          15000       30.00000

   Energies (kJ/mol)
            U-B    Proper Dih.  Improper Dih.      CMAP Dih.          LJ-14
    4.32141e+03    2.18706e+03    3.02993e+02   -6.36280e+02    1.37551e+03
     Coulomb-14        LJ (SR)  Disper. corr.   Coulomb (SR)   Coul. recip.
    2.45341e+04    5.47515e+05   -2.23544e+04   -4.26820e+06    1.21538e+04
      Potential    Kinetic En.   Total Energy  Conserved En.    Temperature
   -3.69880e+06    6.60035e+05   -3.03877e+06   -3.05699e+06    3.01436e+02
 Pres. DC (bar) Pressure (bar)   Constr. rmsd
   -1.39758e+02   -7.77865e+01    2.91465e-05

Writing checkpoint, step 16240 at Sat Dec 12 16:05:56 2020


           Step           Time
          20000       40.00000

   Energies (kJ/mol)
            U-B    Proper Dih.  Improper Dih.      CMAP Dih.          LJ-14
    4.07996e+03    2.21253e+03    2.77140e+02   -6.63323e+02    1.46693e+03
     Coulomb-14        LJ (SR)  Disper. corr.   Coulomb (SR)   Coul. recip.
    2.46144e+04    5.52433e+05   -2.23380e+04   -4.27471e+06    1.22020e+04
      Potential    Kinetic En.   Total Energy  Conserved En.    Temperature
   -3.70042e+06    6.53207e+05   -3.04721e+06   -3.05698e+06    2.98318e+02
 Pres. DC (bar) Pressure (bar)   Constr. rmsd
   -1.39553e+02   -7.45523e+00    2.60686e-05

Writing checkpoint, step 21440 at Sat Dec 12 16:20:49 2020


           Step           Time
          25000       50.00000

   Energies (kJ/mol)
            U-B    Proper Dih.  Improper Dih.      CMAP Dih.          LJ-14
    4.29598e+03    2.25145e+03    2.84094e+02   -6.49303e+02    1.42664e+03
     Coulomb-14        LJ (SR)  Disper. corr.   Coulomb (SR)   Coul. recip.
    2.46409e+04    5.50055e+05   -2.23388e+04   -4.26690e+06    1.20994e+04
      Potential    Kinetic En.   Total Energy  Conserved En.    Temperature
   -3.69483e+06    6.56903e+05   -3.03793e+06   -3.05630e+06    3.00006e+02
 Pres. DC (bar) Pressure (bar)   Constr. rmsd
   -1.39563e+02   -1.54816e+01    2.89530e-05

Writing checkpoint, step 26720 at Sat Dec 12 16:35:54 2020


           Step           Time
          30000       60.00000

   Energies (kJ/mol)
            U-B    Proper Dih.  Improper Dih.      CMAP Dih.          LJ-14
    4.45854e+03    2.22245e+03    2.75979e+02   -6.90557e+02    1.46413e+03
     Coulomb-14        LJ (SR)  Disper. corr.   Coulomb (SR)   Coul. recip.
    2.45318e+04    5.53764e+05   -2.23483e+04   -4.27166e+06    1.22975e+04
      Potential    Kinetic En.   Total Energy  Conserved En.    Temperature
   -3.69568e+06    6.57748e+05   -3.03793e+06   -3.05676e+06    3.00391e+02
 Pres. DC (bar) Pressure (bar)   Constr. rmsd
   -1.39681e+02    5.94210e+01    2.88968e-05

Writing checkpoint, step 31920 at Sat Dec 12 16:50:49 2020


           Step           Time
          35000       70.00000

   Energies (kJ/mol)
            U-B    Proper Dih.  Improper Dih.      CMAP Dih.          LJ-14
    4.16663e+03    2.33576e+03    2.56592e+02   -6.94323e+02    1.45129e+03
     Coulomb-14        LJ (SR)  Disper. corr.   Coulomb (SR)   Coul. recip.
    2.46402e+04    5.51464e+05   -2.23489e+04   -4.27396e+06    1.22693e+04
      Potential    Kinetic En.   Total Energy  Conserved En.    Temperature
   -3.70041e+06    6.55022e+05   -3.04539e+06   -3.05589e+06    2.99147e+02
 Pres. DC (bar) Pressure (bar)   Constr. rmsd
   -1.39688e+02   -4.06691e+01    3.03087e-05

Writing checkpoint, step 37200 at Sat Dec 12 17:05:56 2020


           Step           Time
          40000       80.00000

   Energies (kJ/mol)
            U-B    Proper Dih.  Improper Dih.      CMAP Dih.          LJ-14
    4.30023e+03    2.25913e+03    3.10586e+02   -6.97655e+02    1.42743e+03
     Coulomb-14        LJ (SR)  Disper. corr.   Coulomb (SR)   Coul. recip.
    2.46914e+04    5.51824e+05   -2.23637e+04   -4.27229e+06    1.21602e+04
      Potential    Kinetic En.   Total Energy  Conserved En.    Temperature
   -3.69838e+06    6.57050e+05   -3.04133e+06   -3.05553e+06    3.00073e+02
 Pres. DC (bar) Pressure (bar)   Constr. rmsd
   -1.39873e+02    8.10522e+00    3.08849e-05

Writing checkpoint, step 42400 at Sat Dec 12 17:20:48 2020


           Step           Time
          45000       90.00000

   Energies (kJ/mol)
            U-B    Proper Dih.  Improper Dih.      CMAP Dih.          LJ-14
    4.22005e+03    2.22854e+03    3.30327e+02   -6.90154e+02    1.40611e+03
     Coulomb-14        LJ (SR)  Disper. corr.   Coulomb (SR)   Coul. recip.
    2.46201e+04    5.52011e+05   -2.23433e+04   -4.27215e+06    1.22243e+04
      Potential    Kinetic En.   Total Energy  Conserved En.    Temperature
   -3.69814e+06    6.57048e+05   -3.04110e+06   -3.05509e+06    3.00072e+02
 Pres. DC (bar) Pressure (bar)   Constr. rmsd
   -1.39619e+02   -2.47993e+01    3.11085e-05

Writing checkpoint, step 47680 at Sat Dec 12 17:35:52 2020


           Step           Time
          50000      100.00000

   Energies (kJ/mol)
            U-B    Proper Dih.  Improper Dih.      CMAP Dih.          LJ-14
    4.03091e+03    2.31495e+03    2.83071e+02   -7.13117e+02    1.42396e+03
     Coulomb-14        LJ (SR)  Disper. corr.   Coulomb (SR)   Coul. recip.
    2.45899e+04    5.53127e+05   -2.23560e+04   -4.27156e+06    1.24212e+04
      Potential    Kinetic En.   Total Energy  Conserved En.    Temperature
   -3.69644e+06    6.59548e+05   -3.03690e+06   -3.05449e+06    3.01214e+02
 Pres. DC (bar) Pressure (bar)   Constr. rmsd
   -1.39778e+02    2.69495e+01    2.97104e-05

Writing checkpoint, step 52960 at Sat Dec 12 17:50:57 2020


           Step           Time
          55000      110.00000

   Energies (kJ/mol)
            U-B    Proper Dih.  Improper Dih.      CMAP Dih.          LJ-14
    4.24574e+03    2.33187e+03    3.48475e+02   -7.17737e+02    1.46451e+03
     Coulomb-14        LJ (SR)  Disper. corr.   Coulomb (SR)   Coul. recip.
    2.45347e+04    5.49146e+05   -2.23195e+04   -4.26468e+06    1.23516e+04
      Potential    Kinetic En.   Total Energy  Conserved En.    Temperature
   -3.69330e+06    6.56755e+05   -3.03654e+06   -3.05507e+06    2.99938e+02
 Pres. DC (bar) Pressure (bar)   Constr. rmsd
   -1.39322e+02   -4.16416e+01    2.90458e-05

Writing checkpoint, step 58160 at Sat Dec 12 18:05:56 2020


           Step           Time
          60000      120.00000

   Energies (kJ/mol)
            U-B    Proper Dih.  Improper Dih.      CMAP Dih.          LJ-14
    4.07894e+03    2.19699e+03    2.60832e+02   -6.79947e+02    1.40088e+03
     Coulomb-14        LJ (SR)  Disper. corr.   Coulomb (SR)   Coul. recip.
    2.44812e+04    5.51182e+05   -2.23452e+04   -4.27585e+06    1.21786e+04
      Potential    Kinetic En.   Total Energy  Conserved En.    Temperature
   -3.70310e+06    6.57733e+05   -3.04537e+06   -3.05412e+06    3.00385e+02
 Pres. DC (bar) Pressure (bar)   Constr. rmsd
   -1.39642e+02   -6.21361e+01    2.93852e-05

Writing checkpoint, step 63360 at Sat Dec 12 18:20:54 2020


           Step           Time
          65000      130.00000

   Energies (kJ/mol)
            U-B    Proper Dih.  Improper Dih.      CMAP Dih.          LJ-14
    4.34982e+03    2.32822e+03    3.11630e+02   -6.97204e+02    1.40048e+03
     Coulomb-14        LJ (SR)  Disper. corr.   Coulomb (SR)   Coul. recip.
    2.44387e+04    5.51160e+05   -2.23571e+04   -4.27076e+06    1.22355e+04
      Potential    Kinetic En.   Total Energy  Conserved En.    Temperature
   -3.69758e+06    6.56576e+05   -3.04101e+06   -3.05388e+06    2.99857e+02
 Pres. DC (bar) Pressure (bar)   Constr. rmsd
   -1.39792e+02   -1.73568e+01    3.02077e-05

Writing checkpoint, step 68480 at Sat Dec 12 18:35:48 2020


           Step           Time
          70000      140.00000

   Energies (kJ/mol)
            U-B    Proper Dih.  Improper Dih.      CMAP Dih.          LJ-14
    4.35910e+03    2.27943e+03    2.54638e+02   -7.30239e+02    1.46946e+03
     Coulomb-14        LJ (SR)  Disper. corr.   Coulomb (SR)   Coul. recip.
    2.46788e+04    5.52754e+05   -2.23822e+04   -4.27574e+06    1.21654e+04
      Potential    Kinetic En.   Total Energy  Conserved En.    Temperature
   -3.70089e+06    6.55221e+05   -3.04567e+06   -3.05404e+06    2.99238e+02
 Pres. DC (bar) Pressure (bar)   Constr. rmsd
   -1.40104e+02    2.26046e+01    2.97611e-05

Writing checkpoint, step 73680 at Sat Dec 12 18:50:49 2020


           Step           Time
          75000      150.00000

   Energies (kJ/mol)
            U-B    Proper Dih.  Improper Dih.      CMAP Dih.          LJ-14
    4.37478e+03    2.24698e+03    2.97975e+02   -6.93086e+02    1.39026e+03
     Coulomb-14        LJ (SR)  Disper. corr.   Coulomb (SR)   Coul. recip.
    2.46668e+04    5.50883e+05   -2.23559e+04   -4.27139e+06    1.23268e+04
      Potential    Kinetic En.   Total Energy  Conserved En.    Temperature
   -3.69825e+06    6.57528e+05   -3.04072e+06   -3.05353e+06    3.00291e+02
 Pres. DC (bar) Pressure (bar)   Constr. rmsd
   -1.39776e+02   -4.39215e+01    3.17735e-05

Writing checkpoint, step 78880 at Sat Dec 12 19:05:52 2020


           Step           Time
          80000      160.00000

   Energies (kJ/mol)
            U-B    Proper Dih.  Improper Dih.      CMAP Dih.          LJ-14
    4.13239e+03    2.29003e+03    2.90546e+02   -7.02495e+02    1.44786e+03
     Coulomb-14        LJ (SR)  Disper. corr.   Coulomb (SR)   Coul. recip.
    2.46279e+04    5.52153e+05   -2.23505e+04   -4.27359e+06    1.21788e+04
      Potential    Kinetic En.   Total Energy  Conserved En.    Temperature
   -3.69952e+06    6.55182e+05   -3.04434e+06   -3.05332e+06    2.99220e+02
 Pres. DC (bar) Pressure (bar)   Constr. rmsd
   -1.39709e+02   -2.67017e+01    3.05567e-05

Writing checkpoint, step 84000 at Sat Dec 12 19:20:52 2020


           Step           Time
          85000      170.00000

   Energies (kJ/mol)
            U-B    Proper Dih.  Improper Dih.      CMAP Dih.          LJ-14
    4.31356e+03    2.21651e+03    3.18504e+02   -6.97089e+02    1.44144e+03
     Coulomb-14        LJ (SR)  Disper. corr.   Coulomb (SR)   Coul. recip.
    2.47101e+04    5.52476e+05   -2.23378e+04   -4.27501e+06    1.23396e+04
      Potential    Kinetic En.   Total Energy  Conserved En.    Temperature
   -3.70023e+06    6.56371e+05   -3.04385e+06   -3.05277e+06    2.99763e+02
 Pres. DC (bar) Pressure (bar)   Constr. rmsd
   -1.39550e+02   -1.61502e+01    2.98936e-05

Writing checkpoint, step 89120 at Sat Dec 12 19:35:47 2020


           Step           Time
          90000      180.00000

   Energies (kJ/mol)
            U-B    Proper Dih.  Improper Dih.      CMAP Dih.          LJ-14
    4.13747e+03    2.25012e+03    2.51645e+02   -6.83650e+02    1.40964e+03
     Coulomb-14        LJ (SR)  Disper. corr.   Coulomb (SR)   Coul. recip.
    2.45652e+04    5.53272e+05   -2.23576e+04   -4.27245e+06    1.21971e+04
      Potential    Kinetic En.   Total Energy  Conserved En.    Temperature
   -3.69741e+06    6.57997e+05   -3.03941e+06   -3.05220e+06    3.00505e+02
 Pres. DC (bar) Pressure (bar)   Constr. rmsd
   -1.39798e+02    3.54570e+01    3.12359e-05

Writing checkpoint, step 94080 at Sat Dec 12 19:50:54 2020


           Step           Time
          95000      190.00000

   Energies (kJ/mol)
            U-B    Proper Dih.  Improper Dih.      CMAP Dih.          LJ-14
    4.28699e+03    2.21223e+03    2.67545e+02   -7.00286e+02    1.43842e+03
     Coulomb-14        LJ (SR)  Disper. corr.   Coulomb (SR)   Coul. recip.
    2.46725e+04    5.53146e+05   -2.23716e+04   -4.27333e+06    1.20749e+04
      Potential    Kinetic En.   Total Energy  Conserved En.    Temperature
   -3.69830e+06    6.57434e+05   -3.04087e+06   -3.05230e+06    3.00248e+02
 Pres. DC (bar) Pressure (bar)   Constr. rmsd
   -1.39973e+02    1.41267e+01    3.19027e-05

Writing checkpoint, step 98320 at Sat Dec 12 20:06:01 2020


           Step           Time
         100000      200.00000

   Energies (kJ/mol)
            U-B    Proper Dih.  Improper Dih.      CMAP Dih.          LJ-14
    4.13130e+03    2.28132e+03    3.10552e+02   -7.20487e+02    1.40540e+03
     Coulomb-14        LJ (SR)  Disper. corr.   Coulomb (SR)   Coul. recip.
    2.45712e+04    5.50235e+05   -2.23487e+04   -4.27160e+06    1.21162e+04
      Potential    Kinetic En.   Total Energy  Conserved En.    Temperature
   -3.69962e+06    6.58217e+05   -3.04141e+06   -3.05164e+06    3.00606e+02
 Pres. DC (bar) Pressure (bar)   Constr. rmsd
   -1.39686e+02   -5.07502e+01    3.01841e-05

Writing checkpoint, step 102560 at Sat Dec 12 20:20:50 2020


           Step           Time
         105000      210.00000

   Energies (kJ/mol)
            U-B    Proper Dih.  Improper Dih.      CMAP Dih.          LJ-14
    4.45677e+03    2.24398e+03    3.12604e+02   -6.58693e+02    1.38882e+03
     Coulomb-14        LJ (SR)  Disper. corr.   Coulomb (SR)   Coul. recip.
    2.46401e+04    5.50109e+05   -2.23060e+04   -4.26735e+06    1.25394e+04
      Potential    Kinetic En.   Total Energy  Conserved En.    Temperature
   -3.69462e+06    6.61259e+05   -3.03337e+06   -3.05102e+06    3.01995e+02
 Pres. DC (bar) Pressure (bar)   Constr. rmsd
   -1.39154e+02   -3.38705e+01    3.10588e-05

Writing checkpoint, step 107200 at Sat Dec 12 20:35:52 2020


           Step           Time
         110000      220.00000

   Energies (kJ/mol)
            U-B    Proper Dih.  Improper Dih.      CMAP Dih.          LJ-14
    4.26456e+03    2.32131e+03    3.11432e+02   -6.95613e+02    1.40677e+03
     Coulomb-14        LJ (SR)  Disper. corr.   Coulomb (SR)   Coul. recip.
    2.44967e+04    5.53267e+05   -2.23667e+04   -4.27368e+06    1.21909e+04
      Potential    Kinetic En.   Total Energy  Conserved En.    Temperature
   -3.69849e+06    6.57211e+05   -3.04128e+06   -3.05099e+06    3.00147e+02
 Pres. DC (bar) Pressure (bar)   Constr. rmsd
   -1.39911e+02    2.83499e+01    2.96438e-05

Writing checkpoint, step 112400 at Sat Dec 12 20:50:58 2020


           Step           Time
         115000      230.00000

   Energies (kJ/mol)
            U-B    Proper Dih.  Improper Dih.      CMAP Dih.          LJ-14
    4.06105e+03    2.23681e+03    2.76296e+02   -6.93459e+02    1.39072e+03
     Coulomb-14        LJ (SR)  Disper. corr.   Coulomb (SR)   Coul. recip.
    2.45799e+04    5.54735e+05   -2.23499e+04   -4.27822e+06    1.22843e+04
      Potential    Kinetic En.   Total Energy  Conserved En.    Temperature
   -3.70170e+06    6.54737e+05   -3.04696e+06   -3.05041e+06    2.99017e+02
 Pres. DC (bar) Pressure (bar)   Constr. rmsd
   -1.39701e+02    4.13166e+01    2.76534e-05

Writing checkpoint, step 117520 at Sat Dec 12 21:05:52 2020


           Step           Time
         120000      240.00000

   Energies (kJ/mol)
            U-B    Proper Dih.  Improper Dih.      CMAP Dih.          LJ-14
    4.01304e+03    2.24307e+03    2.70631e+02   -7.01973e+02    1.39645e+03
     Coulomb-14        LJ (SR)  Disper. corr.   Coulomb (SR)   Coul. recip.
    2.45737e+04    5.52795e+05   -2.23578e+04   -4.27006e+06    1.22098e+04
      Potential    Kinetic En.   Total Energy  Conserved En.    Temperature
   -3.69562e+06    6.57295e+05   -3.03832e+06   -3.04969e+06    3.00185e+02
 Pres. DC (bar) Pressure (bar)   Constr. rmsd
   -1.39800e+02    2.10902e+01    2.92998e-05

Writing checkpoint, step 122720 at Sat Dec 12 21:20:57 2020


           Step           Time
         125000      250.00000

   Energies (kJ/mol)
            U-B    Proper Dih.  Improper Dih.      CMAP Dih.          LJ-14
    4.12878e+03    2.32063e+03    3.04535e+02   -6.75556e+02    1.45153e+03
     Coulomb-14        LJ (SR)  Disper. corr.   Coulomb (SR)   Coul. recip.
    2.48885e+04    5.50258e+05   -2.23118e+04   -4.27124e+06    1.23534e+04
      Potential    Kinetic En.   Total Energy  Conserved En.    Temperature
   -3.69853e+06    6.58044e+05   -3.04048e+06   -3.04935e+06    3.00527e+02
 Pres. DC (bar) Pressure (bar)   Constr. rmsd
   -1.39225e+02   -5.41237e+01    2.91405e-05

Writing checkpoint, step 127840 at Sat Dec 12 21:35:49 2020


           Step           Time
         130000      260.00000

   Energies (kJ/mol)
            U-B    Proper Dih.  Improper Dih.      CMAP Dih.          LJ-14
    4.21137e+03    2.34046e+03    3.03635e+02   -6.88896e+02    1.42736e+03
     Coulomb-14        LJ (SR)  Disper. corr.   Coulomb (SR)   Coul. recip.
    2.46314e+04    5.54046e+05   -2.23422e+04   -4.27694e+06    1.22994e+04
      Potential    Kinetic En.   Total Energy  Conserved En.    Temperature
   -3.70072e+06    6.58832e+05   -3.04188e+06   -3.04950e+06    3.00887e+02
 Pres. DC (bar) Pressure (bar)   Constr. rmsd
   -1.39605e+02    2.59924e+01    2.79201e-05

Writing checkpoint, step 132960 at Sat Dec 12 21:51:00 2020


           Step           Time
         135000      270.00000

   Energies (kJ/mol)
            U-B    Proper Dih.  Improper Dih.      CMAP Dih.          LJ-14
    4.03749e+03    2.28092e+03    2.87096e+02   -7.18789e+02    1.39684e+03
     Coulomb-14        LJ (SR)  Disper. corr.   Coulomb (SR)   Coul. recip.
    2.47525e+04    5.56205e+05   -2.23510e+04   -4.27617e+06    1.21889e+04
      Potential    Kinetic En.   Total Energy  Conserved En.    Temperature
   -3.69809e+06    6.56608e+05   -3.04148e+06   -3.04914e+06    2.99871e+02
 Pres. DC (bar) Pressure (bar)   Constr. rmsd
   -1.39715e+02    9.80334e+01    2.97792e-05

Writing checkpoint, step 138080 at Sat Dec 12 22:05:54 2020


           Step           Time
         140000      280.00000

   Energies (kJ/mol)
            U-B    Proper Dih.  Improper Dih.      CMAP Dih.          LJ-14
    4.14658e+03    2.27021e+03    2.73973e+02   -6.94017e+02    1.42479e+03
     Coulomb-14        LJ (SR)  Disper. corr.   Coulomb (SR)   Coul. recip.
    2.48254e+04    5.53399e+05   -2.23868e+04   -4.27690e+06    1.20931e+04
      Potential    Kinetic En.   Total Energy  Conserved En.    Temperature
   -3.70154e+06    6.57733e+05   -3.04381e+06   -3.04896e+06    3.00385e+02
 Pres. DC (bar) Pressure (bar)   Constr. rmsd
   -1.40163e+02    2.61215e+01    2.82788e-05

Writing checkpoint, step 143200 at Sat Dec 12 22:20:48 2020


           Step           Time
         145000      290.00000

   Energies (kJ/mol)
            U-B    Proper Dih.  Improper Dih.      CMAP Dih.          LJ-14
    4.15664e+03    2.21319e+03    3.03570e+02   -7.04899e+02    1.44473e+03
     Coulomb-14        LJ (SR)  Disper. corr.   Coulomb (SR)   Coul. recip.
    2.48425e+04    5.48638e+05   -2.23507e+04   -4.26765e+06    1.22832e+04
      Potential    Kinetic En.   Total Energy  Conserved En.    Temperature
   -3.69683e+06    6.56154e+05   -3.04067e+06   -3.04874e+06    2.99664e+02
 Pres. DC (bar) Pressure (bar)   Constr. rmsd
   -1.39711e+02   -5.76313e+01    2.96475e-05

Writing checkpoint, step 148400 at Sat Dec 12 22:35:59 2020


           Step           Time
         150000      300.00000

   Energies (kJ/mol)
            U-B    Proper Dih.  Improper Dih.      CMAP Dih.          LJ-14
    4.21700e+03    2.27215e+03    2.85634e+02   -6.96506e+02    1.39620e+03
     Coulomb-14        LJ (SR)  Disper. corr.   Coulomb (SR)   Coul. recip.
    2.46237e+04    5.48991e+05   -2.23454e+04   -4.26919e+06    1.23742e+04
      Potential    Kinetic En.   Total Energy  Conserved En.    Temperature
   -3.69807e+06    6.56721e+05   -3.04135e+06   -3.04808e+06    2.99923e+02
 Pres. DC (bar) Pressure (bar)   Constr. rmsd
   -1.39645e+02   -5.89700e+01    2.96130e-05

Writing checkpoint, step 153520 at Sat Dec 12 22:50:55 2020


           Step           Time
         155000      310.00000

   Energies (kJ/mol)
            U-B    Proper Dih.  Improper Dih.      CMAP Dih.          LJ-14
    4.11400e+03    2.18283e+03    2.95611e+02   -6.64642e+02    1.47180e+03
     Coulomb-14        LJ (SR)  Disper. corr.   Coulomb (SR)   Coul. recip.
    2.46077e+04    5.49640e+05   -2.23260e+04   -4.26952e+06    1.24313e+04
      Potential    Kinetic En.   Total Energy  Conserved En.    Temperature
   -3.69776e+06    6.56412e+05   -3.04135e+06   -3.04783e+06    2.99781e+02
 Pres. DC (bar) Pressure (bar)   Constr. rmsd
   -1.39403e+02   -4.45560e+01    2.75568e-05

Writing checkpoint, step 158640 at Sat Dec 12 23:05:56 2020


           Step           Time
         160000      320.00000

   Energies (kJ/mol)
            U-B    Proper Dih.  Improper Dih.      CMAP Dih.          LJ-14
    4.13479e+03    2.27718e+03    2.83303e+02   -6.63863e+02    1.41323e+03
     Coulomb-14        LJ (SR)  Disper. corr.   Coulomb (SR)   Coul. recip.
    2.48420e+04    5.55130e+05   -2.23454e+04   -4.27415e+06    1.21519e+04
      Potential    Kinetic En.   Total Energy  Conserved En.    Temperature
   -3.69692e+06    6.59187e+05   -3.03774e+06   -3.04736e+06    3.01049e+02
 Pres. DC (bar) Pressure (bar)   Constr. rmsd
   -1.39644e+02    7.49408e+01    2.95638e-05

Writing checkpoint, step 163760 at Sat Dec 12 23:20:54 2020


           Step           Time
         165000      330.00000

   Energies (kJ/mol)
            U-B    Proper Dih.  Improper Dih.      CMAP Dih.          LJ-14
    4.43820e+03    2.28475e+03    3.01265e+02   -6.64499e+02    1.43296e+03
     Coulomb-14        LJ (SR)  Disper. corr.   Coulomb (SR)   Coul. recip.
    2.47048e+04    5.52500e+05   -2.23868e+04   -4.27712e+06    1.24791e+04
      Potential    Kinetic En.   Total Energy  Conserved En.    Temperature
   -3.70203e+06    6.58791e+05   -3.04324e+06   -3.04786e+06    3.00868e+02
 Pres. DC (bar) Pressure (bar)   Constr. rmsd
   -1.40163e+02    4.22734e+00    3.00572e-05

Writing checkpoint, step 168960 at Sat Dec 12 23:35:59 2020


           Step           Time
         170000      340.00000

   Energies (kJ/mol)
            U-B    Proper Dih.  Improper Dih.      CMAP Dih.          LJ-14
    4.27732e+03    2.28965e+03    2.69710e+02   -6.92419e+02    1.46029e+03
     Coulomb-14        LJ (SR)  Disper. corr.   Coulomb (SR)   Coul. recip.
    2.48171e+04    5.52328e+05   -2.23759e+04   -4.27532e+06    1.22302e+04
      Potential    Kinetic En.   Total Energy  Conserved En.    Temperature
   -3.70071e+06    6.56506e+05   -3.04421e+06   -3.04696e+06    2.99824e+02
 Pres. DC (bar) Pressure (bar)   Constr. rmsd
   -1.40026e+02    1.28549e+01    2.68301e-05

Writing checkpoint, step 174080 at Sat Dec 12 23:50:51 2020


           Step           Time
         175000      350.00000

   Energies (kJ/mol)
            U-B    Proper Dih.  Improper Dih.      CMAP Dih.          LJ-14
    4.24965e+03    2.14322e+03    2.60361e+02   -6.85367e+02    1.41274e+03
     Coulomb-14        LJ (SR)  Disper. corr.   Coulomb (SR)   Coul. recip.
    2.48072e+04    5.54797e+05   -2.23513e+04   -4.27820e+06    1.23085e+04
      Potential    Kinetic En.   Total Energy  Conserved En.    Temperature
   -3.70125e+06    6.57184e+05   -3.04407e+06   -3.04662e+06    3.00134e+02
 Pres. DC (bar) Pressure (bar)   Constr. rmsd
   -1.39718e+02    6.30037e+01    2.55323e-05

Writing checkpoint, step 179280 at Sun Dec 13 00:06:00 2020


           Step           Time
         180000      360.00000

   Energies (kJ/mol)
            U-B    Proper Dih.  Improper Dih.      CMAP Dih.          LJ-14
    4.22461e+03    2.33379e+03    3.13759e+02   -6.86012e+02    1.49020e+03
     Coulomb-14        LJ (SR)  Disper. corr.   Coulomb (SR)   Coul. recip.
    2.47739e+04    5.54708e+05   -2.23272e+04   -4.27726e+06    1.22616e+04
      Potential    Kinetic En.   Total Energy  Conserved En.    Temperature
   -3.70017e+06    6.55698e+05   -3.04447e+06   -3.04595e+06    2.99456e+02
 Pres. DC (bar) Pressure (bar)   Constr. rmsd
   -1.39418e+02    4.78564e+00    3.06614e-05

Writing checkpoint, step 184400 at Sun Dec 13 00:20:48 2020


           Step           Time
         185000      370.00000

   Energies (kJ/mol)
            U-B    Proper Dih.  Improper Dih.      CMAP Dih.          LJ-14
    4.24165e+03    2.27639e+03    2.93061e+02   -6.87241e+02    1.34339e+03
     Coulomb-14        LJ (SR)  Disper. corr.   Coulomb (SR)   Coul. recip.
    2.44768e+04    5.50421e+05   -2.23370e+04   -4.27047e+06    1.22393e+04
      Potential    Kinetic En.   Total Energy  Conserved En.    Temperature
   -3.69820e+06    6.57244e+05   -3.04096e+06   -3.04597e+06    3.00162e+02
 Pres. DC (bar) Pressure (bar)   Constr. rmsd
   -1.39540e+02   -3.79510e+01    2.91605e-05

Writing checkpoint, step 189600 at Sun Dec 13 00:35:53 2020


           Step           Time
         190000      380.00000

   Energies (kJ/mol)
            U-B    Proper Dih.  Improper Dih.      CMAP Dih.          LJ-14
    4.35796e+03    2.32719e+03    2.95816e+02   -6.66598e+02    1.42923e+03
     Coulomb-14        LJ (SR)  Disper. corr.   Coulomb (SR)   Coul. recip.
    2.46509e+04    5.48076e+05   -2.23229e+04   -4.26642e+06    1.23890e+04
      Potential    Kinetic En.   Total Energy  Conserved En.    Temperature
   -3.69588e+06    6.57373e+05   -3.03851e+06   -3.04526e+06    3.00220e+02
 Pres. DC (bar) Pressure (bar)   Constr. rmsd
   -1.39364e+02   -8.08324e+01    2.89071e-05

Writing checkpoint, step 194800 at Sun Dec 13 00:51:01 2020


           Step           Time
         195000      390.00000

   Energies (kJ/mol)
            U-B    Proper Dih.  Improper Dih.      CMAP Dih.          LJ-14
    4.22070e+03    2.27024e+03    3.19249e+02   -6.88489e+02    1.43630e+03
     Coulomb-14        LJ (SR)  Disper. corr.   Coulomb (SR)   Coul. recip.
    2.46567e+04    5.52055e+05   -2.23903e+04   -4.27333e+06    1.22518e+04
      Potential    Kinetic En.   Total Energy  Conserved En.    Temperature
   -3.69920e+06    6.58080e+05   -3.04112e+06   -3.04530e+06    3.00544e+02
 Pres. DC (bar) Pressure (bar)   Constr. rmsd
   -1.40206e+02    3.90719e+01    2.89406e-05

Writing checkpoint, step 199840 at Sun Dec 13 01:05:48 2020


           Step           Time
         200000      400.00000

   Energies (kJ/mol)
            U-B    Proper Dih.  Improper Dih.      CMAP Dih.          LJ-14
    4.42210e+03    2.22057e+03    2.98565e+02   -6.62089e+02    1.38261e+03
     Coulomb-14        LJ (SR)  Disper. corr.   Coulomb (SR)   Coul. recip.
    2.46848e+04    5.54904e+05   -2.23632e+04   -4.27715e+06    1.21788e+04
      Potential    Kinetic En.   Total Energy  Conserved En.    Temperature
   -3.70008e+06    6.56112e+05   -3.04397e+06   -3.04463e+06    2.99645e+02
 Pres. DC (bar) Pressure (bar)   Constr. rmsd
   -1.39868e+02    4.52233e+01    2.97324e-05

           Step           Time
         205000      410.00000

   Energies (kJ/mol)
            U-B    Proper Dih.  Improper Dih.      CMAP Dih.          LJ-14
    4.13507e+03    2.30609e+03    3.25634e+02   -6.96237e+02    1.43279e+03
     Coulomb-14        LJ (SR)  Disper. corr.   Coulomb (SR)   Coul. recip.
    2.47135e+04    5.49270e+05   -2.23328e+04   -4.26944e+06    1.24982e+04
      Potential    Kinetic En.   Total Energy  Conserved En.    Temperature
   -3.69779e+06    6.55740e+05   -3.04205e+06   -3.04404e+06    2.99474e+02
 Pres. DC (bar) Pressure (bar)   Constr. rmsd
   -1.39488e+02   -8.72345e+01    2.98220e-05

Writing checkpoint, step 205040 at Sun Dec 13 01:20:51 2020


           Step           Time
         210000      420.00000

   Energies (kJ/mol)
            U-B    Proper Dih.  Improper Dih.      CMAP Dih.          LJ-14
    4.20241e+03    2.24335e+03    2.88658e+02   -6.65353e+02    1.41304e+03
     Coulomb-14        LJ (SR)  Disper. corr.   Coulomb (SR)   Coul. recip.
    2.46213e+04    5.55545e+05   -2.23640e+04   -4.27724e+06    1.22970e+04
      Potential    Kinetic En.   Total Energy  Conserved En.    Temperature
   -3.69965e+06    6.55516e+05   -3.04414e+06   -3.04353e+06    2.99372e+02
 Pres. DC (bar) Pressure (bar)   Constr. rmsd
   -1.39877e+02    7.30654e+01    2.97002e-05

Writing checkpoint, step 210240 at Sun Dec 13 01:35:53 2020


           Step           Time
         215000      430.00000

   Energies (kJ/mol)
            U-B    Proper Dih.  Improper Dih.      CMAP Dih.          LJ-14
    3.99535e+03    2.23831e+03    2.77411e+02   -6.77258e+02    1.42072e+03
     Coulomb-14        LJ (SR)  Disper. corr.   Coulomb (SR)   Coul. recip.
    2.46345e+04    5.52148e+05   -2.23747e+04   -4.27160e+06    1.22090e+04
      Potential    Kinetic En.   Total Energy  Conserved En.    Temperature
   -3.69773e+06    6.59397e+05   -3.03833e+06   -3.04318e+06    3.01145e+02
 Pres. DC (bar) Pressure (bar)   Constr. rmsd
   -1.40011e+02    2.81209e+01    2.98913e-05

Writing checkpoint, step 215360 at Sun Dec 13 01:50:49 2020


           Step           Time
         220000      440.00000

   Energies (kJ/mol)
            U-B    Proper Dih.  Improper Dih.      CMAP Dih.          LJ-14
    4.31435e+03    2.29764e+03    3.27102e+02   -6.54198e+02    1.40951e+03
     Coulomb-14        LJ (SR)  Disper. corr.   Coulomb (SR)   Coul. recip.
    2.46066e+04    5.54593e+05   -2.23608e+04   -4.27465e+06    1.23977e+04
      Potential    Kinetic En.   Total Energy  Conserved En.    Temperature
   -3.69772e+06    6.55281e+05   -3.04244e+06   -3.04358e+06    2.99265e+02
 Pres. DC (bar) Pressure (bar)   Constr. rmsd
   -1.39837e+02    6.18430e+01    2.86774e-05

Writing checkpoint, step 220400 at Sun Dec 13 02:05:58 2020


           Step           Time
         225000      450.00000

   Energies (kJ/mol)
            U-B    Proper Dih.  Improper Dih.      CMAP Dih.          LJ-14
    4.24626e+03    2.20188e+03    2.66917e+02   -6.56183e+02    1.38410e+03
     Coulomb-14        LJ (SR)  Disper. corr.   Coulomb (SR)   Coul. recip.
    2.45831e+04    5.53926e+05   -2.23631e+04   -4.27322e+06    1.23171e+04
      Potential    Kinetic En.   Total Energy  Conserved En.    Temperature
   -3.69731e+06    6.57620e+05   -3.03969e+06   -3.04298e+06    3.00333e+02
 Pres. DC (bar) Pressure (bar)   Constr. rmsd
   -1.39866e+02    4.45268e+01    3.11641e-05

Writing checkpoint, step 225440 at Sun Dec 13 02:20:48 2020


           Step           Time
         230000      460.00000

   Energies (kJ/mol)
            U-B    Proper Dih.  Improper Dih.      CMAP Dih.          LJ-14
    4.34407e+03    2.23948e+03    3.15758e+02   -6.74571e+02    1.38177e+03
     Coulomb-14        LJ (SR)  Disper. corr.   Coulomb (SR)   Coul. recip.
    2.46173e+04    5.49927e+05   -2.23406e+04   -4.26675e+06    1.22636e+04
      Potential    Kinetic En.   Total Energy  Conserved En.    Temperature
   -3.69468e+06    6.56055e+05   -3.03862e+06   -3.04271e+06    2.99618e+02
 Pres. DC (bar) Pressure (bar)   Constr. rmsd
   -1.39585e+02   -3.46415e+01    3.03087e-05

Writing checkpoint, step 230560 at Sun Dec 13 02:35:56 2020


           Step           Time
         235000      470.00000

   Energies (kJ/mol)
            U-B    Proper Dih.  Improper Dih.      CMAP Dih.          LJ-14
    4.40934e+03    2.26986e+03    3.17188e+02   -6.91382e+02    1.42139e+03
     Coulomb-14        LJ (SR)  Disper. corr.   Coulomb (SR)   Coul. recip.
    2.44103e+04    5.54277e+05   -2.23868e+04   -4.27696e+06    1.21243e+04
      Potential    Kinetic En.   Total Energy  Conserved En.    Temperature
   -3.70081e+06    6.56121e+05   -3.04469e+06   -3.04262e+06    2.99648e+02
 Pres. DC (bar) Pressure (bar)   Constr. rmsd
   -1.40163e+02    5.33772e+01    3.09458e-05

Writing checkpoint, step 235600 at Sun Dec 13 02:50:47 2020


           Step           Time
         240000      480.00000

   Energies (kJ/mol)
            U-B    Proper Dih.  Improper Dih.      CMAP Dih.          LJ-14
    4.29397e+03    2.17888e+03    2.77725e+02   -6.95956e+02    1.38970e+03
     Coulomb-14        LJ (SR)  Disper. corr.   Coulomb (SR)   Coul. recip.
    2.45805e+04    5.53053e+05   -2.23406e+04   -4.27464e+06    1.21702e+04
      Potential    Kinetic En.   Total Energy  Conserved En.    Temperature
   -3.69973e+06    6.56685e+05   -3.04305e+06   -3.04187e+06    2.99906e+02
 Pres. DC (bar) Pressure (bar)   Constr. rmsd
   -1.39584e+02   -1.43965e+01    2.85246e-05

Writing checkpoint, step 240720 at Sun Dec 13 03:05:55 2020


           Step           Time
         245000      490.00000

   Energies (kJ/mol)
            U-B    Proper Dih.  Improper Dih.      CMAP Dih.          LJ-14
    4.23081e+03    2.16027e+03    2.64631e+02   -6.74833e+02    1.40410e+03
     Coulomb-14        LJ (SR)  Disper. corr.   Coulomb (SR)   Coul. recip.
    2.47295e+04    5.52870e+05   -2.23431e+04   -4.27600e+06    1.23688e+04
      Potential    Kinetic En.   Total Energy  Conserved En.    Temperature
   -3.70099e+06    6.58048e+05   -3.04294e+06   -3.04163e+06    3.00529e+02
 Pres. DC (bar) Pressure (bar)   Constr. rmsd
   -1.39617e+02   -7.34111e+00    2.79772e-05

Writing checkpoint, step 245760 at Sun Dec 13 03:20:48 2020


           Step           Time
         250000      500.00000

   Energies (kJ/mol)
            U-B    Proper Dih.  Improper Dih.      CMAP Dih.          LJ-14
    4.33959e+03    2.21412e+03    3.06556e+02   -7.11460e+02    1.40604e+03
     Coulomb-14        LJ (SR)  Disper. corr.   Coulomb (SR)   Coul. recip.
    2.47207e+04    5.52901e+05   -2.23758e+04   -4.27488e+06    1.22089e+04
      Potential    Kinetic En.   Total Energy  Conserved En.    Temperature
   -3.69987e+06    6.56127e+05   -3.04374e+06   -3.04115e+06    2.99651e+02
 Pres. DC (bar) Pressure (bar)   Constr. rmsd
   -1.40025e+02    3.51712e+01    2.78716e-05

Writing checkpoint, step 250880 at Sun Dec 13 03:35:51 2020


           Step           Time
         255000      510.00000

   Energies (kJ/mol)
            U-B    Proper Dih.  Improper Dih.      CMAP Dih.          LJ-14
    4.36417e+03    2.35025e+03    3.55945e+02   -6.76718e+02    1.43048e+03
     Coulomb-14        LJ (SR)  Disper. corr.   Coulomb (SR)   Coul. recip.
    2.44737e+04    5.51247e+05   -2.23853e+04   -4.27304e+06    1.21514e+04
      Potential    Kinetic En.   Total Energy  Conserved En.    Temperature
   -3.69973e+06    6.56121e+05   -3.04361e+06   -3.04136e+06    2.99649e+02
 Pres. DC (bar) Pressure (bar)   Constr. rmsd
   -1.40143e+02   -4.43188e+00    2.98345e-05

Writing checkpoint, step 256000 at Sun Dec 13 03:50:55 2020


           Step           Time
         260000      520.00000

   Energies (kJ/mol)
            U-B    Proper Dih.  Improper Dih.      CMAP Dih.          LJ-14
    4.26631e+03    2.24026e+03    2.94294e+02   -7.25387e+02    1.38867e+03
     Coulomb-14        LJ (SR)  Disper. corr.   Coulomb (SR)   Coul. recip.
    2.48065e+04    5.53423e+05   -2.23786e+04   -4.27402e+06    1.22223e+04
      Potential    Kinetic En.   Total Energy  Conserved En.    Temperature
   -3.69848e+06    6.56699e+05   -3.04178e+06   -3.04106e+06    2.99913e+02
 Pres. DC (bar) Pressure (bar)   Constr. rmsd
   -1.40060e+02    4.10494e+01    2.76824e-05

Writing checkpoint, step 261120 at Sun Dec 13 04:06:00 2020


           Step           Time
         265000      530.00000

   Energies (kJ/mol)
            U-B    Proper Dih.  Improper Dih.      CMAP Dih.          LJ-14
    4.22519e+03    2.17355e+03    2.51803e+02   -7.01545e+02    1.44493e+03
     Coulomb-14        LJ (SR)  Disper. corr.   Coulomb (SR)   Coul. recip.
    2.45344e+04    5.49872e+05   -2.23634e+04   -4.27348e+06    1.22067e+04
      Potential    Kinetic En.   Total Energy  Conserved En.    Temperature
   -3.70183e+06    6.55355e+05   -3.04648e+06   -3.04032e+06    2.99299e+02
 Pres. DC (bar) Pressure (bar)   Constr. rmsd
   -1.39870e+02   -5.96094e+01    2.92309e-05

Writing checkpoint, step 266240 at Sun Dec 13 04:20:57 2020


           Step           Time
         270000      540.00000

   Energies (kJ/mol)
            U-B    Proper Dih.  Improper Dih.      CMAP Dih.          LJ-14
    4.20955e+03    2.27143e+03    3.27511e+02   -6.83627e+02    1.43413e+03
     Coulomb-14        LJ (SR)  Disper. corr.   Coulomb (SR)   Coul. recip.
    2.45306e+04    5.52337e+05   -2.23097e+04   -4.27167e+06    1.23318e+04
      Potential    Kinetic En.   Total Energy  Conserved En.    Temperature
   -3.69722e+06    6.57427e+05   -3.03980e+06   -3.03996e+06    3.00245e+02
 Pres. DC (bar) Pressure (bar)   Constr. rmsd
   -1.39199e+02    6.63953e+00    2.76722e-05

Writing checkpoint, step 271360 at Sun Dec 13 04:35:57 2020


           Step           Time
         275000      550.00000

   Energies (kJ/mol)
            U-B    Proper Dih.  Improper Dih.      CMAP Dih.          LJ-14
    4.17782e+03    2.31803e+03    2.87890e+02   -7.14751e+02    1.45539e+03
     Coulomb-14        LJ (SR)  Disper. corr.   Coulomb (SR)   Coul. recip.
    2.46254e+04    5.50091e+05   -2.23310e+04   -4.26974e+06    1.23710e+04
      Potential    Kinetic En.   Total Energy  Conserved En.    Temperature
   -3.69746e+06    6.58481e+05   -3.03898e+06   -3.03943e+06    3.00726e+02
 Pres. DC (bar) Pressure (bar)   Constr. rmsd
   -1.39465e+02   -4.02928e+01    2.80269e-05

Writing checkpoint, step 276480 at Sun Dec 13 04:50:57 2020


           Step           Time
         280000      560.00000

   Energies (kJ/mol)
            U-B    Proper Dih.  Improper Dih.      CMAP Dih.          LJ-14
    4.47758e+03    2.27787e+03    2.86543e+02   -7.36508e+02    1.39225e+03
     Coulomb-14        LJ (SR)  Disper. corr.   Coulomb (SR)   Coul. recip.
    2.47706e+04    5.50966e+05   -2.23492e+04   -4.27049e+06    1.23218e+04
      Potential    Kinetic En.   Total Energy  Conserved En.    Temperature
   -3.69709e+06    6.58262e+05   -3.03882e+06   -3.03902e+06    3.00626e+02
 Pres. DC (bar) Pressure (bar)   Constr. rmsd
   -1.39693e+02    1.17698e+01    2.95665e-05

Writing checkpoint, step 281600 at Sun Dec 13 05:05:58 2020


           Step           Time
         285000      570.00000

   Energies (kJ/mol)
            U-B    Proper Dih.  Improper Dih.      CMAP Dih.          LJ-14
    4.09829e+03    2.30345e+03    2.76966e+02   -7.00932e+02    1.43227e+03
     Coulomb-14        LJ (SR)  Disper. corr.   Coulomb (SR)   Coul. recip.
    2.48022e+04    5.50220e+05   -2.23534e+04   -4.27242e+06    1.21625e+04
      Potential    Kinetic En.   Total Energy  Conserved En.    Temperature
   -3.70018e+06    6.58347e+05   -3.04183e+06   -3.03890e+06    3.00665e+02
 Pres. DC (bar) Pressure (bar)   Constr. rmsd
   -1.39744e+02   -4.51276e+01    2.94099e-05

Writing checkpoint, step 286720 at Sun Dec 13 05:20:57 2020


           Step           Time
         290000      580.00000

   Energies (kJ/mol)
            U-B    Proper Dih.  Improper Dih.      CMAP Dih.          LJ-14
    4.29942e+03    2.21565e+03    2.97839e+02   -7.16597e+02    1.41985e+03
     Coulomb-14        LJ (SR)  Disper. corr.   Coulomb (SR)   Coul. recip.
    2.48300e+04    5.49969e+05   -2.23608e+04   -4.26829e+06    1.23198e+04
      Potential    Kinetic En.   Total Energy  Conserved En.    Temperature
   -3.69602e+06    6.56945e+05   -3.03907e+06   -3.03826e+06    3.00025e+02
 Pres. DC (bar) Pressure (bar)   Constr. rmsd
   -1.39838e+02   -6.32269e+00    3.00401e-05

Writing checkpoint, step 291840 at Sun Dec 13 05:35:59 2020


           Step           Time
         295000      590.00000

   Energies (kJ/mol)
            U-B    Proper Dih.  Improper Dih.      CMAP Dih.          LJ-14
    4.43017e+03    2.25024e+03    3.79745e+02   -6.73568e+02    1.44238e+03
     Coulomb-14        LJ (SR)  Disper. corr.   Coulomb (SR)   Coul. recip.
    2.48815e+04    5.48553e+05   -2.23284e+04   -4.26570e+06    1.24081e+04
      Potential    Kinetic En.   Total Energy  Conserved En.    Temperature
   -3.69436e+06    6.60026e+05   -3.03433e+06   -3.03861e+06    3.01432e+02
 Pres. DC (bar) Pressure (bar)   Constr. rmsd
   -1.39433e+02   -4.11743e+01    2.86373e-05

Writing checkpoint, step 296960 at Sun Dec 13 05:50:59 2020


           Step           Time
         300000      600.00000

   Energies (kJ/mol)
            U-B    Proper Dih.  Improper Dih.      CMAP Dih.          LJ-14
    4.29427e+03    2.20840e+03    3.21496e+02   -6.83111e+02    1.39569e+03
     Coulomb-14        LJ (SR)  Disper. corr.   Coulomb (SR)   Coul. recip.
    2.46515e+04    5.55834e+05   -2.24107e+04   -4.28115e+06    1.22120e+04
      Potential    Kinetic En.   Total Energy  Conserved En.    Temperature
   -3.70333e+06    6.54769e+05   -3.04856e+06   -3.03776e+06    2.99031e+02
 Pres. DC (bar) Pressure (bar)   Constr. rmsd
   -1.40461e+02    6.44345e+01    2.80115e-05

Writing checkpoint, step 302000 at Sun Dec 13 06:05:52 2020


           Step           Time
         305000      610.00000

   Energies (kJ/mol)
            U-B    Proper Dih.  Improper Dih.      CMAP Dih.          LJ-14
    4.49327e+03    2.21188e+03    3.20870e+02   -6.63374e+02    1.35701e+03
     Coulomb-14        LJ (SR)  Disper. corr.   Coulomb (SR)   Coul. recip.
    2.47292e+04    5.51323e+05   -2.23863e+04   -4.27584e+06    1.20994e+04
      Potential    Kinetic En.   Total Energy  Conserved En.    Temperature
   -3.70236e+06    6.58235e+05   -3.04412e+06   -3.03752e+06    3.00614e+02
 Pres. DC (bar) Pressure (bar)   Constr. rmsd
   -1.40156e+02   -2.86637e+01    3.03880e-05

Writing checkpoint, step 307040 at Sun Dec 13 06:20:51 2020


           Step           Time
         310000      620.00000

   Energies (kJ/mol)
            U-B    Proper Dih.  Improper Dih.      CMAP Dih.          LJ-14
    4.31907e+03    2.30956e+03    3.29076e+02   -6.80016e+02    1.39859e+03
     Coulomb-14        LJ (SR)  Disper. corr.   Coulomb (SR)   Coul. recip.
    2.48196e+04    5.50779e+05   -2.23859e+04   -4.27162e+06    1.22177e+04
      Potential    Kinetic En.   Total Energy  Conserved En.    Temperature
   -3.69852e+06    6.53164e+05   -3.04535e+06   -3.03760e+06    2.98298e+02
 Pres. DC (bar) Pressure (bar)   Constr. rmsd
   -1.40151e+02   -1.95077e+01    2.91768e-05

Writing checkpoint, step 312080 at Sun Dec 13 06:35:56 2020


           Step           Time
         315000      630.00000

   Energies (kJ/mol)
            U-B    Proper Dih.  Improper Dih.      CMAP Dih.          LJ-14
    4.46417e+03    2.26036e+03    3.39160e+02   -7.11267e+02    1.38931e+03
     Coulomb-14        LJ (SR)  Disper. corr.   Coulomb (SR)   Coul. recip.
    2.46188e+04    5.53693e+05   -2.23702e+04   -4.27611e+06    1.23184e+04
      Potential    Kinetic En.   Total Energy  Conserved En.    Temperature
   -3.70010e+06    6.57372e+05   -3.04273e+06   -3.03690e+06    3.00220e+02
 Pres. DC (bar) Pressure (bar)   Constr. rmsd
   -1.39955e+02    2.72785e+01    3.01214e-05

Writing checkpoint, step 317120 at Sun Dec 13 06:50:47 2020


           Step           Time
         320000      640.00000

   Energies (kJ/mol)
            U-B    Proper Dih.  Improper Dih.      CMAP Dih.          LJ-14
    4.16878e+03    2.19240e+03    2.73383e+02   -7.45644e+02    1.41547e+03
     Coulomb-14        LJ (SR)  Disper. corr.   Coulomb (SR)   Coul. recip.
    2.47353e+04    5.52607e+05   -2.23415e+04   -4.27151e+06    1.24513e+04
      Potential    Kinetic En.   Total Energy  Conserved En.    Temperature
   -3.69675e+06    6.56847e+05   -3.03990e+06   -3.03652e+06    2.99980e+02
 Pres. DC (bar) Pressure (bar)   Constr. rmsd
   -1.39596e+02    1.80274e+01    2.94548e-05

Writing checkpoint, step 322240 at Sun Dec 13 07:05:49 2020


           Step           Time
         325000      650.00000

   Energies (kJ/mol)
            U-B    Proper Dih.  Improper Dih.      CMAP Dih.          LJ-14
    4.00535e+03    2.22743e+03    3.07429e+02   -7.12986e+02    1.46266e+03
     Coulomb-14        LJ (SR)  Disper. corr.   Coulomb (SR)   Coul. recip.
    2.46091e+04    5.52537e+05   -2.23628e+04   -4.27535e+06    1.22764e+04
      Potential    Kinetic En.   Total Energy  Conserved En.    Temperature
   -3.70100e+06    6.56250e+05   -3.04476e+06   -3.03594e+06    2.99707e+02
 Pres. DC (bar) Pressure (bar)   Constr. rmsd
   -1.39862e+02    5.35301e+00    2.68900e-05

Writing checkpoint, step 327360 at Sun Dec 13 07:20:48 2020


           Step           Time
         330000      660.00000

   Energies (kJ/mol)
            U-B    Proper Dih.  Improper Dih.      CMAP Dih.          LJ-14
    4.05070e+03    2.24031e+03    3.09650e+02   -6.78218e+02    1.39318e+03
     Coulomb-14        LJ (SR)  Disper. corr.   Coulomb (SR)   Coul. recip.
    2.48793e+04    5.50777e+05   -2.23541e+04   -4.27045e+06    1.22632e+04
      Potential    Kinetic En.   Total Energy  Conserved En.    Temperature
   -3.69757e+06    6.56784e+05   -3.04079e+06   -3.03583e+06    2.99951e+02
 Pres. DC (bar) Pressure (bar)   Constr. rmsd
   -1.39753e+02   -1.27356e+01    2.77318e-05

Writing checkpoint, step 332160 at Sun Dec 13 07:35:51 2020


           Step           Time
         335000      670.00000

   Energies (kJ/mol)
            U-B    Proper Dih.  Improper Dih.      CMAP Dih.          LJ-14
    3.97262e+03    2.23165e+03    2.67777e+02   -6.78367e+02    1.38402e+03
     Coulomb-14        LJ (SR)  Disper. corr.   Coulomb (SR)   Coul. recip.
    2.46379e+04    5.50008e+05   -2.22958e+04   -4.26986e+06    1.23294e+04
      Potential    Kinetic En.   Total Energy  Conserved En.    Temperature
   -3.69800e+06    6.56939e+05   -3.04106e+06   -3.03579e+06    3.00022e+02
 Pres. DC (bar) Pressure (bar)   Constr. rmsd
   -1.39026e+02   -7.95801e+01    2.77571e-05

Writing checkpoint, step 337040 at Sun Dec 13 07:50:59 2020


           Step           Time
         340000      680.00000

   Energies (kJ/mol)
            U-B    Proper Dih.  Improper Dih.      CMAP Dih.          LJ-14
    4.31489e+03    2.24635e+03    2.78032e+02   -6.50075e+02    1.40980e+03
     Coulomb-14        LJ (SR)  Disper. corr.   Coulomb (SR)   Coul. recip.
    2.45175e+04    5.50108e+05   -2.23463e+04   -4.26863e+06    1.22046e+04
      Potential    Kinetic En.   Total Energy  Conserved En.    Temperature
   -3.69654e+06    6.57764e+05   -3.03878e+06   -3.03530e+06    3.00399e+02
 Pres. DC (bar) Pressure (bar)   Constr. rmsd
   -1.39656e+02   -3.31474e+01    3.20090e-05

Writing checkpoint, step 342000 at Sun Dec 13 08:05:55 2020


           Step           Time
         345000      690.00000

   Energies (kJ/mol)
            U-B    Proper Dih.  Improper Dih.      CMAP Dih.          LJ-14
    4.39402e+03    2.27657e+03    2.94778e+02   -6.78329e+02    1.47303e+03
     Coulomb-14        LJ (SR)  Disper. corr.   Coulomb (SR)   Coul. recip.
    2.45716e+04    5.50271e+05   -2.23369e+04   -4.26755e+06    1.24247e+04
      Potential    Kinetic En.   Total Energy  Conserved En.    Temperature
   -3.69486e+06    6.55938e+05   -3.03892e+06   -3.03478e+06    2.99565e+02
 Pres. DC (bar) Pressure (bar)   Constr. rmsd
   -1.39539e+02   -1.80331e+01    2.84185e-05

Writing checkpoint, step 346240 at Sun Dec 13 08:21:00 2020


           Step           Time
         350000      700.00000

   Energies (kJ/mol)
            U-B    Proper Dih.  Improper Dih.      CMAP Dih.          LJ-14
    4.12173e+03    2.18976e+03    2.71519e+02   -7.11583e+02    1.37651e+03
     Coulomb-14        LJ (SR)  Disper. corr.   Coulomb (SR)   Coul. recip.
    2.47344e+04    5.49109e+05   -2.23643e+04   -4.27166e+06    1.22408e+04
      Potential    Kinetic En.   Total Energy  Conserved En.    Temperature
   -3.70069e+06    6.57269e+05   -3.04342e+06   -3.03522e+06    3.00173e+02
 Pres. DC (bar) Pressure (bar)   Constr. rmsd
   -1.39881e+02   -6.92521e+01    2.87920e-05

Writing checkpoint, step 351440 at Sun Dec 13 08:36:00 2020


           Step           Time
         355000      710.00000

   Energies (kJ/mol)
            U-B    Proper Dih.  Improper Dih.      CMAP Dih.          LJ-14
    4.00832e+03    2.21997e+03    2.85425e+02   -6.83521e+02    1.40023e+03
     Coulomb-14        LJ (SR)  Disper. corr.   Coulomb (SR)   Coul. recip.
    2.46142e+04    5.51483e+05   -2.23385e+04   -4.26878e+06    1.25185e+04
      Potential    Kinetic En.   Total Energy  Conserved En.    Temperature
   -3.69527e+06    6.55692e+05   -3.03958e+06   -3.03391e+06    2.99453e+02
 Pres. DC (bar) Pressure (bar)   Constr. rmsd
   -1.39558e+02    1.14303e+01    2.67221e-05

Writing checkpoint, step 356480 at Sun Dec 13 08:50:47 2020


           Step           Time
         360000      720.00000

   Energies (kJ/mol)
            U-B    Proper Dih.  Improper Dih.      CMAP Dih.          LJ-14
    4.47312e+03    2.28671e+03    3.54625e+02   -7.07811e+02    1.40443e+03
     Coulomb-14        LJ (SR)  Disper. corr.   Coulomb (SR)   Coul. recip.
    2.46001e+04    5.56180e+05   -2.23712e+04   -4.27947e+06    1.22706e+04
      Potential    Kinetic En.   Total Energy  Conserved En.    Temperature
   -3.70098e+06    6.55309e+05   -3.04567e+06   -3.03339e+06    2.99278e+02
 Pres. DC (bar) Pressure (bar)   Constr. rmsd
   -1.39968e+02    7.38099e+01    2.98311e-05

Writing checkpoint, step 361680 at Sun Dec 13 09:06:00 2020


           Step           Time
         365000      730.00000

   Energies (kJ/mol)
            U-B    Proper Dih.  Improper Dih.      CMAP Dih.          LJ-14
    4.37874e+03    2.32839e+03    2.66894e+02   -6.72149e+02    1.42490e+03
     Coulomb-14        LJ (SR)  Disper. corr.   Coulomb (SR)   Coul. recip.
    2.45260e+04    5.51902e+05   -2.23600e+04   -4.27563e+06    1.23192e+04
      Potential    Kinetic En.   Total Energy  Conserved En.    Temperature
   -3.70152e+06    6.57265e+05   -3.04425e+06   -3.03349e+06    3.00171e+02
 Pres. DC (bar) Pressure (bar)   Constr. rmsd
   -1.39828e+02   -1.07661e+01    2.92251e-05

Writing checkpoint, step 366800 at Sun Dec 13 09:20:52 2020


           Step           Time
         370000      740.00000

   Energies (kJ/mol)
            U-B    Proper Dih.  Improper Dih.      CMAP Dih.          LJ-14
    4.21275e+03    2.19615e+03    2.84369e+02   -6.71565e+02    1.42376e+03
     Coulomb-14        LJ (SR)  Disper. corr.   Coulomb (SR)   Coul. recip.
    2.45345e+04    5.48143e+05   -2.23340e+04   -4.26566e+06    1.21529e+04
      Potential    Kinetic En.   Total Energy  Conserved En.    Temperature
   -3.69572e+06    6.56257e+05   -3.03946e+06   -3.03326e+06    2.99711e+02
 Pres. DC (bar) Pressure (bar)   Constr. rmsd
   -1.39503e+02   -8.38903e+01    3.01423e-05

Writing checkpoint, step 372000 at Sun Dec 13 09:35:58 2020


           Step           Time
         375000      750.00000

   Energies (kJ/mol)
            U-B    Proper Dih.  Improper Dih.      CMAP Dih.          LJ-14
    4.38526e+03    2.22060e+03    2.81905e+02   -6.99767e+02    1.38375e+03
     Coulomb-14        LJ (SR)  Disper. corr.   Coulomb (SR)   Coul. recip.
    2.44678e+04    5.48203e+05   -2.23469e+04   -4.27227e+06    1.23325e+04
      Potential    Kinetic En.   Total Energy  Conserved En.    Temperature
   -3.70204e+06    6.56822e+05   -3.04522e+06   -3.03254e+06    2.99969e+02
 Pres. DC (bar) Pressure (bar)   Constr. rmsd
   -1.39663e+02   -1.21154e+02    3.16456e-05

Writing checkpoint, step 377120 at Sun Dec 13 09:50:50 2020


           Step           Time
         380000      760.00000

   Energies (kJ/mol)
            U-B    Proper Dih.  Improper Dih.      CMAP Dih.          LJ-14
    4.34755e+03    2.33933e+03    3.03290e+02   -6.76107e+02    1.41017e+03
     Coulomb-14        LJ (SR)  Disper. corr.   Coulomb (SR)   Coul. recip.
    2.45943e+04    5.50903e+05   -2.23501e+04   -4.27013e+06    1.24231e+04
      Potential    Kinetic En.   Total Energy  Conserved En.    Temperature
   -3.69684e+06    6.56299e+05   -3.04054e+06   -3.03239e+06    2.99730e+02
 Pres. DC (bar) Pressure (bar)   Constr. rmsd
   -1.39703e+02   -2.70637e+01    3.07388e-05

Writing checkpoint, step 382320 at Sun Dec 13 10:06:00 2020


           Step           Time
         385000      770.00000

   Energies (kJ/mol)
            U-B    Proper Dih.  Improper Dih.      CMAP Dih.          LJ-14
    4.39545e+03    2.21653e+03    2.64852e+02   -6.68122e+02    1.42720e+03
     Coulomb-14        LJ (SR)  Disper. corr.   Coulomb (SR)   Coul. recip.
    2.46121e+04    5.52334e+05   -2.23561e+04   -4.27508e+06    1.21770e+04
      Potential    Kinetic En.   Total Energy  Conserved En.    Temperature
   -3.70068e+06    6.56850e+05   -3.04383e+06   -3.03175e+06    2.99982e+02
 Pres. DC (bar) Pressure (bar)   Constr. rmsd
   -1.39778e+02   -1.03196e+01    3.00440e-05

Writing checkpoint, step 387360 at Sun Dec 13 10:20:47 2020


           Step           Time
         390000      780.00000

   Energies (kJ/mol)
            U-B    Proper Dih.  Improper Dih.      CMAP Dih.          LJ-14
    4.12147e+03    2.26976e+03    2.56382e+02   -7.03760e+02    1.43875e+03
     Coulomb-14        LJ (SR)  Disper. corr.   Coulomb (SR)   Coul. recip.
    2.46039e+04    5.53333e+05   -2.23560e+04   -4.27522e+06    1.23587e+04
      Potential    Kinetic En.   Total Energy  Conserved En.    Temperature
   -3.69990e+06    6.56340e+05   -3.04356e+06   -3.03147e+06    2.99749e+02
 Pres. DC (bar) Pressure (bar)   Constr. rmsd
   -1.39777e+02    3.48951e+01    2.80058e-05

Writing checkpoint, step 392480 at Sun Dec 13 10:35:51 2020


           Step           Time
         395000      790.00000

   Energies (kJ/mol)
            U-B    Proper Dih.  Improper Dih.      CMAP Dih.          LJ-14
    4.23799e+03    2.23518e+03    2.62717e+02   -6.75491e+02    1.37610e+03
     Coulomb-14        LJ (SR)  Disper. corr.   Coulomb (SR)   Coul. recip.
    2.46404e+04    5.55471e+05   -2.23274e+04   -4.27836e+06    1.25403e+04
      Potential    Kinetic En.   Total Energy  Conserved En.    Temperature
   -3.70060e+06    6.57723e+05   -3.04287e+06   -3.03152e+06    3.00380e+02
 Pres. DC (bar) Pressure (bar)   Constr. rmsd
   -1.39421e+02    5.03028e+01    2.82127e-05

Writing checkpoint, step 397600 at Sun Dec 13 10:50:54 2020


           Step           Time
         400000      800.00000

   Energies (kJ/mol)
            U-B    Proper Dih.  Improper Dih.      CMAP Dih.          LJ-14
    4.31488e+03    2.30296e+03    2.72078e+02   -6.70775e+02    1.45049e+03
     Coulomb-14        LJ (SR)  Disper. corr.   Coulomb (SR)   Coul. recip.
    2.46270e+04    5.51489e+05   -2.23263e+04   -4.26771e+06    1.23899e+04
      Potential    Kinetic En.   Total Energy  Conserved En.    Temperature
   -3.69386e+06    6.54900e+05   -3.03896e+06   -3.03124e+06    2.99091e+02
 Pres. DC (bar) Pressure (bar)   Constr. rmsd
   -1.39407e+02    2.06984e+01    2.74109e-05

Writing checkpoint, step 402720 at Sun Dec 13 11:05:59 2020


           Step           Time
         405000      810.00000

   Energies (kJ/mol)
            U-B    Proper Dih.  Improper Dih.      CMAP Dih.          LJ-14
    4.18428e+03    2.30597e+03    2.44236e+02   -7.09439e+02    1.40757e+03
     Coulomb-14        LJ (SR)  Disper. corr.   Coulomb (SR)   Coul. recip.
    2.43050e+04    5.52754e+05   -2.23723e+04   -4.27258e+06    1.22603e+04
      Potential    Kinetic En.   Total Energy  Conserved En.    Temperature
   -3.69820e+06    6.57976e+05   -3.04022e+06   -3.03080e+06    3.00496e+02
 Pres. DC (bar) Pressure (bar)   Constr. rmsd
   -1.39981e+02    3.32454e+01    2.91738e-05

Writing checkpoint, step 407840 at Sun Dec 13 11:21:00 2020


           Step           Time
         410000      820.00000

   Energies (kJ/mol)
            U-B    Proper Dih.  Improper Dih.      CMAP Dih.          LJ-14
    4.35841e+03    2.28048e+03    3.10196e+02   -6.62828e+02    1.49623e+03
     Coulomb-14        LJ (SR)  Disper. corr.   Coulomb (SR)   Coul. recip.
    2.43981e+04    5.52412e+05   -2.23614e+04   -4.27246e+06    1.22851e+04
      Potential    Kinetic En.   Total Energy  Conserved En.    Temperature
   -3.69794e+06    6.58768e+05   -3.03917e+06   -3.03047e+06    3.00858e+02
 Pres. DC (bar) Pressure (bar)   Constr. rmsd
   -1.39844e+02    3.83037e+01    2.86243e-05

Writing checkpoint, step 412960 at Sun Dec 13 11:35:58 2020


           Step           Time
         415000      830.00000

   Energies (kJ/mol)
            U-B    Proper Dih.  Improper Dih.      CMAP Dih.          LJ-14
    4.38198e+03    2.27844e+03    3.56365e+02   -6.63617e+02    1.48797e+03
     Coulomb-14        LJ (SR)  Disper. corr.   Coulomb (SR)   Coul. recip.
    2.42564e+04    5.48648e+05   -2.24008e+04   -4.26734e+06    1.22006e+04
      Potential    Kinetic En.   Total Energy  Conserved En.    Temperature
   -3.69680e+06    6.58125e+05   -3.03867e+06   -3.03068e+06    3.00564e+02
 Pres. DC (bar) Pressure (bar)   Constr. rmsd
   -1.40338e+02   -8.45070e+00    2.96684e-05

Writing checkpoint, step 418080 at Sun Dec 13 11:50:59 2020


           Step           Time
         420000      840.00000

   Energies (kJ/mol)
            U-B    Proper Dih.  Improper Dih.      CMAP Dih.          LJ-14
    4.10649e+03    2.25880e+03    3.08366e+02   -6.88603e+02    1.43188e+03
     Coulomb-14        LJ (SR)  Disper. corr.   Coulomb (SR)   Coul. recip.
    2.43323e+04    5.54114e+05   -2.23497e+04   -4.27465e+06    1.21215e+04
      Potential    Kinetic En.   Total Energy  Conserved En.    Temperature
   -3.69901e+06    6.56775e+05   -3.04224e+06   -3.02983e+06    2.99947e+02
 Pres. DC (bar) Pressure (bar)   Constr. rmsd
   -1.39699e+02    4.04859e+01    2.77067e-05

Writing checkpoint, step 423200 at Sun Dec 13 12:05:58 2020


           Step           Time
         425000      850.00000

   Energies (kJ/mol)
            U-B    Proper Dih.  Improper Dih.      CMAP Dih.          LJ-14
    4.56235e+03    2.29335e+03    3.23767e+02   -6.55817e+02    1.39470e+03
     Coulomb-14        LJ (SR)  Disper. corr.   Coulomb (SR)   Coul. recip.
    2.44188e+04    5.54073e+05   -2.23427e+04   -4.27431e+06    1.24040e+04
      Potential    Kinetic En.   Total Energy  Conserved En.    Temperature
   -3.69784e+06    6.57211e+05   -3.04063e+06   -3.02944e+06    3.00147e+02
 Pres. DC (bar) Pressure (bar)   Constr. rmsd
   -1.39612e+02    3.11977e+01    3.01460e-05

Writing checkpoint, step 428320 at Sun Dec 13 12:20:50 2020


           Step           Time
         430000      860.00000

   Energies (kJ/mol)
            U-B    Proper Dih.  Improper Dih.      CMAP Dih.          LJ-14
    4.31467e+03    2.31816e+03    2.78838e+02   -6.90566e+02    1.42976e+03
     Coulomb-14        LJ (SR)  Disper. corr.   Coulomb (SR)   Coul. recip.
    2.43218e+04    5.51104e+05   -2.23219e+04   -4.26889e+06    1.21486e+04
      Potential    Kinetic En.   Total Energy  Conserved En.    Temperature
   -3.69599e+06    6.55905e+05   -3.04008e+06   -3.02933e+06    2.99550e+02
 Pres. DC (bar) Pressure (bar)   Constr. rmsd
   -1.39352e+02   -2.12832e+01    2.98281e-05

Writing checkpoint, step 433520 at Sun Dec 13 12:35:58 2020


           Step           Time
         435000      870.00000

   Energies (kJ/mol)
            U-B    Proper Dih.  Improper Dih.      CMAP Dih.          LJ-14
    4.33356e+03    2.30698e+03    3.19477e+02   -6.77921e+02    1.41300e+03
     Coulomb-14        LJ (SR)  Disper. corr.   Coulomb (SR)   Coul. recip.
    2.44561e+04    5.54649e+05   -2.23660e+04   -4.27832e+06    1.21810e+04
      Potential    Kinetic En.   Total Energy  Conserved En.    Temperature
   -3.70170e+06    6.57919e+05   -3.04378e+06   -3.02936e+06    3.00470e+02
 Pres. DC (bar) Pressure (bar)   Constr. rmsd
   -1.39903e+02    3.41717e+01    2.91311e-05

Writing checkpoint, step 438080 at Sun Dec 13 12:51:03 2020


           Step           Time
         440000      880.00000

   Energies (kJ/mol)
            U-B    Proper Dih.  Improper Dih.      CMAP Dih.          LJ-14
    4.16235e+03    2.27969e+03    3.57037e+02   -6.79474e+02    1.40005e+03
     Coulomb-14        LJ (SR)  Disper. corr.   Coulomb (SR)   Coul. recip.
    2.44649e+04    5.51374e+05   -2.23607e+04   -4.27284e+06    1.22969e+04
      Potential    Kinetic En.   Total Energy  Conserved En.    Temperature
   -3.69955e+06    6.54799e+05   -3.04475e+06   -3.02823e+06    2.99045e+02
 Pres. DC (bar) Pressure (bar)   Constr. rmsd
   -1.39836e+02   -1.29922e+01    3.13706e-05

Writing checkpoint, step 442480 at Sun Dec 13 13:05:49 2020


           Step           Time
         445000      890.00000

   Energies (kJ/mol)
            U-B    Proper Dih.  Improper Dih.      CMAP Dih.          LJ-14
    3.92108e+03    2.21857e+03    2.79001e+02   -6.92237e+02    1.48041e+03
     Coulomb-14        LJ (SR)  Disper. corr.   Coulomb (SR)   Coul. recip.
    2.46162e+04    5.49204e+05   -2.23455e+04   -4.26757e+06    1.23898e+04
      Potential    Kinetic En.   Total Energy  Conserved En.    Temperature
   -3.69650e+06    6.57188e+05   -3.03931e+06   -3.02810e+06    3.00136e+02
 Pres. DC (bar) Pressure (bar)   Constr. rmsd
   -1.39647e+02   -3.20202e+01    2.83994e-05

Writing checkpoint, step 446800 at Sun Dec 13 13:20:53 2020


           Step           Time
         450000      900.00000

   Energies (kJ/mol)
            U-B    Proper Dih.  Improper Dih.      CMAP Dih.          LJ-14
    4.14025e+03    2.25652e+03    2.75547e+02   -6.87607e+02    1.42473e+03
     Coulomb-14        LJ (SR)  Disper. corr.   Coulomb (SR)   Coul. recip.
    2.44729e+04    5.52630e+05   -2.23672e+04   -4.27452e+06    1.21682e+04
      Potential    Kinetic En.   Total Energy  Conserved En.    Temperature
   -3.70020e+06    6.53903e+05   -3.04630e+06   -3.02806e+06    2.98636e+02
 Pres. DC (bar) Pressure (bar)   Constr. rmsd
   -1.39917e+02    2.69259e+01    2.61585e-05

Writing checkpoint, step 452080 at Sun Dec 13 13:35:51 2020


           Step           Time
         455000      910.00000

   Energies (kJ/mol)
            U-B    Proper Dih.  Improper Dih.      CMAP Dih.          LJ-14
    4.04864e+03    2.18054e+03    3.31570e+02   -6.62250e+02    1.42191e+03
     Coulomb-14        LJ (SR)  Disper. corr.   Coulomb (SR)   Coul. recip.
    2.44991e+04    5.52173e+05   -2.23838e+04   -4.27376e+06    1.23942e+04
      Potential    Kinetic En.   Total Energy  Conserved En.    Temperature
   -3.69976e+06    6.56832e+05   -3.04292e+06   -3.02742e+06    2.99973e+02
 Pres. DC (bar) Pressure (bar)   Constr. rmsd
   -1.40124e+02    2.08596e+01    2.91233e-05

Writing checkpoint, step 457440 at Sun Dec 13 13:50:58 2020


           Step           Time
         460000      920.00000

   Energies (kJ/mol)
            U-B    Proper Dih.  Improper Dih.      CMAP Dih.          LJ-14
    4.37473e+03    2.25158e+03    2.87226e+02   -6.85978e+02    1.42852e+03
     Coulomb-14        LJ (SR)  Disper. corr.   Coulomb (SR)   Coul. recip.
    2.44994e+04    5.52858e+05   -2.23544e+04   -4.27222e+06    1.25396e+04
      Potential    Kinetic En.   Total Energy  Conserved En.    Temperature
   -3.69702e+06    6.58321e+05   -3.03870e+06   -3.02735e+06    3.00653e+02
 Pres. DC (bar) Pressure (bar)   Constr. rmsd
   -1.39757e+02    2.38202e+01    3.21163e-05

Writing checkpoint, step 462720 at Sun Dec 13 14:05:57 2020


           Step           Time
         465000      930.00000

   Energies (kJ/mol)
            U-B    Proper Dih.  Improper Dih.      CMAP Dih.          LJ-14
    4.54744e+03    2.29758e+03    3.01677e+02   -7.01038e+02    1.43474e+03
     Coulomb-14        LJ (SR)  Disper. corr.   Coulomb (SR)   Coul. recip.
    2.44516e+04    5.51676e+05   -2.23402e+04   -4.27005e+06    1.21436e+04
      Potential    Kinetic En.   Total Energy  Conserved En.    Temperature
   -3.69624e+06    6.55466e+05   -3.04077e+06   -3.02708e+06    2.99350e+02
 Pres. DC (bar) Pressure (bar)   Constr. rmsd
   -1.39580e+02   -1.28379e+01    3.05547e-05

Writing checkpoint, step 468000 at Sun Dec 13 14:21:00 2020


           Step           Time
         470000      940.00000

   Energies (kJ/mol)
            U-B    Proper Dih.  Improper Dih.      CMAP Dih.          LJ-14
    4.22470e+03    2.23153e+03    2.51912e+02   -6.66085e+02    1.37703e+03
     Coulomb-14        LJ (SR)  Disper. corr.   Coulomb (SR)   Coul. recip.
    2.44368e+04    5.52922e+05   -2.23808e+04   -4.27443e+06    1.22133e+04
      Potential    Kinetic En.   Total Energy  Conserved En.    Temperature
   -3.69982e+06    6.58344e+05   -3.04147e+06   -3.02623e+06    3.00664e+02
 Pres. DC (bar) Pressure (bar)   Constr. rmsd
   -1.40088e+02    2.47223e+01    2.84011e-05

Writing checkpoint, step 473120 at Sun Dec 13 14:35:52 2020


           Step           Time
         475000      950.00000

   Energies (kJ/mol)
            U-B    Proper Dih.  Improper Dih.      CMAP Dih.          LJ-14
    4.14296e+03    2.22993e+03    2.78809e+02   -6.49767e+02    1.42296e+03
     Coulomb-14        LJ (SR)  Disper. corr.   Coulomb (SR)   Coul. recip.
    2.44856e+04    5.54755e+05   -2.23706e+04   -4.28220e+06    1.22586e+04
      Potential    Kinetic En.   Total Energy  Conserved En.    Temperature
   -3.70565e+06    6.54796e+05   -3.05086e+06   -3.02643e+06    2.99043e+02
 Pres. DC (bar) Pressure (bar)   Constr. rmsd
   -1.39960e+02   -6.93436e-01    2.76902e-05

Writing checkpoint, step 478320 at Sun Dec 13 14:50:54 2020


           Step           Time
         480000      960.00000

   Energies (kJ/mol)
            U-B    Proper Dih.  Improper Dih.      CMAP Dih.          LJ-14
    4.50444e+03    2.18221e+03    2.81556e+02   -6.89283e+02    1.43638e+03
     Coulomb-14        LJ (SR)  Disper. corr.   Coulomb (SR)   Coul. recip.
    2.45446e+04    5.51021e+05   -2.23449e+04   -4.26815e+06    1.22008e+04
      Potential    Kinetic En.   Total Energy  Conserved En.    Temperature
   -3.69502e+06    6.58795e+05   -3.03622e+06   -3.02633e+06    3.00870e+02
 Pres. DC (bar) Pressure (bar)   Constr. rmsd
   -1.39639e+02    1.91640e+01    2.78792e-05

Writing checkpoint, step 483520 at Sun Dec 13 15:05:58 2020


           Step           Time
         485000      970.00000

   Energies (kJ/mol)
            U-B    Proper Dih.  Improper Dih.      CMAP Dih.          LJ-14
    4.22885e+03    2.24209e+03    2.69798e+02   -6.80990e+02    1.45033e+03
     Coulomb-14        LJ (SR)  Disper. corr.   Coulomb (SR)   Coul. recip.
    2.45667e+04    5.53267e+05   -2.23564e+04   -4.27060e+06    1.21981e+04
      Potential    Kinetic En.   Total Energy  Conserved En.    Temperature
   -3.69542e+06    6.58225e+05   -3.03719e+06   -3.02641e+06    3.00609e+02
 Pres. DC (bar) Pressure (bar)   Constr. rmsd
   -1.39782e+02    7.54009e+01    2.79105e-05

Writing checkpoint, step 488480 at Sun Dec 13 15:20:48 2020


           Step           Time
         490000      980.00000

   Energies (kJ/mol)
            U-B    Proper Dih.  Improper Dih.      CMAP Dih.          LJ-14
    4.15853e+03    2.25319e+03    3.13074e+02   -6.67991e+02    1.40078e+03
     Coulomb-14        LJ (SR)  Disper. corr.   Coulomb (SR)   Coul. recip.
    2.45617e+04    5.52024e+05   -2.23499e+04   -4.27364e+06    1.24741e+04
      Potential    Kinetic En.   Total Energy  Conserved En.    Temperature
   -3.69947e+06    6.56336e+05   -3.04313e+06   -3.02605e+06    2.99747e+02
 Pres. DC (bar) Pressure (bar)   Constr. rmsd
   -1.39701e+02    1.67795e+00    2.76836e-05

Writing checkpoint, step 492880 at Sun Dec 13 15:35:47 2020


           Step           Time
         495000      990.00000

   Energies (kJ/mol)
            U-B    Proper Dih.  Improper Dih.      CMAP Dih.          LJ-14
    4.30297e+03    2.28467e+03    3.49029e+02   -6.87602e+02    1.40527e+03
     Coulomb-14        LJ (SR)  Disper. corr.   Coulomb (SR)   Coul. recip.
    2.46145e+04    5.53097e+05   -2.23491e+04   -4.27430e+06    1.22598e+04
      Potential    Kinetic En.   Total Energy  Conserved En.    Temperature
   -3.69902e+06    6.54130e+05   -3.04489e+06   -3.02573e+06    2.98739e+02
 Pres. DC (bar) Pressure (bar)   Constr. rmsd
   -1.39691e+02    2.35356e+01    3.04806e-05

Writing checkpoint, step 498160 at Sun Dec 13 15:50:54 2020


           Step           Time
         500000     1000.00000

Writing checkpoint, step 500000 at Sun Dec 13 15:56:09 2020


   Energies (kJ/mol)
            U-B    Proper Dih.  Improper Dih.      CMAP Dih.          LJ-14
    4.38340e+03    2.22190e+03    2.67999e+02   -6.66422e+02    1.42446e+03
     Coulomb-14        LJ (SR)  Disper. corr.   Coulomb (SR)   Coul. recip.
    2.44833e+04    5.50963e+05   -2.23365e+04   -4.27174e+06    1.22171e+04
      Potential    Kinetic En.   Total Energy  Conserved En.    Temperature
   -3.69878e+06    6.56664e+05   -3.04212e+06   -3.02537e+06    2.99897e+02
 Pres. DC (bar) Pressure (bar)   Constr. rmsd
   -1.39534e+02   -2.65900e+01    2.94219e-05


	<======  ###############  ==>
	<====  A V E R A G E S  ====>
	<==  ###############  ======>

	Statistics over 500001 steps using 5001 frames

   Energies (kJ/mol)
            U-B    Proper Dih.  Improper Dih.      CMAP Dih.          LJ-14
    4.26632e+03    2.26095e+03    2.93850e+02   -6.84891e+02    1.41067e+03
     Coulomb-14        LJ (SR)  Disper. corr.   Coulomb (SR)   Coul. recip.
    2.46093e+04    5.51979e+05   -2.23531e+04   -4.27246e+06    1.22708e+04
      Potential    Kinetic En.   Total Energy  Conserved En.    Temperature
   -3.69840e+06    6.56870e+05   -3.04153e+06   -3.04141e+06    2.99991e+02
 Pres. DC (bar) Pressure (bar)   Constr. rmsd
   -1.39742e+02    8.21464e-01    0.00000e+00

          Box-X          Box-Y          Box-Z
    1.38532e+01    1.38532e+01    1.38532e+01

   Total Virial (kJ/mol)
    2.18990e+05   -3.21600e+01    1.76959e+01
   -3.19655e+01    2.18876e+05   -4.18138e+00
    1.48908e+01   -4.46592e+00    2.18812e+05

   Pressure (bar)
    3.47914e-01    5.68769e-01    8.25456e-02
    5.66337e-01    1.54899e+00    5.19951e-01
    1.17578e-01    5.23506e-01    5.67489e-01

      T-Protein  T-non-Protein
    2.99986e+02    2.99991e+02


	M E G A - F L O P S   A C C O U N T I N G

 NB=Group-cutoff nonbonded kernels    NxN=N-by-N cluster Verlet kernels
 RF=Reaction-Field  VdW=Van der Waals  QSTab=quadratic-spline table
 W3=SPC/TIP3p  W4=TIP4p (single or pairs)
 V&F=Potential and force  V=Potential only  F=Force only

 Computing:                               M-Number         M-Flops  % Flops
-----------------------------------------------------------------------------
 Pair Search distance check          937966.557470     8441699.017     0.2
 NxN QSTab Elec. + LJ [F]          51370771.942184  2722650912.936    57.7
 NxN QSTab Elec. + LJ [V&F]          519000.796496    42039064.516     0.9
 NxN QSTab Elec. [F]               49488595.451880  1682612245.364    35.7
 NxN QSTab Elec. [V&F]               499985.772112    20499416.657     0.4
 1,4 nonbonded interactions            2457.004914      221130.442     0.0
 Calc Weights                        394665.789330    14207968.416     0.3
 Spread Q Bspline                   8419536.839040    16839073.678     0.4
 Gather F Bspline                   8419536.839040    50517221.034     1.1
 3D-FFT                            17477894.955720   139823159.646     3.0
 Solve PME                             4608.009216      294912.590     0.0
 Shift-X                               1644.700610        9868.204     0.0
 Propers                               1988.003976      455252.911     0.0
 Impropers                              180.000360       37440.075     0.0
 Virial                               13158.013155      236844.237     0.0
 Stop-CM                               1315.813110       13158.131     0.0
 Calc-Ekin                            26311.526220      710411.208     0.0
 Lincs                                  937.001874       56220.112     0.0
 Lincs-Mat                            20376.040752       81504.163     0.0
 Constraint-V                        132248.264496     1057986.116     0.0
 Constraint-Vir                       13131.362622      315152.703     0.0
 Settle                               43458.086916    14036962.074     0.3
 CMAP                                    61.000122      103700.207     0.0
 Urey-Bradley                          1698.003396      310734.621     0.0
-----------------------------------------------------------------------------
 Total                                              4715572039.058   100.0
-----------------------------------------------------------------------------


     R E A L   C Y C L E   A N D   T I M E   A C C O U N T I N G

On 1 MPI rank, each using 8 OpenMP threads

 Computing:          Num   Num      Call    Wall time         Giga-Cycles
                     Ranks Threads  Count      (s)         total sum    %
-----------------------------------------------------------------------------
 Neighbor search        1    8       6251     993.372      18309.818   1.1
 Force                  1    8     500001   73696.649    1358375.903  83.2
 PME mesh               1    8     500001   10629.861     195929.494  12.0
 NB X/F buffer ops.     1    8     993751    1491.777      27496.419   1.7
 Write traj.            1    8        299      23.864        439.856   0.0
 Update                 1    8     500001     726.902      13398.254   0.8
 Constraints            1    8     500001     781.751      14409.219   0.9
 Rest                                         181.057       3337.245   0.2
-----------------------------------------------------------------------------
 Total                                      88525.233    1631696.208 100.0
-----------------------------------------------------------------------------
 Breakdown of PME mesh computation
-----------------------------------------------------------------------------
 PME spread             1    8     500001    4002.106      73766.784   4.5
 PME gather             1    8     500001    4100.897      75587.700   4.6
 PME 3D-FFT             1    8    1000002    2233.194      41162.215   2.5
 PME solve Elec         1    8     500001     244.576       4508.016   0.3
-----------------------------------------------------------------------------

               Core t (s)   Wall t (s)        (%)
       Time:   708201.856    88525.233      800.0
                         1d00h35:25
                 (ns/day)    (hour/ns)
Performance:        0.976       24.590
Finished mdrun on rank 0 Sun Dec 13 15:56:10 2020

