Log file opened on Thu Dec 10 23:53:27 2020
Host: DESKTOP-4ATMB28  pid: 117  rank ID: 0  number of ranks:  1
                      :-) GROMACS - gmx mdrun, 2018.1 (-:

                            GROMACS is written by:
     Emile Apol      Rossen Apostolov      Paul Bauer     Herman J.C. Berendsen
    Par Bjelkmar    Aldert van Buuren   Rudi van Drunen     Anton Feenstra  
  Gerrit Groenhof    Aleksei Iupinov   Christoph Junghans   Anca Hamuraru   
 Vincent Hindriksen Dimitrios Karkoulis    Peter Kasson        Jiri Kraus    
  Carsten Kutzner      Per Larsson      Justin A. Lemkul    Viveca Lindahl  
  Magnus Lundborg   Pieter Meulenhoff    Erik Marklund      Teemu Murtola   
    Szilard Pall       Sander Pronk      Roland Schulz     Alexey Shvetsov  
   Michael Shirts     Alfons Sijbers     Peter Tieleman    Teemu Virolainen 
 Christian Wennberg    Maarten Wolf   
                           and the project leaders:
        Mark Abraham, Berk Hess, Erik Lindahl, and David van der Spoel

Copyright (c) 1991-2000, University of Groningen, The Netherlands.
Copyright (c) 2001-2017, The GROMACS development team at
Uppsala University, Stockholm University and
the Royal Institute of Technology, Sweden.
check out http://www.gromacs.org for more information.

GROMACS is free software; you can redistribute it and/or modify it
under the terms of the GNU Lesser General Public License
as published by the Free Software Foundation; either version 2.1
of the License, or (at your option) any later version.

GROMACS:      gmx mdrun, version 2018.1
Executable:   /usr/bin/gmx
Data prefix:  /usr
Working dir:  /mnt/c/Sankalpa/Sankalpa Things/College/Academic/Bio Courses/Comp Sim/Project6
Command line:
  gmx mdrun -v -nt 4 -deffnm md

GROMACS version:    2018.1
Precision:          single
Memory model:       64 bit
MPI library:        thread_mpi
OpenMP support:     enabled (GMX_OPENMP_MAX_THREADS = 64)
GPU support:        disabled
SIMD instructions:  SSE2
FFT library:        fftw-3.3.7-sse2-avx
RDTSCP usage:       disabled
TNG support:        enabled
Hwloc support:      hwloc-1.11.6
Tracing support:    disabled
Built on:           2018-03-31 17:12:46
Built by:           buildd@debian [CMAKE]
Build OS/arch:      Linux x86_64
Build CPU vendor:   Intel
Build CPU brand:    Westmere E56xx/L56xx/X56xx (Nehalem-C)
Build CPU family:   6   Model: 44   Stepping: 1
Build CPU features: aes apic clfsh cmov cx8 cx16 intel lahf mmx msr pcid pclmuldq pdpe1gb popcnt pse rdtscp sse2 sse3 sse4.1 sse4.2 ssse3 x2apic
C compiler:         /usr/bin/cc GNU 7.3.0
C compiler flags:    -msse2   -g -O2 -fdebug-prefix-map=/build/gromacs-Fqu8ou/gromacs-2018.1=. -fstack-protector-strong -Wformat -Werror=format-security -Wdate-time -D_FORTIFY_SOURCE=2  -O3 -DNDEBUG -funroll-all-loops -fexcess-precision=fast  
C++ compiler:       /usr/bin/c++ GNU 7.3.0
C++ compiler flags:  -msse2   -g -O2 -fdebug-prefix-map=/build/gromacs-Fqu8ou/gromacs-2018.1=. -fstack-protector-strong -Wformat -Werror=format-security -Wdate-time -D_FORTIFY_SOURCE=2 -std=c++11   -O3 -DNDEBUG -funroll-all-loops -fexcess-precision=fast  


Running on 1 node with total 2 cores, 4 logical cores
Hardware detected:
  CPU info:
    Vendor: Intel
    Brand:  Intel(R) Core(TM) i5-7200U CPU @ 2.50GHz
    Family: 6   Model: 142   Stepping: 9
    Features: aes apic avx avx2 clfsh cmov cx8 cx16 f16c fma htt intel lahf mmx msr nonstop_tsc pcid pclmuldq pdcm pdpe1gb popcnt pse rdrnd rdtscp sse2 sse3 sse4.1 sse4.2 ssse3 tdt x2apic
  Hardware topology: Basic
    Sockets, cores, and logical processors:
      Socket  0: [   0   1] [   2   3]

Highest SIMD level requested by all nodes in run: AVX2_256
SIMD instructions selected at compile time:       SSE2
This program was compiled for different hardware than you are running on,
which could influence performance.
The current CPU can measure timings more accurately than the code in
gmx mdrun was configured to use. This might affect your simulation
speed as accurate timings are needed for load-balancing.
Please consider rebuilding gmx mdrun with the GMX_USE_RDTSCP=ON CMake option.

++++ PLEASE READ AND CITE THE FOLLOWING REFERENCE ++++
M. J. Abraham, T. Murtola, R. Schulz, S. Páll, J. C. Smith, B. Hess, E.
Lindahl
GROMACS: High performance molecular simulations through multi-level
parallelism from laptops to supercomputers
SoftwareX 1 (2015) pp. 19-25
-------- -------- --- Thank You --- -------- --------


++++ PLEASE READ AND CITE THE FOLLOWING REFERENCE ++++
S. Páll, M. J. Abraham, C. Kutzner, B. Hess, E. Lindahl
Tackling Exascale Software Challenges in Molecular Dynamics Simulations with
GROMACS
In S. Markidis & E. Laure (Eds.), Solving Software Challenges for Exascale 8759 (2015) pp. 3-27
-------- -------- --- Thank You --- -------- --------


++++ PLEASE READ AND CITE THE FOLLOWING REFERENCE ++++
S. Pronk, S. Páll, R. Schulz, P. Larsson, P. Bjelkmar, R. Apostolov, M. R.
Shirts, J. C. Smith, P. M. Kasson, D. van der Spoel, B. Hess, and E. Lindahl
GROMACS 4.5: a high-throughput and highly parallel open source molecular
simulation toolkit
Bioinformatics 29 (2013) pp. 845-54
-------- -------- --- Thank You --- -------- --------


++++ PLEASE READ AND CITE THE FOLLOWING REFERENCE ++++
B. Hess and C. Kutzner and D. van der Spoel and E. Lindahl
GROMACS 4: Algorithms for highly efficient, load-balanced, and scalable
molecular simulation
J. Chem. Theory Comput. 4 (2008) pp. 435-447
-------- -------- --- Thank You --- -------- --------


++++ PLEASE READ AND CITE THE FOLLOWING REFERENCE ++++
D. van der Spoel, E. Lindahl, B. Hess, G. Groenhof, A. E. Mark and H. J. C.
Berendsen
GROMACS: Fast, Flexible and Free
J. Comp. Chem. 26 (2005) pp. 1701-1719
-------- -------- --- Thank You --- -------- --------


++++ PLEASE READ AND CITE THE FOLLOWING REFERENCE ++++
E. Lindahl and B. Hess and D. van der Spoel
GROMACS 3.0: A package for molecular simulation and trajectory analysis
J. Mol. Mod. 7 (2001) pp. 306-317
-------- -------- --- Thank You --- -------- --------


++++ PLEASE READ AND CITE THE FOLLOWING REFERENCE ++++
H. J. C. Berendsen, D. van der Spoel and R. van Drunen
GROMACS: A message-passing parallel molecular dynamics implementation
Comp. Phys. Comm. 91 (1995) pp. 43-56
-------- -------- --- Thank You --- -------- --------

Input Parameters:
   integrator                     = md
   tinit                          = 0
   dt                             = 0.002
   nsteps                         = 500000
   init-step                      = 0
   simulation-part                = 1
   comm-mode                      = Linear
   nstcomm                        = 100
   bd-fric                        = 0
   ld-seed                        = -1546519965
   emtol                          = 10
   emstep                         = 0.01
   niter                          = 20
   fcstep                         = 0
   nstcgsteep                     = 1000
   nbfgscorr                      = 10
   rtpi                           = 0.05
   nstxout                        = 0
   nstvout                        = 0
   nstfout                        = 0
   nstlog                         = 5000
   nstcalcenergy                  = 100
   nstenergy                      = 5000
   nstxout-compressed             = 2500
   compressed-x-precision         = 1000
   cutoff-scheme                  = Verlet
   nstlist                        = 10
   ns-type                        = Grid
   pbc                            = xyz
   periodic-molecules             = false
   verlet-buffer-tolerance        = 0.005
   rlist                          = 1.2
   coulombtype                    = PME
   coulomb-modifier               = Potential-shift
   rcoulomb-switch                = 0
   rcoulomb                       = 1.2
   epsilon-r                      = 1
   epsilon-rf                     = inf
   vdw-type                       = Cut-off
   vdw-modifier                   = Force-switch
   rvdw-switch                    = 1
   rvdw                           = 1.2
   DispCorr                       = EnerPres
   table-extension                = 1
   fourierspacing                 = 0.16
   fourier-nx                     = 96
   fourier-ny                     = 96
   fourier-nz                     = 96
   pme-order                      = 4
   ewald-rtol                     = 1e-05
   ewald-rtol-lj                  = 0.001
   lj-pme-comb-rule               = Geometric
   ewald-geometry                 = 0
   epsilon-surface                = 0
   implicit-solvent               = No
   gb-algorithm                   = Still
   nstgbradii                     = 1
   rgbradii                       = 1
   gb-epsilon-solvent             = 80
   gb-saltconc                    = 0
   gb-obc-alpha                   = 1
   gb-obc-beta                    = 0.8
   gb-obc-gamma                   = 4.85
   gb-dielectric-offset           = 0.009
   sa-algorithm                   = Ace-approximation
   sa-surface-tension             = 2.05016
   tcoupl                         = Nose-Hoover
   nsttcouple                     = 10
   nh-chain-length                = 1
   print-nose-hoover-chain-variables = false
   pcoupl                         = Parrinello-Rahman
   pcoupltype                     = Isotropic
   nstpcouple                     = 10
   tau-p                          = 2
   compressibility (3x3):
      compressibility[    0]={ 4.50000e-05,  0.00000e+00,  0.00000e+00}
      compressibility[    1]={ 0.00000e+00,  4.50000e-05,  0.00000e+00}
      compressibility[    2]={ 0.00000e+00,  0.00000e+00,  4.50000e-05}
   ref-p (3x3):
      ref-p[    0]={ 1.00000e+00,  0.00000e+00,  0.00000e+00}
      ref-p[    1]={ 0.00000e+00,  1.00000e+00,  0.00000e+00}
      ref-p[    2]={ 0.00000e+00,  0.00000e+00,  1.00000e+00}
   refcoord-scaling               = COM
   posres-com (3):
      posres-com[0]= 0.00000e+00
      posres-com[1]= 0.00000e+00
      posres-com[2]= 0.00000e+00
   posres-comB (3):
      posres-comB[0]= 0.00000e+00
      posres-comB[1]= 0.00000e+00
      posres-comB[2]= 0.00000e+00
   QMMM                           = false
   QMconstraints                  = 0
   QMMMscheme                     = 0
   MMChargeScaleFactor            = 1
qm-opts:
   ngQM                           = 0
   constraint-algorithm           = Lincs
   continuation                   = true
   Shake-SOR                      = false
   shake-tol                      = 0.0001
   lincs-order                    = 4
   lincs-iter                     = 1
   lincs-warnangle                = 30
   nwall                          = 0
   wall-type                      = 9-3
   wall-r-linpot                  = -1
   wall-atomtype[0]               = -1
   wall-atomtype[1]               = -1
   wall-density[0]                = 0
   wall-density[1]                = 0
   wall-ewald-zfac                = 3
   pull                           = false
   awh                            = false
   rotation                       = false
   interactiveMD                  = false
   disre                          = No
   disre-weighting                = Conservative
   disre-mixed                    = false
   dr-fc                          = 1000
   dr-tau                         = 0
   nstdisreout                    = 100
   orire-fc                       = 0
   orire-tau                      = 0
   nstorireout                    = 100
   free-energy                    = no
   cos-acceleration               = 0
   deform (3x3):
      deform[    0]={ 0.00000e+00,  0.00000e+00,  0.00000e+00}
      deform[    1]={ 0.00000e+00,  0.00000e+00,  0.00000e+00}
      deform[    2]={ 0.00000e+00,  0.00000e+00,  0.00000e+00}
   simulated-tempering            = false
   swapcoords                     = no
   userint1                       = 0
   userint2                       = 0
   userint3                       = 0
   userint4                       = 0
   userreal1                      = 0
   userreal2                      = 0
   userreal3                      = 0
   userreal4                      = 0
   applied-forces:
     electric-field:
       x:
         E0                       = 0
         omega                    = 0
         t0                       = 0
         sigma                    = 0
       y:
         E0                       = 0
         omega                    = 0
         t0                       = 0
         sigma                    = 0
       z:
         E0                       = 0
         omega                    = 0
         t0                       = 0
         sigma                    = 0
grpopts:
   nrdf:     3908.98      534711
   ref-t:         300         300
   tau-t:         0.5         0.5
annealing:          No          No
annealing-npoints:           0           0
   acc:	           0           0           0
   nfreeze:           N           N           N
   energygrp-flags[  0]: 0

Changing nstlist from 10 to 80, rlist from 1.2 to 1.323


Using 1 MPI thread
Using 4 OpenMP threads 

Pinning threads with an auto-selected logical core stride of 1
System total charge: 0.000
Will do PME sum in reciprocal space for electrostatic interactions.

++++ PLEASE READ AND CITE THE FOLLOWING REFERENCE ++++
U. Essmann, L. Perera, M. L. Berkowitz, T. Darden, H. Lee and L. G. Pedersen 
A smooth particle mesh Ewald method
J. Chem. Phys. 103 (1995) pp. 8577-8592
-------- -------- --- Thank You --- -------- --------

Using a Gaussian width (1/beta) of 0.384195 nm for Ewald
Potential shift: LJ r^-12: -2.648e-01 r^-6: -5.349e-01, Ewald -8.333e-06
Initialized non-bonded Ewald correction tables, spacing: 1.02e-03 size: 1176

Long Range LJ corr.: <C6> 2.8256e-04
Generated table with 1161 data points for Ewald.
Tabscale = 500 points/nm
Generated table with 1161 data points for LJ6Shift.
Tabscale = 500 points/nm
Generated table with 1161 data points for LJ12Shift.
Tabscale = 500 points/nm
Generated table with 1161 data points for 1-4 COUL.
Tabscale = 500 points/nm
Generated table with 1161 data points for 1-4 LJ6.
Tabscale = 500 points/nm
Generated table with 1161 data points for 1-4 LJ12.
Tabscale = 500 points/nm

Using SIMD 4x4 nonbonded short-range kernels

Using a dual 4x4 pair-list setup updated with dynamic pruning:
  outer list: updated every 80 steps, buffer 0.123 nm, rlist 1.323 nm
  inner list: updated every 12 steps, buffer 0.001 nm, rlist 1.201 nm
At tolerance 0.005 kJ/mol/ps per atom, equivalent classical 1x1 list would be:
  outer list: updated every 80 steps, buffer 0.266 nm, rlist 1.466 nm
  inner list: updated every 12 steps, buffer 0.047 nm, rlist 1.247 nm


Initializing LINear Constraint Solver

++++ PLEASE READ AND CITE THE FOLLOWING REFERENCE ++++
B. Hess and H. Bekker and H. J. C. Berendsen and J. G. E. M. Fraaije
LINCS: A Linear Constraint Solver for molecular simulations
J. Comp. Chem. 18 (1997) pp. 1463-1472
-------- -------- --- Thank You --- -------- --------

The number of constraints is 1965

++++ PLEASE READ AND CITE THE FOLLOWING REFERENCE ++++
S. Miyamoto and P. A. Kollman
SETTLE: An Analytical Version of the SHAKE and RATTLE Algorithms for Rigid
Water Models
J. Comp. Chem. 13 (1992) pp. 952-962
-------- -------- --- Thank You --- -------- --------


Intra-simulation communication will occur every 10 steps.
Center of mass motion removal mode is Linear
We have the following groups for center of mass motion removal:
  0:  rest
There are: 269065 Atoms

Started mdrun on rank 0 Thu Dec 10 23:53:30 2020
           Step           Time
              0        0.00000

   Energies (kJ/mol)
            U-B    Proper Dih.  Improper Dih.      CMAP Dih.          LJ-14
    4.54670e+03    2.41732e+03    2.99408e+02   -7.10837e+02    1.70556e+03
     Coulomb-14        LJ (SR)  Disper. corr.   Coulomb (SR)   Coul. recip.
    2.78047e+04    5.67432e+05   -2.29420e+04   -4.38502e+06    1.23129e+04
      Potential    Kinetic En.   Total Energy  Conserved En.    Temperature
   -3.79216e+06    6.67136e+05   -3.12502e+06   -3.12486e+06    2.97939e+02
 Pres. DC (bar) Pressure (bar)   Constr. rmsd
   -1.40708e+02    2.14639e+01    3.12540e-05

Writing checkpoint, step 2560 at Fri Dec 11 00:08:52 2020


           Step           Time
           5000       10.00000

   Energies (kJ/mol)
            U-B    Proper Dih.  Improper Dih.      CMAP Dih.          LJ-14
    4.37060e+03    2.48745e+03    2.84813e+02   -7.32830e+02    1.74628e+03
     Coulomb-14        LJ (SR)  Disper. corr.   Coulomb (SR)   Coul. recip.
    2.80605e+04    5.70008e+05   -2.28606e+04   -4.37791e+06    1.25387e+04
      Potential    Kinetic En.   Total Energy  Conserved En.    Temperature
   -3.78200e+06    6.68416e+05   -3.11359e+06   -3.12412e+06    2.98511e+02
 Pres. DC (bar) Pressure (bar)   Constr. rmsd
   -1.39711e+02    1.20536e+02    2.93242e-05

Writing checkpoint, step 5280 at Fri Dec 11 00:23:38 2020


Writing checkpoint, step 8560 at Fri Dec 11 00:38:52 2020


           Step           Time
          10000       20.00000

   Energies (kJ/mol)
            U-B    Proper Dih.  Improper Dih.      CMAP Dih.          LJ-14
    4.49991e+03    2.47821e+03    2.83070e+02   -7.75600e+02    1.72802e+03
     Coulomb-14        LJ (SR)  Disper. corr.   Coulomb (SR)   Coul. recip.
    2.78251e+04    5.63938e+05   -2.28472e+04   -4.36953e+06    1.25684e+04
      Potential    Kinetic En.   Total Energy  Conserved En.    Temperature
   -3.77983e+06    6.70174e+05   -3.10966e+06   -3.12449e+06    2.99296e+02
 Pres. DC (bar) Pressure (bar)   Constr. rmsd
   -1.39548e+02   -8.80156e+00    2.96264e-05

Writing checkpoint, step 11760 at Fri Dec 11 00:53:49 2020


Writing checkpoint, step 14960 at Fri Dec 11 01:08:47 2020


           Step           Time
          15000       30.00000

   Energies (kJ/mol)
            U-B    Proper Dih.  Improper Dih.      CMAP Dih.          LJ-14
    4.52986e+03    2.41609e+03    2.96779e+02   -7.24161e+02    1.71360e+03
     Coulomb-14        LJ (SR)  Disper. corr.   Coulomb (SR)   Coul. recip.
    2.78207e+04    5.62029e+05   -2.28827e+04   -4.36626e+06    1.25981e+04
      Potential    Kinetic En.   Total Energy  Conserved En.    Temperature
   -3.77846e+06    6.72611e+05   -3.10585e+06   -3.12516e+06    3.00385e+02
 Pres. DC (bar) Pressure (bar)   Constr. rmsd
   -1.39982e+02   -5.67671e+00    3.36908e-05

Writing checkpoint, step 18160 at Fri Dec 11 01:23:45 2020


           Step           Time
          20000       40.00000

   Energies (kJ/mol)
            U-B    Proper Dih.  Improper Dih.      CMAP Dih.          LJ-14
    4.10618e+03    2.34345e+03    2.79898e+02   -7.35041e+02    1.69198e+03
     Coulomb-14        LJ (SR)  Disper. corr.   Coulomb (SR)   Coul. recip.
    2.78497e+04    5.62028e+05   -2.28954e+04   -4.36888e+06    1.25164e+04
      Potential    Kinetic En.   Total Energy  Conserved En.    Temperature
   -3.78170e+06    6.70990e+05   -3.11071e+06   -3.12407e+06    2.99661e+02
 Pres. DC (bar) Pressure (bar)   Constr. rmsd
   -1.40137e+02   -1.87313e+01    3.07728e-05

Writing checkpoint, step 21360 at Fri Dec 11 01:38:40 2020


Writing checkpoint, step 24560 at Fri Dec 11 01:53:45 2020


           Step           Time
          25000       50.00000

   Energies (kJ/mol)
            U-B    Proper Dih.  Improper Dih.      CMAP Dih.          LJ-14
    4.64124e+03    2.47048e+03    2.60539e+02   -7.38302e+02    1.63454e+03
     Coulomb-14        LJ (SR)  Disper. corr.   Coulomb (SR)   Coul. recip.
    2.74960e+04    5.62919e+05   -2.28759e+04   -4.36886e+06    1.24696e+04
      Potential    Kinetic En.   Total Energy  Conserved En.    Temperature
   -3.78058e+06    6.74872e+05   -3.10571e+06   -3.12324e+06    3.01394e+02
 Pres. DC (bar) Pressure (bar)   Constr. rmsd
   -1.39899e+02   -3.50777e+00    3.21934e-05

Writing checkpoint, step 27760 at Fri Dec 11 02:08:40 2020


           Step           Time
          30000       60.00000

   Energies (kJ/mol)
            U-B    Proper Dih.  Improper Dih.      CMAP Dih.          LJ-14
    4.36574e+03    2.44676e+03    2.71894e+02   -7.61693e+02    1.72636e+03
     Coulomb-14        LJ (SR)  Disper. corr.   Coulomb (SR)   Coul. recip.
    2.78712e+04    5.63421e+05   -2.28490e+04   -4.37092e+06    1.24025e+04
      Potential    Kinetic En.   Total Energy  Conserved En.    Temperature
   -3.78203e+06    6.71910e+05   -3.11012e+06   -3.12334e+06    3.00071e+02
 Pres. DC (bar) Pressure (bar)   Constr. rmsd
   -1.39570e+02   -4.52523e+01    3.05922e-05

Writing checkpoint, step 30960 at Fri Dec 11 02:23:36 2020


Writing checkpoint, step 34160 at Fri Dec 11 02:38:37 2020


           Step           Time
          35000       70.00000

   Energies (kJ/mol)
            U-B    Proper Dih.  Improper Dih.      CMAP Dih.          LJ-14
    4.53586e+03    2.35703e+03    2.82292e+02   -7.36125e+02    1.77080e+03
     Coulomb-14        LJ (SR)  Disper. corr.   Coulomb (SR)   Coul. recip.
    2.78761e+04    5.63608e+05   -2.28542e+04   -4.36882e+06    1.25143e+04
      Potential    Kinetic En.   Total Energy  Conserved En.    Temperature
   -3.77947e+06    6.74607e+05   -3.10486e+06   -3.12255e+06    3.01276e+02
 Pres. DC (bar) Pressure (bar)   Constr. rmsd
   -1.39633e+02   -1.33914e+01    3.17896e-05

Writing checkpoint, step 37360 at Fri Dec 11 02:53:42 2020


           Step           Time
          40000       80.00000

   Energies (kJ/mol)
            U-B    Proper Dih.  Improper Dih.      CMAP Dih.          LJ-14
    4.53347e+03    2.39422e+03    2.94000e+02   -7.25344e+02    1.72503e+03
     Coulomb-14        LJ (SR)  Disper. corr.   Coulomb (SR)   Coul. recip.
    2.75839e+04    5.63608e+05   -2.28512e+04   -4.37078e+06    1.26101e+04
      Potential    Kinetic En.   Total Energy  Conserved En.    Temperature
   -3.78160e+06    6.71406e+05   -3.11020e+06   -3.12284e+06    2.99846e+02
 Pres. DC (bar) Pressure (bar)   Constr. rmsd
   -1.39597e+02   -2.51448e+01    3.16149e-05

Writing checkpoint, step 40560 at Fri Dec 11 03:08:49 2020


Writing checkpoint, step 43760 at Fri Dec 11 03:23:55 2020


           Step           Time
          45000       90.00000

   Energies (kJ/mol)
            U-B    Proper Dih.  Improper Dih.      CMAP Dih.          LJ-14
    4.44151e+03    2.43684e+03    3.15546e+02   -7.07776e+02    1.77216e+03
     Coulomb-14        LJ (SR)  Disper. corr.   Coulomb (SR)   Coul. recip.
    2.76820e+04    5.61476e+05   -2.28545e+04   -4.36469e+06    1.27769e+04
      Potential    Kinetic En.   Total Energy  Conserved En.    Temperature
   -3.77735e+06    6.72286e+05   -3.10507e+06   -3.12251e+06    3.00239e+02
 Pres. DC (bar) Pressure (bar)   Constr. rmsd
   -1.39638e+02   -3.51714e+01    2.96449e-05

Writing checkpoint, step 46880 at Fri Dec 11 03:38:41 2020


           Step           Time
          50000      100.00000

   Energies (kJ/mol)
            U-B    Proper Dih.  Improper Dih.      CMAP Dih.          LJ-14
    4.45798e+03    2.48613e+03    2.92458e+02   -7.06678e+02    1.69030e+03
     Coulomb-14        LJ (SR)  Disper. corr.   Coulomb (SR)   Coul. recip.
    2.75041e+04    5.65428e+05   -2.28607e+04   -4.37156e+06    1.26038e+04
      Potential    Kinetic En.   Total Energy  Conserved En.    Temperature
   -3.78066e+06    6.74096e+05   -3.10656e+06   -3.12230e+06    3.01047e+02
 Pres. DC (bar) Pressure (bar)   Constr. rmsd
   -1.39712e+02    2.88603e+01    3.12353e-05

Writing checkpoint, step 50080 at Fri Dec 11 03:53:54 2020


Writing checkpoint, step 53200 at Fri Dec 11 04:08:42 2020


           Step           Time
          55000      110.00000

   Energies (kJ/mol)
            U-B    Proper Dih.  Improper Dih.      CMAP Dih.          LJ-14
    4.25935e+03    2.42149e+03    2.69010e+02   -6.98878e+02    1.72048e+03
     Coulomb-14        LJ (SR)  Disper. corr.   Coulomb (SR)   Coul. recip.
    2.76538e+04    5.64250e+05   -2.28611e+04   -4.36839e+06    1.26214e+04
      Potential    Kinetic En.   Total Energy  Conserved En.    Temperature
   -3.77875e+06    6.74161e+05   -3.10459e+06   -3.12193e+06    3.01076e+02
 Pres. DC (bar) Pressure (bar)   Constr. rmsd
   -1.39717e+02    2.74281e+01    3.17265e-05

Writing checkpoint, step 56400 at Fri Dec 11 04:23:51 2020


Writing checkpoint, step 59520 at Fri Dec 11 04:38:38 2020


           Step           Time
          60000      120.00000

   Energies (kJ/mol)
            U-B    Proper Dih.  Improper Dih.      CMAP Dih.          LJ-14
    4.50247e+03    2.42322e+03    3.01780e+02   -7.35995e+02    1.72211e+03
     Coulomb-14        LJ (SR)  Disper. corr.   Coulomb (SR)   Coul. recip.
    2.74530e+04    5.62975e+05   -2.28374e+04   -4.37033e+06    1.24988e+04
      Potential    Kinetic En.   Total Energy  Conserved En.    Temperature
   -3.78203e+06    6.70750e+05   -3.11128e+06   -3.12141e+06    2.99553e+02
 Pres. DC (bar) Pressure (bar)   Constr. rmsd
   -1.39429e+02   -3.97389e+01    2.84492e-05

Writing checkpoint, step 62720 at Fri Dec 11 04:53:51 2020


           Step           Time
          65000      130.00000

   Energies (kJ/mol)
            U-B    Proper Dih.  Improper Dih.      CMAP Dih.          LJ-14
    4.49748e+03    2.41811e+03    2.81842e+02   -7.55156e+02    1.73896e+03
     Coulomb-14        LJ (SR)  Disper. corr.   Coulomb (SR)   Coul. recip.
    2.74127e+04    5.59476e+05   -2.28513e+04   -4.36413e+06    1.24125e+04
      Potential    Kinetic En.   Total Energy  Conserved En.    Temperature
   -3.77950e+06    6.72710e+05   -3.10679e+06   -3.12145e+06    3.00428e+02
 Pres. DC (bar) Pressure (bar)   Constr. rmsd
   -1.39598e+02   -8.39507e+01    3.09296e-05

Writing checkpoint, step 65840 at Fri Dec 11 05:08:39 2020


Writing checkpoint, step 69040 at Fri Dec 11 05:23:54 2020


           Step           Time
          70000      140.00000

   Energies (kJ/mol)
            U-B    Proper Dih.  Improper Dih.      CMAP Dih.          LJ-14
    4.53399e+03    2.48439e+03    2.78507e+02   -7.20612e+02    1.76332e+03
     Coulomb-14        LJ (SR)  Disper. corr.   Coulomb (SR)   Coul. recip.
    2.76662e+04    5.64535e+05   -2.28398e+04   -4.37169e+06    1.24647e+04
      Potential    Kinetic En.   Total Energy  Conserved En.    Temperature
   -3.78152e+06    6.70919e+05   -3.11060e+06   -3.12098e+06    2.99629e+02
 Pres. DC (bar) Pressure (bar)   Constr. rmsd
   -1.39458e+02    2.06894e+00    3.02911e-05

Writing checkpoint, step 72160 at Fri Dec 11 05:38:45 2020


           Step           Time
          75000      150.00000

   Energies (kJ/mol)
            U-B    Proper Dih.  Improper Dih.      CMAP Dih.          LJ-14
    4.43558e+03    2.50063e+03    3.33269e+02   -6.73099e+02    1.68082e+03
     Coulomb-14        LJ (SR)  Disper. corr.   Coulomb (SR)   Coul. recip.
    2.74884e+04    5.61574e+05   -2.28884e+04   -4.36939e+06    1.25903e+04
      Potential    Kinetic En.   Total Energy  Conserved En.    Temperature
   -3.78235e+06    6.71360e+05   -3.11099e+06   -3.12037e+06    2.99826e+02
 Pres. DC (bar) Pressure (bar)   Constr. rmsd
   -1.40052e+02   -6.88027e+01    3.32435e-05

Writing checkpoint, step 75280 at Fri Dec 11 05:53:36 2020


Writing checkpoint, step 78400 at Fri Dec 11 06:08:40 2020


           Step           Time
          80000      160.00000

   Energies (kJ/mol)
            U-B    Proper Dih.  Improper Dih.      CMAP Dih.          LJ-14
    4.29247e+03    2.38417e+03    2.67276e+02   -7.50787e+02    1.68798e+03
     Coulomb-14        LJ (SR)  Disper. corr.   Coulomb (SR)   Coul. recip.
    2.75473e+04    5.67149e+05   -2.28613e+04   -4.37528e+06    1.26507e+04
      Potential    Kinetic En.   Total Energy  Conserved En.    Temperature
   -3.78291e+06    6.72068e+05   -3.11084e+06   -3.11987e+06    3.00142e+02
 Pres. DC (bar) Pressure (bar)   Constr. rmsd
   -1.39720e+02    3.80378e+01    3.16143e-05

Writing checkpoint, step 81600 at Fri Dec 11 06:23:55 2020


Writing checkpoint, step 84720 at Fri Dec 11 06:38:43 2020


           Step           Time
          85000      170.00000

   Energies (kJ/mol)
            U-B    Proper Dih.  Improper Dih.      CMAP Dih.          LJ-14
    4.29066e+03    2.43414e+03    2.96223e+02   -7.41071e+02    1.73370e+03
     Coulomb-14        LJ (SR)  Disper. corr.   Coulomb (SR)   Coul. recip.
    2.74522e+04    5.63134e+05   -2.28393e+04   -4.37047e+06    1.26987e+04
      Potential    Kinetic En.   Total Energy  Conserved En.    Temperature
   -3.78201e+06    6.71929e+05   -3.11008e+06   -3.11985e+06    3.00080e+02
 Pres. DC (bar) Pressure (bar)   Constr. rmsd
   -1.39452e+02   -3.83140e+01    2.94704e-05

Writing checkpoint, step 87920 at Fri Dec 11 06:53:55 2020


           Step           Time
          90000      180.00000

   Energies (kJ/mol)
            U-B    Proper Dih.  Improper Dih.      CMAP Dih.          LJ-14
    4.27843e+03    2.36558e+03    2.97079e+02   -7.28828e+02    1.70580e+03
     Coulomb-14        LJ (SR)  Disper. corr.   Coulomb (SR)   Coul. recip.
    2.75953e+04    5.65447e+05   -2.28394e+04   -4.36962e+06    1.27797e+04
      Potential    Kinetic En.   Total Energy  Conserved En.    Temperature
   -3.77872e+06    6.71593e+05   -3.10713e+06   -3.11960e+06    2.99930e+02
 Pres. DC (bar) Pressure (bar)   Constr. rmsd
   -1.39453e+02    8.53632e+00    3.03212e-05

Writing checkpoint, step 91040 at Fri Dec 11 07:08:48 2020


Writing checkpoint, step 94160 at Fri Dec 11 07:23:38 2020


           Step           Time
          95000      190.00000

   Energies (kJ/mol)
            U-B    Proper Dih.  Improper Dih.      CMAP Dih.          LJ-14
    4.23058e+03    2.45629e+03    2.64111e+02   -7.29615e+02    1.64852e+03
     Coulomb-14        LJ (SR)  Disper. corr.   Coulomb (SR)   Coul. recip.
    2.77042e+04    5.65368e+05   -2.28297e+04   -4.37298e+06    1.27899e+04
      Potential    Kinetic En.   Total Energy  Conserved En.    Temperature
   -3.78208e+06    6.73042e+05   -3.10904e+06   -3.11988e+06    3.00577e+02
 Pres. DC (bar) Pressure (bar)   Constr. rmsd
   -1.39335e+02   -5.36813e+00    3.30561e-05

Writing checkpoint, step 97360 at Fri Dec 11 07:38:50 2020


           Step           Time
         100000      200.00000

   Energies (kJ/mol)
            U-B    Proper Dih.  Improper Dih.      CMAP Dih.          LJ-14
    4.48559e+03    2.35369e+03    2.63008e+02   -7.27678e+02    1.75684e+03
     Coulomb-14        LJ (SR)  Disper. corr.   Coulomb (SR)   Coul. recip.
    2.77912e+04    5.65662e+05   -2.28670e+04   -4.36790e+06    1.26284e+04
      Potential    Kinetic En.   Total Energy  Conserved En.    Temperature
   -3.77655e+06    6.72782e+05   -3.10377e+06   -3.11913e+06    3.00461e+02
 Pres. DC (bar) Pressure (bar)   Constr. rmsd
   -1.39790e+02    6.49539e+01    3.06416e-05

Writing checkpoint, step 100480 at Fri Dec 11 07:53:44 2020


Writing checkpoint, step 103600 at Fri Dec 11 08:08:42 2020


           Step           Time
         105000      210.00000

   Energies (kJ/mol)
            U-B    Proper Dih.  Improper Dih.      CMAP Dih.          LJ-14
    4.34756e+03    2.35340e+03    2.80016e+02   -6.79382e+02    1.67934e+03
     Coulomb-14        LJ (SR)  Disper. corr.   Coulomb (SR)   Coul. recip.
    2.75376e+04    5.65215e+05   -2.28896e+04   -4.37113e+06    1.25328e+04
      Potential    Kinetic En.   Total Energy  Conserved En.    Temperature
   -3.78075e+06    6.71767e+05   -3.10898e+06   -3.11901e+06    3.00007e+02
 Pres. DC (bar) Pressure (bar)   Constr. rmsd
   -1.40066e+02    4.44940e+01    2.95104e-05

Writing checkpoint, step 106720 at Fri Dec 11 08:23:48 2020


Writing checkpoint, step 109840 at Fri Dec 11 08:38:56 2020


           Step           Time
         110000      220.00000

   Energies (kJ/mol)
            U-B    Proper Dih.  Improper Dih.      CMAP Dih.          LJ-14
    4.33806e+03    2.45692e+03    3.03129e+02   -6.49303e+02    1.73926e+03
     Coulomb-14        LJ (SR)  Disper. corr.   Coulomb (SR)   Coul. recip.
    2.78144e+04    5.64028e+05   -2.28167e+04   -4.36863e+06    1.25378e+04
      Potential    Kinetic En.   Total Energy  Conserved En.    Temperature
   -3.77888e+06    6.73343e+05   -3.10554e+06   -3.11867e+06    3.00711e+02
 Pres. DC (bar) Pressure (bar)   Constr. rmsd
   -1.39176e+02   -2.20105e+01    3.18723e-05

Writing checkpoint, step 112800 at Fri Dec 11 08:53:40 2020


           Step           Time
         115000      230.00000

   Energies (kJ/mol)
            U-B    Proper Dih.  Improper Dih.      CMAP Dih.          LJ-14
    4.40120e+03    2.37008e+03    2.54996e+02   -6.65536e+02    1.75502e+03
     Coulomb-14        LJ (SR)  Disper. corr.   Coulomb (SR)   Coul. recip.
    2.76399e+04    5.63426e+05   -2.28605e+04   -4.37014e+06    1.25392e+04
      Potential    Kinetic En.   Total Energy  Conserved En.    Temperature
   -3.78128e+06    6.70637e+05   -3.11065e+06   -3.11764e+06    2.99503e+02
 Pres. DC (bar) Pressure (bar)   Constr. rmsd
   -1.39711e+02   -4.53271e+00    2.73577e-05

Writing checkpoint, step 115200 at Fri Dec 11 09:08:52 2020


Writing checkpoint, step 117440 at Fri Dec 11 09:24:02 2020


Writing checkpoint, step 119680 at Fri Dec 11 09:38:46 2020


           Step           Time
         120000      240.00000

   Energies (kJ/mol)
            U-B    Proper Dih.  Improper Dih.      CMAP Dih.          LJ-14
    4.47811e+03    2.35061e+03    2.93310e+02   -6.66531e+02    1.72988e+03
     Coulomb-14        LJ (SR)  Disper. corr.   Coulomb (SR)   Coul. recip.
    2.76389e+04    5.63599e+05   -2.28381e+04   -4.36736e+06    1.26235e+04
      Potential    Kinetic En.   Total Energy  Conserved En.    Temperature
   -3.77816e+06    6.72353e+05   -3.10580e+06   -3.11803e+06    3.00269e+02
 Pres. DC (bar) Pressure (bar)   Constr. rmsd
   -1.39438e+02   -3.20522e+00    3.06289e-05

Writing checkpoint, step 121840 at Fri Dec 11 09:53:43 2020


Writing checkpoint, step 124960 at Fri Dec 11 10:08:42 2020


           Step           Time
         125000      250.00000

   Energies (kJ/mol)
            U-B    Proper Dih.  Improper Dih.      CMAP Dih.          LJ-14
    4.52893e+03    2.37539e+03    2.87273e+02   -6.75854e+02    1.72677e+03
     Coulomb-14        LJ (SR)  Disper. corr.   Coulomb (SR)   Coul. recip.
    2.76839e+04    5.63597e+05   -2.28860e+04   -4.36779e+06    1.26052e+04
      Potential    Kinetic En.   Total Energy  Conserved En.    Temperature
   -3.77855e+06    6.71310e+05   -3.10724e+06   -3.11810e+06    2.99803e+02
 Pres. DC (bar) Pressure (bar)   Constr. rmsd
   -1.40022e+02    3.50023e+01    2.98798e-05

Writing checkpoint, step 128160 at Fri Dec 11 10:23:43 2020


           Step           Time
         130000      260.00000

   Energies (kJ/mol)
            U-B    Proper Dih.  Improper Dih.      CMAP Dih.          LJ-14
    4.54571e+03    2.32012e+03    2.95122e+02   -6.37736e+02    1.68348e+03
     Coulomb-14        LJ (SR)  Disper. corr.   Coulomb (SR)   Coul. recip.
    2.76147e+04    5.60921e+05   -2.28551e+04   -4.36808e+06    1.25137e+04
      Potential    Kinetic En.   Total Energy  Conserved En.    Temperature
   -3.78168e+06    6.69575e+05   -3.11210e+06   -3.11752e+06    2.99029e+02
 Pres. DC (bar) Pressure (bar)   Constr. rmsd
   -1.39644e+02   -9.67786e+01    3.17871e-05

Writing checkpoint, step 131360 at Fri Dec 11 10:38:53 2020


Writing checkpoint, step 134480 at Fri Dec 11 10:53:41 2020


           Step           Time
         135000      270.00000

   Energies (kJ/mol)
            U-B    Proper Dih.  Improper Dih.      CMAP Dih.          LJ-14
    4.49139e+03    2.34298e+03    2.73605e+02   -6.89003e+02    1.68575e+03
     Coulomb-14        LJ (SR)  Disper. corr.   Coulomb (SR)   Coul. recip.
    2.76683e+04    5.65465e+05   -2.28775e+04   -4.37121e+06    1.25479e+04
      Potential    Kinetic En.   Total Energy  Conserved En.    Temperature
   -3.78030e+06    6.72146e+05   -3.10816e+06   -3.11721e+06    3.00177e+02
 Pres. DC (bar) Pressure (bar)   Constr. rmsd
   -1.39918e+02    4.16202e+01    2.84786e-05

Writing checkpoint, step 137600 at Fri Dec 11 11:08:35 2020


           Step           Time
         140000      280.00000

   Energies (kJ/mol)
            U-B    Proper Dih.  Improper Dih.      CMAP Dih.          LJ-14
    4.49110e+03    2.40839e+03    2.73658e+02   -6.56822e+02    1.66176e+03
     Coulomb-14        LJ (SR)  Disper. corr.   Coulomb (SR)   Coul. recip.
    2.77178e+04    5.69641e+05   -2.28529e+04   -4.37523e+06    1.27424e+04
      Potential    Kinetic En.   Total Energy  Conserved En.    Temperature
   -3.77980e+06    6.71820e+05   -3.10798e+06   -3.11702e+06    3.00031e+02
 Pres. DC (bar) Pressure (bar)   Constr. rmsd
   -1.39618e+02    1.03074e+02    3.23284e-05

Writing checkpoint, step 140800 at Fri Dec 11 11:23:49 2020


Writing checkpoint, step 143920 at Fri Dec 11 11:38:41 2020


           Step           Time
         145000      290.00000

   Energies (kJ/mol)
            U-B    Proper Dih.  Improper Dih.      CMAP Dih.          LJ-14
    4.45387e+03    2.34643e+03    2.94761e+02   -6.98376e+02    1.72992e+03
     Coulomb-14        LJ (SR)  Disper. corr.   Coulomb (SR)   Coul. recip.
    2.77651e+04    5.62765e+05   -2.28652e+04   -4.37002e+06    1.25781e+04
      Potential    Kinetic En.   Total Energy  Conserved En.    Temperature
   -3.78165e+06    6.72420e+05   -3.10923e+06   -3.11654e+06    3.00299e+02
 Pres. DC (bar) Pressure (bar)   Constr. rmsd
   -1.39768e+02   -2.60782e+01    3.04507e-05

Writing checkpoint, step 147120 at Fri Dec 11 11:53:54 2020


           Step           Time
         150000      300.00000

   Energies (kJ/mol)
            U-B    Proper Dih.  Improper Dih.      CMAP Dih.          LJ-14
    4.65978e+03    2.42515e+03    2.78779e+02   -7.18964e+02    1.68644e+03
     Coulomb-14        LJ (SR)  Disper. corr.   Coulomb (SR)   Coul. recip.
    2.77114e+04    5.67162e+05   -2.28435e+04   -4.37478e+06    1.24508e+04
      Potential    Kinetic En.   Total Energy  Conserved En.    Temperature
   -3.78197e+06    6.72304e+05   -3.10966e+06   -3.11626e+06    3.00247e+02
 Pres. DC (bar) Pressure (bar)   Constr. rmsd
   -1.39503e+02    4.64913e+01    3.19223e-05

Writing checkpoint, step 150240 at Fri Dec 11 12:08:47 2020


Writing checkpoint, step 153360 at Fri Dec 11 12:23:38 2020


           Step           Time
         155000      310.00000

   Energies (kJ/mol)
            U-B    Proper Dih.  Improper Dih.      CMAP Dih.          LJ-14
    4.48519e+03    2.41728e+03    3.05593e+02   -7.14574e+02    1.70993e+03
     Coulomb-14        LJ (SR)  Disper. corr.   Coulomb (SR)   Coul. recip.
    2.77320e+04    5.64229e+05   -2.28990e+04   -4.37149e+06    1.25918e+04
      Potential    Kinetic En.   Total Energy  Conserved En.    Temperature
   -3.78164e+06    6.71580e+05   -3.11006e+06   -3.11647e+06    2.99924e+02
 Pres. DC (bar) Pressure (bar)   Constr. rmsd
   -1.40180e+02    2.99646e+01    2.91308e-05

Writing checkpoint, step 156560 at Fri Dec 11 12:38:52 2020


Writing checkpoint, step 159680 at Fri Dec 11 12:53:40 2020


           Step           Time
         160000      320.00000

   Energies (kJ/mol)
            U-B    Proper Dih.  Improper Dih.      CMAP Dih.          LJ-14
    4.79773e+03    2.38642e+03    2.99075e+02   -6.84094e+02    1.66645e+03
     Coulomb-14        LJ (SR)  Disper. corr.   Coulomb (SR)   Coul. recip.
    2.75371e+04    5.64459e+05   -2.28474e+04   -4.37200e+06    1.24824e+04
      Potential    Kinetic En.   Total Energy  Conserved En.    Temperature
   -3.78190e+06    6.69763e+05   -3.11213e+06   -3.11594e+06    2.99112e+02
 Pres. DC (bar) Pressure (bar)   Constr. rmsd
   -1.39550e+02   -3.09732e+01    3.41309e-05

Writing checkpoint, step 162800 at Fri Dec 11 13:08:33 2020


           Step           Time
         165000      330.00000

   Energies (kJ/mol)
            U-B    Proper Dih.  Improper Dih.      CMAP Dih.          LJ-14
    4.46485e+03    2.31600e+03    2.86381e+02   -6.91388e+02    1.65967e+03
     Coulomb-14        LJ (SR)  Disper. corr.   Coulomb (SR)   Coul. recip.
    2.78688e+04    5.64706e+05   -2.28410e+04   -4.36988e+06    1.26311e+04
      Potential    Kinetic En.   Total Energy  Conserved En.    Temperature
   -3.77948e+06    6.71391e+05   -3.10809e+06   -3.11529e+06    2.99839e+02
 Pres. DC (bar) Pressure (bar)   Constr. rmsd
   -1.39473e+02   -1.21716e+01    3.02256e-05

Writing checkpoint, step 166000 at Fri Dec 11 13:23:49 2020


Writing checkpoint, step 169120 at Fri Dec 11 13:38:48 2020


           Step           Time
         170000      340.00000

   Energies (kJ/mol)
            U-B    Proper Dih.  Improper Dih.      CMAP Dih.          LJ-14
    4.62230e+03    2.32336e+03    2.81388e+02   -7.18898e+02    1.67117e+03
     Coulomb-14        LJ (SR)  Disper. corr.   Coulomb (SR)   Coul. recip.
    2.75574e+04    5.62553e+05   -2.28677e+04   -4.36753e+06    1.27568e+04
      Potential    Kinetic En.   Total Energy  Conserved En.    Temperature
   -3.77935e+06    6.69269e+05   -3.11008e+06   -3.11531e+06    2.98892e+02
 Pres. DC (bar) Pressure (bar)   Constr. rmsd
   -1.39798e+02   -2.48091e+01    3.08503e-05

Writing checkpoint, step 172240 at Fri Dec 11 13:53:40 2020


           Step           Time
         175000      350.00000

   Energies (kJ/mol)
            U-B    Proper Dih.  Improper Dih.      CMAP Dih.          LJ-14
    4.21842e+03    2.36797e+03    2.99012e+02   -7.20817e+02    1.71364e+03
     Coulomb-14        LJ (SR)  Disper. corr.   Coulomb (SR)   Coul. recip.
    2.76919e+04    5.63066e+05   -2.28872e+04   -4.36979e+06    1.24904e+04
      Potential    Kinetic En.   Total Energy  Conserved En.    Temperature
   -3.78155e+06    6.69936e+05   -3.11162e+06   -3.11490e+06    2.99190e+02
 Pres. DC (bar) Pressure (bar)   Constr. rmsd
   -1.40036e+02   -6.64297e+00    3.04348e-05

Writing checkpoint, step 175360 at Fri Dec 11 14:08:35 2020


Writing checkpoint, step 178560 at Fri Dec 11 14:23:51 2020


           Step           Time
         180000      360.00000

   Energies (kJ/mol)
            U-B    Proper Dih.  Improper Dih.      CMAP Dih.          LJ-14
    4.57886e+03    2.34076e+03    3.14283e+02   -6.86886e+02    1.72299e+03
     Coulomb-14        LJ (SR)  Disper. corr.   Coulomb (SR)   Coul. recip.
    2.76537e+04    5.65101e+05   -2.28763e+04   -4.37146e+06    1.25744e+04
      Potential    Kinetic En.   Total Energy  Conserved En.    Temperature
   -3.78074e+06    6.73110e+05   -3.10763e+06   -3.11430e+06    3.00607e+02
 Pres. DC (bar) Pressure (bar)   Constr. rmsd
   -1.39903e+02    4.64659e+01    3.03899e-05

Writing checkpoint, step 181680 at Fri Dec 11 14:38:48 2020


Writing checkpoint, step 184400 at Fri Dec 11 14:53:42 2020


           Step           Time
         185000      370.00000

   Energies (kJ/mol)
            U-B    Proper Dih.  Improper Dih.      CMAP Dih.          LJ-14
    4.45042e+03    2.44792e+03    3.16540e+02   -7.05013e+02    1.69638e+03
     Coulomb-14        LJ (SR)  Disper. corr.   Coulomb (SR)   Coul. recip.
    2.75728e+04    5.63336e+05   -2.28736e+04   -4.36986e+06    1.28145e+04
      Potential    Kinetic En.   Total Energy  Conserved En.    Temperature
   -3.78080e+06    6.70714e+05   -3.11009e+06   -3.11456e+06    2.99537e+02
 Pres. DC (bar) Pressure (bar)   Constr. rmsd
   -1.39871e+02   -6.63882e+00    2.96017e-05

Writing checkpoint, step 187200 at Fri Dec 11 15:08:58 2020


Writing checkpoint, step 189680 at Fri Dec 11 15:23:46 2020


           Step           Time
         190000      380.00000

   Energies (kJ/mol)
            U-B    Proper Dih.  Improper Dih.      CMAP Dih.          LJ-14
    4.37547e+03    2.27370e+03    2.67677e+02   -7.03345e+02    1.69968e+03
     Coulomb-14        LJ (SR)  Disper. corr.   Coulomb (SR)   Coul. recip.
    2.77120e+04    5.65527e+05   -2.28819e+04   -4.37515e+06    1.26698e+04
      Potential    Kinetic En.   Total Energy  Conserved En.    Temperature
   -3.78421e+06    6.71519e+05   -3.11269e+06   -3.11310e+06    2.99897e+02
 Pres. DC (bar) Pressure (bar)   Constr. rmsd
   -1.39972e+02    1.12757e+01    2.93945e-05

Writing checkpoint, step 192000 at Fri Dec 11 15:38:37 2020


Writing checkpoint, step 194080 at Fri Dec 11 15:54:12 2020


           Step           Time
         195000      390.00000

   Energies (kJ/mol)
            U-B    Proper Dih.  Improper Dih.      CMAP Dih.          LJ-14
    4.56253e+03    2.41512e+03    3.48485e+02   -7.16629e+02    1.61611e+03
     Coulomb-14        LJ (SR)  Disper. corr.   Coulomb (SR)   Coul. recip.
    2.74096e+04    5.63461e+05   -2.28934e+04   -4.37209e+06    1.24590e+04
      Potential    Kinetic En.   Total Energy  Conserved En.    Temperature
   -3.78343e+06    6.71938e+05   -3.11149e+06   -3.11340e+06    3.00084e+02
 Pres. DC (bar) Pressure (bar)   Constr. rmsd
   -1.40113e+02   -2.12760e+01    3.16591e-05

Writing checkpoint, step 196000 at Fri Dec 11 16:08:48 2020


Writing checkpoint, step 199040 at Fri Dec 11 16:23:38 2020


           Step           Time
         200000      400.00000

   Energies (kJ/mol)
            U-B    Proper Dih.  Improper Dih.      CMAP Dih.          LJ-14
    4.61652e+03    2.39615e+03    3.29122e+02   -6.76385e+02    1.71737e+03
     Coulomb-14        LJ (SR)  Disper. corr.   Coulomb (SR)   Coul. recip.
    2.75623e+04    5.61826e+05   -2.28509e+04   -4.36398e+06    1.24120e+04
      Potential    Kinetic En.   Total Energy  Conserved En.    Temperature
   -3.77664e+06    6.71877e+05   -3.10477e+06   -3.11286e+06    3.00057e+02
 Pres. DC (bar) Pressure (bar)   Constr. rmsd
   -1.39593e+02   -1.09977e+01    3.06711e-05

Writing checkpoint, step 202000 at Fri Dec 11 16:38:38 2020


Writing checkpoint, step 204960 at Fri Dec 11 16:53:48 2020


           Step           Time
         205000      410.00000

   Energies (kJ/mol)
            U-B    Proper Dih.  Improper Dih.      CMAP Dih.          LJ-14
    4.43964e+03    2.36464e+03    2.92793e+02   -7.16387e+02    1.69868e+03
     Coulomb-14        LJ (SR)  Disper. corr.   Coulomb (SR)   Coul. recip.
    2.75249e+04    5.60668e+05   -2.28586e+04   -4.36842e+06    1.24853e+04
      Potential    Kinetic En.   Total Energy  Conserved En.    Temperature
   -3.78252e+06    6.71970e+05   -3.11055e+06   -3.11303e+06    3.00098e+02
 Pres. DC (bar) Pressure (bar)   Constr. rmsd
   -1.39687e+02   -7.40670e+01    2.74845e-05

Writing checkpoint, step 208160 at Fri Dec 11 17:08:43 2020


           Step           Time
         210000      420.00000

   Energies (kJ/mol)
            U-B    Proper Dih.  Improper Dih.      CMAP Dih.          LJ-14
    4.76661e+03    2.41320e+03    3.07998e+02   -6.66678e+02    1.69783e+03
     Coulomb-14        LJ (SR)  Disper. corr.   Coulomb (SR)   Coul. recip.
    2.76686e+04    5.60749e+05   -2.28282e+04   -4.36516e+06    1.26486e+04
      Potential    Kinetic En.   Total Energy  Conserved En.    Temperature
   -3.77840e+06    6.70128e+05   -3.10828e+06   -3.11259e+06    2.99276e+02
 Pres. DC (bar) Pressure (bar)   Constr. rmsd
   -1.39317e+02   -5.69090e+01    2.75620e-05

Writing checkpoint, step 210880 at Fri Dec 11 17:23:41 2020


Writing checkpoint, step 213760 at Fri Dec 11 17:38:42 2020


           Step           Time
         215000      430.00000

   Energies (kJ/mol)
            U-B    Proper Dih.  Improper Dih.      CMAP Dih.          LJ-14
    4.42277e+03    2.41120e+03    2.90338e+02   -6.93360e+02    1.66519e+03
     Coulomb-14        LJ (SR)  Disper. corr.   Coulomb (SR)   Coul. recip.
    2.75759e+04    5.64574e+05   -2.28587e+04   -4.37385e+06    1.27367e+04
      Potential    Kinetic En.   Total Energy  Conserved En.    Temperature
   -3.78373e+06    6.70800e+05   -3.11293e+06   -3.11214e+06    2.99575e+02
 Pres. DC (bar) Pressure (bar)   Constr. rmsd
   -1.39689e+02   -2.68036e+01    3.01014e-05

Writing checkpoint, step 216480 at Fri Dec 11 17:53:35 2020


Writing checkpoint, step 219600 at Fri Dec 11 18:08:58 2020


           Step           Time
         220000      440.00000

   Energies (kJ/mol)
            U-B    Proper Dih.  Improper Dih.      CMAP Dih.          LJ-14
    4.57469e+03    2.42266e+03    2.63179e+02   -7.22946e+02    1.73869e+03
     Coulomb-14        LJ (SR)  Disper. corr.   Coulomb (SR)   Coul. recip.
    2.75876e+04    5.62855e+05   -2.28262e+04   -4.37001e+06    1.26288e+04
      Potential    Kinetic En.   Total Energy  Conserved En.    Temperature
   -3.78149e+06    6.71325e+05   -3.11016e+06   -3.11237e+06    2.99810e+02
 Pres. DC (bar) Pressure (bar)   Constr. rmsd
   -1.39292e+02   -5.33593e+01    2.96492e-05

Writing checkpoint, step 222480 at Fri Dec 11 18:23:35 2020


           Step           Time
         225000      450.00000

   Energies (kJ/mol)
            U-B    Proper Dih.  Improper Dih.      CMAP Dih.          LJ-14
    4.38954e+03    2.37115e+03    3.03389e+02   -7.40213e+02    1.75082e+03
     Coulomb-14        LJ (SR)  Disper. corr.   Coulomb (SR)   Coul. recip.
    2.77079e+04    5.60783e+05   -2.28425e+04   -4.36635e+06    1.25681e+04
      Potential    Kinetic En.   Total Energy  Conserved En.    Temperature
   -3.78006e+06    6.70825e+05   -3.10924e+06   -3.11129e+06    2.99587e+02
 Pres. DC (bar) Pressure (bar)   Constr. rmsd
   -1.39490e+02   -8.60921e+01    3.10077e-05

Writing checkpoint, step 225600 at Fri Dec 11 18:38:36 2020


Writing checkpoint, step 228720 at Fri Dec 11 18:53:45 2020


           Step           Time
         230000      460.00000

   Energies (kJ/mol)
            U-B    Proper Dih.  Improper Dih.      CMAP Dih.          LJ-14
    4.51376e+03    2.38926e+03    2.96180e+02   -6.80697e+02    1.66559e+03
     Coulomb-14        LJ (SR)  Disper. corr.   Coulomb (SR)   Coul. recip.
    2.76667e+04    5.62542e+05   -2.28394e+04   -4.36671e+06    1.26380e+04
      Potential    Kinetic En.   Total Energy  Conserved En.    Temperature
   -3.77852e+06    6.70646e+05   -3.10787e+06   -3.11155e+06    2.99507e+02
 Pres. DC (bar) Pressure (bar)   Constr. rmsd
   -1.39453e+02   -3.80062e+01    2.99559e-05

Writing checkpoint, step 231760 at Fri Dec 11 19:08:37 2020


Writing checkpoint, step 234640 at Fri Dec 11 19:23:36 2020


           Step           Time
         235000      470.00000

   Energies (kJ/mol)
            U-B    Proper Dih.  Improper Dih.      CMAP Dih.          LJ-14
    4.47868e+03    2.28196e+03    2.66817e+02   -6.96449e+02    1.65310e+03
     Coulomb-14        LJ (SR)  Disper. corr.   Coulomb (SR)   Coul. recip.
    2.75072e+04    5.65578e+05   -2.28887e+04   -4.37147e+06    1.24080e+04
      Potential    Kinetic En.   Total Energy  Conserved En.    Temperature
   -3.78088e+06    6.72231e+05   -3.10865e+06   -3.11108e+06    3.00215e+02
 Pres. DC (bar) Pressure (bar)   Constr. rmsd
   -1.40056e+02    6.69160e+01    2.94558e-05

Writing checkpoint, step 237440 at Fri Dec 11 19:38:35 2020


           Step           Time
         240000      480.00000

   Energies (kJ/mol)
            U-B    Proper Dih.  Improper Dih.      CMAP Dih.          LJ-14
    4.49895e+03    2.47235e+03    3.06109e+02   -7.27389e+02    1.79061e+03
     Coulomb-14        LJ (SR)  Disper. corr.   Coulomb (SR)   Coul. recip.
    2.76363e+04    5.62740e+05   -2.29029e+04   -4.36655e+06    1.24742e+04
      Potential    Kinetic En.   Total Energy  Conserved En.    Temperature
   -3.77826e+06    6.73238e+05   -3.10502e+06   -3.11056e+06    3.00664e+02
 Pres. DC (bar) Pressure (bar)   Constr. rmsd
   -1.40229e+02    2.72101e+01    3.01391e-05

Writing checkpoint, step 240400 at Fri Dec 11 19:53:55 2020


Writing checkpoint, step 243360 at Fri Dec 11 20:08:56 2020


           Step           Time
         245000      490.00000

   Energies (kJ/mol)
            U-B    Proper Dih.  Improper Dih.      CMAP Dih.          LJ-14
    4.71397e+03    2.44194e+03    3.01821e+02   -6.99951e+02    1.69255e+03
     Coulomb-14        LJ (SR)  Disper. corr.   Coulomb (SR)   Coul. recip.
    2.77685e+04    5.61769e+05   -2.28451e+04   -4.36554e+06    1.26195e+04
      Potential    Kinetic En.   Total Energy  Conserved En.    Temperature
   -3.77778e+06    6.72892e+05   -3.10488e+06   -3.11069e+06    3.00510e+02
 Pres. DC (bar) Pressure (bar)   Constr. rmsd
   -1.39523e+02   -3.32298e+01    3.12346e-05

Writing checkpoint, step 246400 at Fri Dec 11 20:23:54 2020


Writing checkpoint, step 249520 at Fri Dec 11 20:38:41 2020


           Step           Time
         250000      500.00000

   Energies (kJ/mol)
            U-B    Proper Dih.  Improper Dih.      CMAP Dih.          LJ-14
    4.42716e+03    2.38577e+03    2.92649e+02   -7.30116e+02    1.74475e+03
     Coulomb-14        LJ (SR)  Disper. corr.   Coulomb (SR)   Coul. recip.
    2.76525e+04    5.64518e+05   -2.28676e+04   -4.36725e+06    1.24192e+04
      Potential    Kinetic En.   Total Energy  Conserved En.    Temperature
   -3.77741e+06    6.73163e+05   -3.10425e+06   -3.11027e+06    3.00631e+02
 Pres. DC (bar) Pressure (bar)   Constr. rmsd
   -1.39797e+02    4.97292e+01    2.94254e-05

Writing checkpoint, step 252640 at Fri Dec 11 20:53:56 2020


           Step           Time
         255000      510.00000

   Energies (kJ/mol)
            U-B    Proper Dih.  Improper Dih.      CMAP Dih.          LJ-14
    4.51112e+03    2.40981e+03    3.30645e+02   -6.93875e+02    1.67171e+03
     Coulomb-14        LJ (SR)  Disper. corr.   Coulomb (SR)   Coul. recip.
    2.75108e+04    5.65364e+05   -2.28837e+04   -4.37312e+06    1.25873e+04
      Potential    Kinetic En.   Total Energy  Conserved En.    Temperature
   -3.78232e+06    6.72313e+05   -3.11000e+06   -3.10988e+06    3.00251e+02
 Pres. DC (bar) Pressure (bar)   Constr. rmsd
   -1.39993e+02    2.30326e+01    3.19927e-05

Writing checkpoint, step 255760 at Fri Dec 11 21:08:47 2020


Writing checkpoint, step 258080 at Fri Dec 11 21:23:39 2020


           Step           Time
         260000      520.00000

   Energies (kJ/mol)
            U-B    Proper Dih.  Improper Dih.      CMAP Dih.          LJ-14
    4.65178e+03    2.39625e+03    3.20525e+02   -7.26785e+02    1.75897e+03
     Coulomb-14        LJ (SR)  Disper. corr.   Coulomb (SR)   Coul. recip.
    2.77003e+04    5.63769e+05   -2.28605e+04   -4.36929e+06    1.24449e+04
      Potential    Kinetic En.   Total Energy  Conserved En.    Temperature
   -3.77983e+06    6.72040e+05   -3.10779e+06   -3.10935e+06    3.00129e+02
 Pres. DC (bar) Pressure (bar)   Constr. rmsd
   -1.39711e+02    1.08504e+01    2.98906e-05

Writing checkpoint, step 260720 at Fri Dec 11 21:38:34 2020


Writing checkpoint, step 263520 at Fri Dec 11 21:53:45 2020


           Step           Time
         265000      530.00000

   Energies (kJ/mol)
            U-B    Proper Dih.  Improper Dih.      CMAP Dih.          LJ-14
    4.30672e+03    2.33247e+03    2.76666e+02   -7.21038e+02    1.72039e+03
     Coulomb-14        LJ (SR)  Disper. corr.   Coulomb (SR)   Coul. recip.
    2.75708e+04    5.66982e+05   -2.29020e+04   -4.37386e+06    1.25741e+04
      Potential    Kinetic En.   Total Energy  Conserved En.    Temperature
   -3.78171e+06    6.71612e+05   -3.11010e+06   -3.10925e+06    2.99938e+02
 Pres. DC (bar) Pressure (bar)   Constr. rmsd
   -1.40218e+02    7.62730e+01    2.82071e-05

Writing checkpoint, step 266560 at Fri Dec 11 22:08:38 2020


Writing checkpoint, step 269760 at Fri Dec 11 22:23:39 2020


           Step           Time
         270000      540.00000

   Energies (kJ/mol)
            U-B    Proper Dih.  Improper Dih.      CMAP Dih.          LJ-14
    4.35662e+03    2.43103e+03    2.92571e+02   -6.62717e+02    1.64551e+03
     Coulomb-14        LJ (SR)  Disper. corr.   Coulomb (SR)   Coul. recip.
    2.74478e+04    5.64274e+05   -2.28514e+04   -4.36802e+06    1.24963e+04
      Potential    Kinetic En.   Total Energy  Conserved En.    Temperature
   -3.77859e+06    6.74605e+05   -3.10399e+06   -3.10945e+06    3.01275e+02
 Pres. DC (bar) Pressure (bar)   Constr. rmsd
   -1.39599e+02    3.67519e+00    3.18600e-05

Writing checkpoint, step 272960 at Fri Dec 11 22:38:50 2020


           Step           Time
         275000      550.00000

   Energies (kJ/mol)
            U-B    Proper Dih.  Improper Dih.      CMAP Dih.          LJ-14
    4.47914e+03    2.25428e+03    2.87400e+02   -7.36337e+02    1.77623e+03
     Coulomb-14        LJ (SR)  Disper. corr.   Coulomb (SR)   Coul. recip.
    2.75544e+04    5.65148e+05   -2.29000e+04   -4.37003e+06    1.26284e+04
      Potential    Kinetic En.   Total Energy  Conserved En.    Temperature
   -3.77954e+06    6.73322e+05   -3.10622e+06   -3.10814e+06    3.00702e+02
 Pres. DC (bar) Pressure (bar)   Constr. rmsd
   -1.40193e+02    4.88134e+01    3.27310e-05

Writing checkpoint, step 276080 at Fri Dec 11 22:53:44 2020


Writing checkpoint, step 279280 at Fri Dec 11 23:08:51 2020


           Step           Time
         280000      560.00000

   Energies (kJ/mol)
            U-B    Proper Dih.  Improper Dih.      CMAP Dih.          LJ-14
    4.60350e+03    2.38708e+03    3.06167e+02   -7.38121e+02    1.67776e+03
     Coulomb-14        LJ (SR)  Disper. corr.   Coulomb (SR)   Coul. recip.
    2.73672e+04    5.65222e+05   -2.28892e+04   -4.37583e+06    1.24026e+04
      Potential    Kinetic En.   Total Energy  Conserved En.    Temperature
   -3.78549e+06    6.71614e+05   -3.11388e+06   -3.10766e+06    2.99939e+02
 Pres. DC (bar) Pressure (bar)   Constr. rmsd
   -1.40061e+02   -4.61699e+00    3.03157e-05

Writing checkpoint, step 282480 at Fri Dec 11 23:23:53 2020


           Step           Time
         285000      570.00000

   Energies (kJ/mol)
            U-B    Proper Dih.  Improper Dih.      CMAP Dih.          LJ-14
    4.14044e+03    2.32907e+03    2.78518e+02   -7.25022e+02    1.75079e+03
     Coulomb-14        LJ (SR)  Disper. corr.   Coulomb (SR)   Coul. recip.
    2.74847e+04    5.64280e+05   -2.28526e+04   -4.36970e+06    1.25181e+04
      Potential    Kinetic En.   Total Energy  Conserved En.    Temperature
   -3.78050e+06    6.73206e+05   -3.10729e+06   -3.10664e+06    3.00650e+02
 Pres. DC (bar) Pressure (bar)   Constr. rmsd
   -1.39614e+02    1.13909e+01    2.78421e-05

Writing checkpoint, step 285520 at Fri Dec 11 23:38:52 2020


Writing checkpoint, step 287760 at Fri Dec 11 23:54:34 2020


Writing checkpoint, step 289280 at Sat Dec 12 00:08:44 2020


           Step           Time
         290000      580.00000

   Energies (kJ/mol)
            U-B    Proper Dih.  Improper Dih.      CMAP Dih.          LJ-14
    4.62046e+03    2.38955e+03    2.99792e+02   -7.01404e+02    1.65496e+03
     Coulomb-14        LJ (SR)  Disper. corr.   Coulomb (SR)   Coul. recip.
    2.75324e+04    5.63445e+05   -2.28581e+04   -4.37253e+06    1.26725e+04
      Potential    Kinetic En.   Total Energy  Conserved En.    Temperature
   -3.78347e+06    6.68949e+05   -3.11453e+06   -3.10731e+06    2.98749e+02
 Pres. DC (bar) Pressure (bar)   Constr. rmsd
   -1.39681e+02   -4.04456e+01    2.93633e-05

Writing checkpoint, step 291840 at Sat Dec 12 00:23:48 2020


Writing checkpoint, step 294720 at Sat Dec 12 00:38:34 2020


           Step           Time
         295000      590.00000

   Energies (kJ/mol)
            U-B    Proper Dih.  Improper Dih.      CMAP Dih.          LJ-14
    4.70195e+03    2.39649e+03    2.80753e+02   -7.40910e+02    1.64564e+03
     Coulomb-14        LJ (SR)  Disper. corr.   Coulomb (SR)   Coul. recip.
    2.74953e+04    5.63556e+05   -2.29085e+04   -4.36684e+06    1.23622e+04
      Potential    Kinetic En.   Total Energy  Conserved En.    Temperature
   -3.77805e+06    6.73742e+05   -3.10431e+06   -3.10640e+06    3.00890e+02
 Pres. DC (bar) Pressure (bar)   Constr. rmsd
   -1.40298e+02    5.31394e+01    3.30069e-05

Writing checkpoint, step 297840 at Sat Dec 12 00:53:49 2020


           Step           Time
         300000      600.00000

   Energies (kJ/mol)
            U-B    Proper Dih.  Improper Dih.      CMAP Dih.          LJ-14
    4.80157e+03    2.39384e+03    3.28495e+02   -7.36070e+02    1.69614e+03
     Coulomb-14        LJ (SR)  Disper. corr.   Coulomb (SR)   Coul. recip.
    2.73733e+04    5.64388e+05   -2.28693e+04   -4.37278e+06    1.22706e+04
      Potential    Kinetic En.   Total Energy  Conserved En.    Temperature
   -3.78314e+06    6.71158e+05   -3.11198e+06   -3.10632e+06    2.99736e+02
 Pres. DC (bar) Pressure (bar)   Constr. rmsd
   -1.39818e+02    1.35048e+01    2.99352e-05

Writing checkpoint, step 300880 at Sat Dec 12 01:08:43 2020


Writing checkpoint, step 303920 at Sat Dec 12 01:23:38 2020


           Step           Time
         305000      610.00000

   Energies (kJ/mol)
            U-B    Proper Dih.  Improper Dih.      CMAP Dih.          LJ-14
    4.43313e+03    2.33836e+03    2.40284e+02   -7.14064e+02    1.75493e+03
     Coulomb-14        LJ (SR)  Disper. corr.   Coulomb (SR)   Coul. recip.
    2.75708e+04    5.66018e+05   -2.28580e+04   -4.37298e+06    1.24728e+04
      Potential    Kinetic En.   Total Energy  Conserved En.    Temperature
   -3.78172e+06    6.71612e+05   -3.11011e+06   -3.10602e+06    2.99938e+02
 Pres. DC (bar) Pressure (bar)   Constr. rmsd
   -1.39680e+02    3.40897e+01    3.04520e-05

Writing checkpoint, step 306960 at Sat Dec 12 01:38:42 2020


           Step           Time
         310000      620.00000

Writing checkpoint, step 310000 at Sat Dec 12 01:53:52 2020


   Energies (kJ/mol)
            U-B    Proper Dih.  Improper Dih.      CMAP Dih.          LJ-14
    4.48032e+03    2.42073e+03    3.25568e+02   -7.14679e+02    1.66309e+03
     Coulomb-14        LJ (SR)  Disper. corr.   Coulomb (SR)   Coul. recip.
    2.75522e+04    5.68118e+05   -2.28880e+04   -4.37483e+06    1.25150e+04
      Potential    Kinetic En.   Total Energy  Conserved En.    Temperature
   -3.78136e+06    6.71702e+05   -3.10966e+06   -3.10563e+06    2.99978e+02
 Pres. DC (bar) Pressure (bar)   Constr. rmsd
   -1.40047e+02    8.72501e+01    2.98479e-05

Writing checkpoint, step 313040 at Sat Dec 12 02:08:54 2020


           Step           Time
         315000      630.00000

   Energies (kJ/mol)
            U-B    Proper Dih.  Improper Dih.      CMAP Dih.          LJ-14
    4.55385e+03    2.32120e+03    3.72414e+02   -6.62560e+02    1.68051e+03
     Coulomb-14        LJ (SR)  Disper. corr.   Coulomb (SR)   Coul. recip.
    2.73678e+04    5.65711e+05   -2.28478e+04   -4.37453e+06    1.25663e+04
      Potential    Kinetic En.   Total Energy  Conserved En.    Temperature
   -3.78347e+06    6.71839e+05   -3.11163e+06   -3.10533e+06    3.00040e+02
 Pres. DC (bar) Pressure (bar)   Constr. rmsd
   -1.39556e+02    9.93164e-01    3.15635e-05

Writing checkpoint, step 316080 at Sat Dec 12 02:23:43 2020


Writing checkpoint, step 319120 at Sat Dec 12 02:38:35 2020


           Step           Time
         320000      640.00000

   Energies (kJ/mol)
            U-B    Proper Dih.  Improper Dih.      CMAP Dih.          LJ-14
    4.49586e+03    2.41619e+03    3.17983e+02   -7.10413e+02    1.71566e+03
     Coulomb-14        LJ (SR)  Disper. corr.   Coulomb (SR)   Coul. recip.
    2.74727e+04    5.57869e+05   -2.28213e+04   -4.36095e+06    1.26172e+04
      Potential    Kinetic En.   Total Energy  Conserved En.    Temperature
   -3.77758e+06    6.71623e+05   -3.10596e+06   -3.10492e+06    2.99943e+02
 Pres. DC (bar) Pressure (bar)   Constr. rmsd
   -1.39232e+02   -1.33112e+02    3.22232e-05

Writing checkpoint, step 322240 at Sat Dec 12 02:53:49 2020


           Step           Time
         325000      650.00000

   Energies (kJ/mol)
            U-B    Proper Dih.  Improper Dih.      CMAP Dih.          LJ-14
    4.36940e+03    2.33169e+03    2.64298e+02   -7.04661e+02    1.70810e+03
     Coulomb-14        LJ (SR)  Disper. corr.   Coulomb (SR)   Coul. recip.
    2.75473e+04    5.63885e+05   -2.28266e+04   -4.36824e+06    1.26752e+04
      Potential    Kinetic En.   Total Energy  Conserved En.    Temperature
   -3.77899e+06    6.72170e+05   -3.10682e+06   -3.10393e+06    3.00187e+02
 Pres. DC (bar) Pressure (bar)   Constr. rmsd
   -1.39297e+02   -4.52403e+00    3.06985e-05

Writing checkpoint, step 325280 at Sat Dec 12 03:08:39 2020


Writing checkpoint, step 328400 at Sat Dec 12 03:23:53 2020


           Step           Time
         330000      660.00000

   Energies (kJ/mol)
            U-B    Proper Dih.  Improper Dih.      CMAP Dih.          LJ-14
    4.47922e+03    2.34291e+03    2.63318e+02   -7.09983e+02    1.73708e+03
     Coulomb-14        LJ (SR)  Disper. corr.   Coulomb (SR)   Coul. recip.
    2.76090e+04    5.65424e+05   -2.28465e+04   -4.36867e+06    1.26107e+04
      Potential    Kinetic En.   Total Energy  Conserved En.    Temperature
   -3.77776e+06    6.71278e+05   -3.10648e+06   -3.10399e+06    2.99789e+02
 Pres. DC (bar) Pressure (bar)   Constr. rmsd
   -1.39539e+02    4.38688e+01    3.26712e-05

Writing checkpoint, step 331440 at Sat Dec 12 03:38:44 2020


Writing checkpoint, step 334480 at Sat Dec 12 03:53:33 2020


           Step           Time
         335000      670.00000

   Energies (kJ/mol)
            U-B    Proper Dih.  Improper Dih.      CMAP Dih.          LJ-14
    4.28323e+03    2.40390e+03    2.52702e+02   -7.30499e+02    1.76247e+03
     Coulomb-14        LJ (SR)  Disper. corr.   Coulomb (SR)   Coul. recip.
    2.76125e+04    5.63792e+05   -2.28680e+04   -4.36896e+06    1.27515e+04
      Potential    Kinetic En.   Total Energy  Conserved En.    Temperature
   -3.77970e+06    6.71412e+05   -3.10829e+06   -3.10432e+06    2.99849e+02
 Pres. DC (bar) Pressure (bar)   Constr. rmsd
   -1.39802e+02   -8.44060e+00    3.01309e-05

Writing checkpoint, step 337600 at Sat Dec 12 04:08:46 2020


           Step           Time
         340000      680.00000

   Energies (kJ/mol)
            U-B    Proper Dih.  Improper Dih.      CMAP Dih.          LJ-14
    4.58145e+03    2.33874e+03    3.06467e+02   -7.09040e+02    1.70028e+03
     Coulomb-14        LJ (SR)  Disper. corr.   Coulomb (SR)   Coul. recip.
    2.75830e+04    5.63317e+05   -2.28774e+04   -4.36982e+06    1.27427e+04
      Potential    Kinetic En.   Total Energy  Conserved En.    Temperature
   -3.78083e+06    6.72376e+05   -3.10846e+06   -3.10328e+06    3.00279e+02
 Pres. DC (bar) Pressure (bar)   Constr. rmsd
   -1.39917e+02    6.16597e+00    2.97338e-05

Writing checkpoint, step 340640 at Sat Dec 12 04:23:38 2020


Writing checkpoint, step 343760 at Sat Dec 12 04:38:56 2020


           Step           Time
         345000      690.00000

   Energies (kJ/mol)
            U-B    Proper Dih.  Improper Dih.      CMAP Dih.          LJ-14
    4.44826e+03    2.44069e+03    3.03913e+02   -7.55162e+02    1.72730e+03
     Coulomb-14        LJ (SR)  Disper. corr.   Coulomb (SR)   Coul. recip.
    2.75901e+04    5.65146e+05   -2.28734e+04   -4.37300e+06    1.26877e+04
      Potential    Kinetic En.   Total Energy  Conserved En.    Temperature
   -3.78228e+06    6.72355e+05   -3.10993e+06   -3.10290e+06    3.00270e+02
 Pres. DC (bar) Pressure (bar)   Constr. rmsd
   -1.39868e+02    2.20767e+01    2.97990e-05

Writing checkpoint, step 346800 at Sat Dec 12 04:53:47 2020


Writing checkpoint, step 349840 at Sat Dec 12 05:08:50 2020


           Step           Time
         350000      700.00000

   Energies (kJ/mol)
            U-B    Proper Dih.  Improper Dih.      CMAP Dih.          LJ-14
    4.60823e+03    2.36327e+03    2.88520e+02   -7.33259e+02    1.77260e+03
     Coulomb-14        LJ (SR)  Disper. corr.   Coulomb (SR)   Coul. recip.
    2.75950e+04    5.63645e+05   -2.28602e+04   -4.36840e+06    1.24677e+04
      Potential    Kinetic En.   Total Energy  Conserved En.    Temperature
   -3.77925e+06    6.73007e+05   -3.10625e+06   -3.10313e+06    3.00561e+02
 Pres. DC (bar) Pressure (bar)   Constr. rmsd
   -1.39707e+02    7.28409e+00    3.10217e-05

Writing checkpoint, step 352880 at Sat Dec 12 05:23:43 2020


           Step           Time
         355000      710.00000

   Energies (kJ/mol)
            U-B    Proper Dih.  Improper Dih.      CMAP Dih.          LJ-14
    4.25950e+03    2.31987e+03    2.97601e+02   -7.02871e+02    1.76757e+03
     Coulomb-14        LJ (SR)  Disper. corr.   Coulomb (SR)   Coul. recip.
    2.77275e+04    5.63099e+05   -2.28222e+04   -4.36722e+06    1.24494e+04
      Potential    Kinetic En.   Total Energy  Conserved En.    Temperature
   -3.77883e+06    6.73822e+05   -3.10501e+06   -3.10183e+06    3.00925e+02
 Pres. DC (bar) Pressure (bar)   Constr. rmsd
   -1.39243e+02   -5.16557e+00    2.77323e-05

Writing checkpoint, step 355920 at Sat Dec 12 05:38:42 2020


Writing checkpoint, step 358880 at Sat Dec 12 05:53:42 2020


           Step           Time
         360000      720.00000

   Energies (kJ/mol)
            U-B    Proper Dih.  Improper Dih.      CMAP Dih.          LJ-14
    4.24620e+03    2.35501e+03    2.74469e+02   -7.28304e+02    1.75976e+03
     Coulomb-14        LJ (SR)  Disper. corr.   Coulomb (SR)   Coul. recip.
    2.75056e+04    5.62962e+05   -2.29105e+04   -4.37130e+06    1.24050e+04
      Potential    Kinetic En.   Total Energy  Conserved En.    Temperature
   -3.78343e+06    6.71580e+05   -3.11185e+06   -3.10247e+06    2.99924e+02
 Pres. DC (bar) Pressure (bar)   Constr. rmsd
   -1.40322e+02   -5.97244e-01    2.95934e-05

Writing checkpoint, step 361920 at Sat Dec 12 06:08:47 2020


Writing checkpoint, step 364960 at Sat Dec 12 06:23:44 2020


           Step           Time
         365000      730.00000

   Energies (kJ/mol)
            U-B    Proper Dih.  Improper Dih.      CMAP Dih.          LJ-14
    4.53571e+03    2.39327e+03    3.08842e+02   -7.32819e+02    1.69500e+03
     Coulomb-14        LJ (SR)  Disper. corr.   Coulomb (SR)   Coul. recip.
    2.73577e+04    5.65386e+05   -2.28680e+04   -4.37434e+06    1.26016e+04
      Potential    Kinetic En.   Total Energy  Conserved En.    Temperature
   -3.78366e+06    6.71872e+05   -3.11179e+06   -3.10110e+06    3.00055e+02
 Pres. DC (bar) Pressure (bar)   Constr. rmsd
   -1.39802e+02   -1.25259e-01    3.04786e-05

Writing checkpoint, step 368000 at Sat Dec 12 06:38:50 2020


           Step           Time
         370000      740.00000

   Energies (kJ/mol)
            U-B    Proper Dih.  Improper Dih.      CMAP Dih.          LJ-14
    4.50622e+03    2.44839e+03    2.92128e+02   -7.26546e+02    1.71365e+03
     Coulomb-14        LJ (SR)  Disper. corr.   Coulomb (SR)   Coul. recip.
    2.74802e+04    5.64011e+05   -2.28757e+04   -4.37145e+06    1.25546e+04
      Potential    Kinetic En.   Total Energy  Conserved En.    Temperature
   -3.78204e+06    6.73260e+05   -3.10878e+06   -3.10113e+06    3.00674e+02
 Pres. DC (bar) Pressure (bar)   Constr. rmsd
   -1.39896e+02    9.36786e+00    2.96493e-05

Writing checkpoint, step 371040 at Sat Dec 12 06:53:57 2020


Writing checkpoint, step 374000 at Sat Dec 12 07:08:38 2020


           Step           Time
         375000      750.00000

   Energies (kJ/mol)
            U-B    Proper Dih.  Improper Dih.      CMAP Dih.          LJ-14
    4.64274e+03    2.30315e+03    2.76395e+02   -7.05513e+02    1.68058e+03
     Coulomb-14        LJ (SR)  Disper. corr.   Coulomb (SR)   Coul. recip.
    2.75409e+04    5.61079e+05   -2.28049e+04   -4.36216e+06    1.24472e+04
      Potential    Kinetic En.   Total Energy  Conserved En.    Temperature
   -3.77570e+06    6.73495e+05   -3.10220e+06   -3.10063e+06    3.00779e+02
 Pres. DC (bar) Pressure (bar)   Constr. rmsd
   -1.39033e+02   -3.77766e+01    3.00039e-05

Writing checkpoint, step 377040 at Sat Dec 12 07:23:38 2020


           Step           Time
         380000      760.00000

   Energies (kJ/mol)
            U-B    Proper Dih.  Improper Dih.      CMAP Dih.          LJ-14
    4.60559e+03    2.38823e+03    2.91880e+02   -7.04830e+02    1.71289e+03
     Coulomb-14        LJ (SR)  Disper. corr.   Coulomb (SR)   Coul. recip.
    2.76408e+04    5.66415e+05   -2.28644e+04   -4.37694e+06    1.26693e+04
      Potential    Kinetic En.   Total Energy  Conserved En.    Temperature
   -3.78479e+06    6.74225e+05   -3.11056e+06   -3.10035e+06    3.01105e+02
 Pres. DC (bar) Pressure (bar)   Constr. rmsd
   -1.39757e+02    4.85138e+00    3.23278e-05

Writing checkpoint, step 380080 at Sat Dec 12 07:38:39 2020


Writing checkpoint, step 383120 at Sat Dec 12 07:53:36 2020


           Step           Time
         385000      770.00000

   Energies (kJ/mol)
            U-B    Proper Dih.  Improper Dih.      CMAP Dih.          LJ-14
    4.51396e+03    2.34447e+03    2.71101e+02   -7.24023e+02    1.74441e+03
     Coulomb-14        LJ (SR)  Disper. corr.   Coulomb (SR)   Coul. recip.
    2.76758e+04    5.67038e+05   -2.28987e+04   -4.37461e+06    1.25717e+04
      Potential    Kinetic En.   Total Energy  Conserved En.    Temperature
   -3.78207e+06    6.70712e+05   -3.11136e+06   -3.10054e+06    2.99536e+02
 Pres. DC (bar) Pressure (bar)   Constr. rmsd
   -1.40177e+02    7.67911e+01    3.23145e-05

Writing checkpoint, step 386160 at Sat Dec 12 08:08:34 2020


Writing checkpoint, step 389200 at Sat Dec 12 08:23:35 2020


           Step           Time
         390000      780.00000

   Energies (kJ/mol)
            U-B    Proper Dih.  Improper Dih.      CMAP Dih.          LJ-14
    4.39395e+03    2.44788e+03    2.91433e+02   -7.16301e+02    1.73865e+03
     Coulomb-14        LJ (SR)  Disper. corr.   Coulomb (SR)   Coul. recip.
    2.76432e+04    5.66300e+05   -2.28692e+04   -4.37228e+06    1.28706e+04
      Potential    Kinetic En.   Total Energy  Conserved En.    Temperature
   -3.78018e+06    6.72523e+05   -3.10766e+06   -3.10023e+06    3.00345e+02
 Pres. DC (bar) Pressure (bar)   Constr. rmsd
   -1.39816e+02    5.94390e+01    3.07700e-05

Writing checkpoint, step 392240 at Sat Dec 12 08:38:34 2020


           Step           Time
         395000      790.00000

   Energies (kJ/mol)
            U-B    Proper Dih.  Improper Dih.      CMAP Dih.          LJ-14
    4.06726e+03    2.33902e+03    2.82646e+02   -7.00756e+02    1.75223e+03
     Coulomb-14        LJ (SR)  Disper. corr.   Coulomb (SR)   Coul. recip.
    2.77528e+04    5.61250e+05   -2.28300e+04   -4.36730e+06    1.26487e+04
      Potential    Kinetic En.   Total Energy  Conserved En.    Temperature
   -3.78074e+06    6.70450e+05   -3.11029e+06   -3.10013e+06    2.99419e+02
 Pres. DC (bar) Pressure (bar)   Constr. rmsd
   -1.39338e+02   -6.96839e+01    3.05107e-05

Writing checkpoint, step 395360 at Sat Dec 12 08:53:55 2020


Writing checkpoint, step 398400 at Sat Dec 12 09:08:52 2020


           Step           Time
         400000      800.00000

   Energies (kJ/mol)
            U-B    Proper Dih.  Improper Dih.      CMAP Dih.          LJ-14
    4.48752e+03    2.38004e+03    3.05206e+02   -7.12427e+02    1.72696e+03
     Coulomb-14        LJ (SR)  Disper. corr.   Coulomb (SR)   Coul. recip.
    2.76300e+04    5.64836e+05   -2.28699e+04   -4.37238e+06    1.24141e+04
      Potential    Kinetic En.   Total Energy  Conserved En.    Temperature
   -3.78219e+06    6.71569e+05   -3.11062e+06   -3.10010e+06    2.99919e+02
 Pres. DC (bar) Pressure (bar)   Constr. rmsd
   -1.39825e+02    1.97520e+01    3.01262e-05

Writing checkpoint, step 401440 at Sat Dec 12 09:23:52 2020


Writing checkpoint, step 404480 at Sat Dec 12 09:38:53 2020


           Step           Time
         405000      810.00000

   Energies (kJ/mol)
            U-B    Proper Dih.  Improper Dih.      CMAP Dih.          LJ-14
    4.58256e+03    2.37524e+03    3.32215e+02   -7.02250e+02    1.71052e+03
     Coulomb-14        LJ (SR)  Disper. corr.   Coulomb (SR)   Coul. recip.
    2.76292e+04    5.62992e+05   -2.28377e+04   -4.36585e+06    1.26522e+04
      Potential    Kinetic En.   Total Energy  Conserved En.    Temperature
   -3.77711e+06    6.74507e+05   -3.10261e+06   -3.09980e+06    3.01231e+02
 Pres. DC (bar) Pressure (bar)   Constr. rmsd
   -1.39432e+02    5.97867e+00    2.88534e-05

Writing checkpoint, step 407440 at Sat Dec 12 09:53:37 2020


           Step           Time
         410000      820.00000

   Energies (kJ/mol)
            U-B    Proper Dih.  Improper Dih.      CMAP Dih.          LJ-14
    4.56426e+03    2.30939e+03    2.57503e+02   -6.95375e+02    1.71776e+03
     Coulomb-14        LJ (SR)  Disper. corr.   Coulomb (SR)   Coul. recip.
    2.77131e+04    5.61585e+05   -2.28799e+04   -4.36927e+06    1.26576e+04
      Potential    Kinetic En.   Total Energy  Conserved En.    Temperature
   -3.78204e+06    6.71733e+05   -3.11031e+06   -3.09895e+06    2.99992e+02
 Pres. DC (bar) Pressure (bar)   Constr. rmsd
   -1.39947e+02   -3.63832e+01    3.05815e-05

Writing checkpoint, step 410480 at Sat Dec 12 10:08:36 2020


Writing checkpoint, step 413520 at Sat Dec 12 10:23:36 2020


           Step           Time
         415000      830.00000

   Energies (kJ/mol)
            U-B    Proper Dih.  Improper Dih.      CMAP Dih.          LJ-14
    4.56408e+03    2.37869e+03    2.53034e+02   -7.05543e+02    1.66097e+03
     Coulomb-14        LJ (SR)  Disper. corr.   Coulomb (SR)   Coul. recip.
    2.76982e+04    5.63811e+05   -2.28606e+04   -4.36639e+06    1.25972e+04
      Potential    Kinetic En.   Total Energy  Conserved En.    Temperature
   -3.77700e+06    6.70540e+05   -3.10646e+06   -3.09905e+06    2.99459e+02
 Pres. DC (bar) Pressure (bar)   Constr. rmsd
   -1.39712e+02    7.12094e+00    3.27472e-05

Writing checkpoint, step 416560 at Sat Dec 12 10:38:36 2020


Writing checkpoint, step 419600 at Sat Dec 12 10:53:40 2020


           Step           Time
         420000      840.00000

   Energies (kJ/mol)
            U-B    Proper Dih.  Improper Dih.      CMAP Dih.          LJ-14
    4.45253e+03    2.46254e+03    3.25642e+02   -7.13493e+02    1.80109e+03
     Coulomb-14        LJ (SR)  Disper. corr.   Coulomb (SR)   Coul. recip.
    2.80087e+04    5.66759e+05   -2.28489e+04   -4.37493e+06    1.25901e+04
      Potential    Kinetic En.   Total Energy  Conserved En.    Temperature
   -3.78209e+06    6.71534e+05   -3.11056e+06   -3.09896e+06    2.99903e+02
 Pres. DC (bar) Pressure (bar)   Constr. rmsd
   -1.39569e+02    4.43894e+01    2.90105e-05

Writing checkpoint, step 422640 at Sat Dec 12 11:08:41 2020


           Step           Time
         425000      850.00000

   Energies (kJ/mol)
            U-B    Proper Dih.  Improper Dih.      CMAP Dih.          LJ-14
    4.27399e+03    2.37419e+03    2.60840e+02   -7.42976e+02    1.73445e+03
     Coulomb-14        LJ (SR)  Disper. corr.   Coulomb (SR)   Coul. recip.
    2.77218e+04    5.64282e+05   -2.28583e+04   -4.37102e+06    1.27361e+04
      Potential    Kinetic En.   Total Energy  Conserved En.    Temperature
   -3.78124e+06    6.69628e+05   -3.11161e+06   -3.09794e+06    2.99052e+02
 Pres. DC (bar) Pressure (bar)   Constr. rmsd
   -1.39684e+02   -1.01474e+01    3.05075e-05

Writing checkpoint, step 425680 at Sat Dec 12 11:23:47 2020


Writing checkpoint, step 428640 at Sat Dec 12 11:38:35 2020


           Step           Time
         430000      860.00000

   Energies (kJ/mol)
            U-B    Proper Dih.  Improper Dih.      CMAP Dih.          LJ-14
    4.44024e+03    2.45047e+03    3.03982e+02   -7.37108e+02    1.70607e+03
     Coulomb-14        LJ (SR)  Disper. corr.   Coulomb (SR)   Coul. recip.
    2.77612e+04    5.69407e+05   -2.28833e+04   -4.37684e+06    1.23645e+04
      Potential    Kinetic En.   Total Energy  Conserved En.    Temperature
   -3.78203e+06    6.73238e+05   -3.10879e+06   -3.09849e+06    3.00665e+02
 Pres. DC (bar) Pressure (bar)   Constr. rmsd
   -1.39989e+02    1.08011e+02    3.25265e-05

Writing checkpoint, step 431680 at Sat Dec 12 11:53:41 2020


Writing checkpoint, step 434720 at Sat Dec 12 12:08:49 2020


           Step           Time
         435000      870.00000

   Energies (kJ/mol)
            U-B    Proper Dih.  Improper Dih.      CMAP Dih.          LJ-14
    4.26066e+03    2.36171e+03    2.65149e+02   -7.37961e+02    1.68855e+03
     Coulomb-14        LJ (SR)  Disper. corr.   Coulomb (SR)   Coul. recip.
    2.77453e+04    5.62913e+05   -2.29063e+04   -4.36957e+06    1.24348e+04
      Potential    Kinetic En.   Total Energy  Conserved En.    Temperature
   -3.78154e+06    6.72410e+05   -3.10913e+06   -3.09812e+06    3.00295e+02
 Pres. DC (bar) Pressure (bar)   Constr. rmsd
   -1.40271e+02    1.00468e+01    2.99630e-05

Writing checkpoint, step 437680 at Sat Dec 12 12:23:41 2020


           Step           Time
         440000      880.00000

   Energies (kJ/mol)
            U-B    Proper Dih.  Improper Dih.      CMAP Dih.          LJ-14
    4.49701e+03    2.40869e+03    2.66620e+02   -6.75342e+02    1.77138e+03
     Coulomb-14        LJ (SR)  Disper. corr.   Coulomb (SR)   Coul. recip.
    2.75653e+04    5.65243e+05   -2.28534e+04   -4.37151e+06    1.26904e+04
      Potential    Kinetic En.   Total Energy  Conserved En.    Temperature
   -3.78059e+06    6.72711e+05   -3.10788e+06   -3.09733e+06    3.00429e+02
 Pres. DC (bar) Pressure (bar)   Constr. rmsd
   -1.39623e+02    2.28469e+01    3.13398e-05

Writing checkpoint, step 440720 at Sat Dec 12 12:38:57 2020


Writing checkpoint, step 443680 at Sat Dec 12 12:53:52 2020


           Step           Time
         445000      890.00000

   Energies (kJ/mol)
            U-B    Proper Dih.  Improper Dih.      CMAP Dih.          LJ-14
    4.39147e+03    2.34591e+03    3.03761e+02   -7.09990e+02    1.73489e+03
     Coulomb-14        LJ (SR)  Disper. corr.   Coulomb (SR)   Coul. recip.
    2.78048e+04    5.63484e+05   -2.28744e+04   -4.37130e+06    1.25428e+04
      Potential    Kinetic En.   Total Energy  Conserved En.    Temperature
   -3.78228e+06    6.72780e+05   -3.10950e+06   -3.09717e+06    3.00460e+02
 Pres. DC (bar) Pressure (bar)   Constr. rmsd
   -1.39880e+02   -1.12991e+00    2.94767e-05

Writing checkpoint, step 446640 at Sat Dec 12 13:08:39 2020


Writing checkpoint, step 449680 at Sat Dec 12 13:23:51 2020


           Step           Time
         450000      900.00000

   Energies (kJ/mol)
            U-B    Proper Dih.  Improper Dih.      CMAP Dih.          LJ-14
    4.24337e+03    2.34133e+03    2.89321e+02   -7.30151e+02    1.68760e+03
     Coulomb-14        LJ (SR)  Disper. corr.   Coulomb (SR)   Coul. recip.
    2.77703e+04    5.61953e+05   -2.28840e+04   -4.36829e+06    1.25559e+04
      Potential    Kinetic En.   Total Energy  Conserved En.    Temperature
   -3.78106e+06    6.72167e+05   -3.10890e+06   -3.09719e+06    3.00186e+02
 Pres. DC (bar) Pressure (bar)   Constr. rmsd
   -1.39997e+02   -2.59298e+01    2.96468e-05

Writing checkpoint, step 452640 at Sat Dec 12 13:38:39 2020


           Step           Time
         455000      910.00000

   Energies (kJ/mol)
            U-B    Proper Dih.  Improper Dih.      CMAP Dih.          LJ-14
    4.65388e+03    2.40159e+03    2.96555e+02   -6.84736e+02    1.68244e+03
     Coulomb-14        LJ (SR)  Disper. corr.   Coulomb (SR)   Coul. recip.
    2.75251e+04    5.64691e+05   -2.28704e+04   -4.37103e+06    1.25649e+04
      Potential    Kinetic En.   Total Energy  Conserved En.    Temperature
   -3.78077e+06    6.72021e+05   -3.10875e+06   -3.09667e+06    3.00121e+02
 Pres. DC (bar) Pressure (bar)   Constr. rmsd
   -1.39831e+02    1.23527e+01    3.30619e-05

Writing checkpoint, step 455680 at Sat Dec 12 13:53:46 2020


Writing checkpoint, step 458640 at Sat Dec 12 14:08:43 2020


           Step           Time
         460000      920.00000

   Energies (kJ/mol)
            U-B    Proper Dih.  Improper Dih.      CMAP Dih.          LJ-14
    4.45172e+03    2.35124e+03    3.33408e+02   -7.22547e+02    1.67894e+03
     Coulomb-14        LJ (SR)  Disper. corr.   Coulomb (SR)   Coul. recip.
    2.76121e+04    5.60128e+05   -2.28537e+04   -4.36531e+06    1.26301e+04
      Potential    Kinetic En.   Total Energy  Conserved En.    Temperature
   -3.77970e+06    6.69488e+05   -3.11021e+06   -3.09555e+06    2.98989e+02
 Pres. DC (bar) Pressure (bar)   Constr. rmsd
   -1.39628e+02   -6.58640e+01    3.05071e-05

Writing checkpoint, step 461680 at Sat Dec 12 14:23:54 2020


Writing checkpoint, step 464640 at Sat Dec 12 14:38:42 2020


           Step           Time
         465000      930.00000

   Energies (kJ/mol)
            U-B    Proper Dih.  Improper Dih.      CMAP Dih.          LJ-14
    4.27404e+03    2.26784e+03    3.10160e+02   -7.13691e+02    1.70633e+03
     Coulomb-14        LJ (SR)  Disper. corr.   Coulomb (SR)   Coul. recip.
    2.76600e+04    5.62522e+05   -2.28726e+04   -4.36848e+06    1.25794e+04
      Potential    Kinetic En.   Total Energy  Conserved En.    Temperature
   -3.78074e+06    6.73569e+05   -3.10717e+06   -3.09549e+06    3.00812e+02
 Pres. DC (bar) Pressure (bar)   Constr. rmsd
   -1.39858e+02   -1.45594e+01    2.83255e-05

Writing checkpoint, step 467680 at Sat Dec 12 14:53:52 2020


           Step           Time
         470000      940.00000

   Energies (kJ/mol)
            U-B    Proper Dih.  Improper Dih.      CMAP Dih.          LJ-14
    4.33158e+03    2.35371e+03    2.87161e+02   -7.06992e+02    1.68585e+03
     Coulomb-14        LJ (SR)  Disper. corr.   Coulomb (SR)   Coul. recip.
    2.76299e+04    5.63068e+05   -2.28547e+04   -4.37119e+06    1.27805e+04
      Potential    Kinetic En.   Total Energy  Conserved En.    Temperature
   -3.78262e+06    6.71553e+05   -3.11107e+06   -3.09572e+06    2.99912e+02
 Pres. DC (bar) Pressure (bar)   Constr. rmsd
   -1.39640e+02   -5.09683e+01    3.10481e-05

Writing checkpoint, step 470640 at Sat Dec 12 15:08:36 2020


Writing checkpoint, step 473680 at Sat Dec 12 15:23:44 2020


           Step           Time
         475000      950.00000

   Energies (kJ/mol)
            U-B    Proper Dih.  Improper Dih.      CMAP Dih.          LJ-14
    4.11293e+03    2.37612e+03    2.72966e+02   -6.74665e+02    1.72709e+03
     Coulomb-14        LJ (SR)  Disper. corr.   Coulomb (SR)   Coul. recip.
    2.78067e+04    5.62199e+05   -2.28320e+04   -4.36634e+06    1.24348e+04
      Potential    Kinetic En.   Total Energy  Conserved En.    Temperature
   -3.77891e+06    6.72598e+05   -3.10631e+06   -3.09509e+06    3.00379e+02
 Pres. DC (bar) Pressure (bar)   Constr. rmsd
   -1.39363e+02   -2.56765e+01    2.80134e-05

Writing checkpoint, step 476720 at Sat Dec 12 15:38:56 2020


Writing checkpoint, step 479680 at Sat Dec 12 15:53:42 2020


           Step           Time
         480000      960.00000

   Energies (kJ/mol)
            U-B    Proper Dih.  Improper Dih.      CMAP Dih.          LJ-14
    4.72858e+03    2.41052e+03    3.43732e+02   -6.52432e+02    1.72428e+03
     Coulomb-14        LJ (SR)  Disper. corr.   Coulomb (SR)   Coul. recip.
    2.77696e+04    5.61550e+05   -2.28508e+04   -4.36827e+06    1.24409e+04
      Potential    Kinetic En.   Total Energy  Conserved En.    Temperature
   -3.78081e+06    6.72257e+05   -3.10855e+06   -3.09409e+06    3.00226e+02
 Pres. DC (bar) Pressure (bar)   Constr. rmsd
   -1.39592e+02   -5.66282e+01    2.98026e-05

Writing checkpoint, step 482640 at Sat Dec 12 16:08:35 2020


           Step           Time
         485000      970.00000

   Energies (kJ/mol)
            U-B    Proper Dih.  Improper Dih.      CMAP Dih.          LJ-14
    4.57700e+03    2.36915e+03    2.91750e+02   -7.46781e+02    1.71751e+03
     Coulomb-14        LJ (SR)  Disper. corr.   Coulomb (SR)   Coul. recip.
    2.77362e+04    5.67332e+05   -2.29316e+04   -4.37564e+06    1.24121e+04
      Potential    Kinetic En.   Total Energy  Conserved En.    Temperature
   -3.78288e+06    6.70870e+05   -3.11201e+06   -3.09357e+06    2.99607e+02
 Pres. DC (bar) Pressure (bar)   Constr. rmsd
   -1.40580e+02    9.53307e+01    3.12999e-05

Writing checkpoint, step 485680 at Sat Dec 12 16:23:49 2020


Writing checkpoint, step 488560 at Sat Dec 12 16:38:52 2020


           Step           Time
         490000      980.00000

   Energies (kJ/mol)
            U-B    Proper Dih.  Improper Dih.      CMAP Dih.          LJ-14
    4.54707e+03    2.43386e+03    2.97768e+02   -7.12950e+02    1.67806e+03
     Coulomb-14        LJ (SR)  Disper. corr.   Coulomb (SR)   Coul. recip.
    2.77592e+04    5.65475e+05   -2.28641e+04   -4.37197e+06    1.24370e+04
      Potential    Kinetic En.   Total Energy  Conserved En.    Temperature
   -3.78091e+06    6.72575e+05   -3.10834e+06   -3.09340e+06    3.00368e+02
 Pres. DC (bar) Pressure (bar)   Constr. rmsd
   -1.39754e+02    3.24698e+01    3.00294e-05

Writing checkpoint, step 491680 at Sat Dec 12 16:53:53 2020


Writing checkpoint, step 494800 at Sat Dec 12 17:08:48 2020


           Step           Time
         495000      990.00000

   Energies (kJ/mol)
            U-B    Proper Dih.  Improper Dih.      CMAP Dih.          LJ-14
    4.42476e+03    2.32808e+03    2.94964e+02   -7.31164e+02    1.73381e+03
     Coulomb-14        LJ (SR)  Disper. corr.   Coulomb (SR)   Coul. recip.
    2.77474e+04    5.66506e+05   -2.28522e+04   -4.37037e+06    1.25242e+04
      Potential    Kinetic En.   Total Energy  Conserved En.    Temperature
   -3.77839e+06    6.71954e+05   -3.10644e+06   -3.09301e+06    3.00091e+02
 Pres. DC (bar) Pressure (bar)   Constr. rmsd
   -1.39609e+02    5.08079e+01    3.10067e-05

Writing checkpoint, step 497920 at Sat Dec 12 17:23:54 2020


           Step           Time
         500000     1000.00000

Writing checkpoint, step 500000 at Sat Dec 12 17:38:10 2020


   Energies (kJ/mol)
            U-B    Proper Dih.  Improper Dih.      CMAP Dih.          LJ-14
    4.29035e+03    2.33760e+03    3.18416e+02   -7.27166e+02    1.76272e+03
     Coulomb-14        LJ (SR)  Disper. corr.   Coulomb (SR)   Coul. recip.
    2.78961e+04    5.65206e+05   -2.28660e+04   -4.37227e+06    1.22948e+04
      Potential    Kinetic En.   Total Energy  Conserved En.    Temperature
   -3.78176e+06    6.74384e+05   -3.10737e+06   -3.09280e+06    3.01176e+02
 Pres. DC (bar) Pressure (bar)   Constr. rmsd
   -1.39777e+02    1.81781e+01    3.00963e-05

	<======  ###############  ==>
	<====  A V E R A G E S  ====>
	<==  ###############  ======>

	Statistics over 500001 steps using 5001 frames

   Energies (kJ/mol)
            U-B    Proper Dih.  Improper Dih.      CMAP Dih.          LJ-14
    4.45489e+03    2.38760e+03    2.95269e+02   -7.11249e+02    1.71340e+03
     Coulomb-14        LJ (SR)  Disper. corr.   Coulomb (SR)   Coul. recip.
    2.76447e+04    5.64056e+05   -2.28647e+04   -4.37046e+06    1.25467e+04
      Potential    Kinetic En.   Total Energy  Conserved En.    Temperature
   -3.78094e+06    6.71763e+05   -3.10917e+06   -3.10950e+06    3.00006e+02
 Pres. DC (bar) Pressure (bar)   Constr. rmsd
   -1.39761e+02    8.34068e-01    0.00000e+00

          Box-X          Box-Y          Box-Z
    1.39574e+01    1.39574e+01    1.39574e+01

   Total Virial (kJ/mol)
    2.23815e+05    7.85289e+01   -2.93573e+01
    7.93924e+01    2.23886e+05    1.10329e-01
   -3.50017e+01   -6.22801e+01    2.23861e+05

   Pressure (bar)
    2.08419e+00   -7.98294e-01    5.40119e-01
   -8.08843e-01    1.01650e+00    7.35780e-02
    6.09034e-01    8.35683e-01   -5.98479e-01

      T-Protein  T-non-Protein
    3.00006e+02    3.00006e+02


	M E G A - F L O P S   A C C O U N T I N G

 NB=Group-cutoff nonbonded kernels    NxN=N-by-N cluster Verlet kernels
 RF=Reaction-Field  VdW=Van der Waals  QSTab=quadratic-spline table
 W3=SPC/TIP3p  W4=TIP4p (single or pairs)
 V&F=Potential and force  V=Potential only  F=Force only

 Computing:                               M-Number         M-Flops  % Flops
-----------------------------------------------------------------------------
 Pair Search distance check          969438.699536     8724948.296     0.2
 NxN QSTab Elec. + LJ [F]          52494358.536544  2782201002.437    57.8
 NxN QSTab Elec. + LJ [V&F]          530349.785744    42958332.645     0.9
 NxN QSTab Elec. [F]               50550113.503376  1718703859.115    35.7
 NxN QSTab Elec. [V&F]               510707.275440    20938998.293     0.4
 1,4 nonbonded interactions            2564.505129      230805.462     0.0
 Calc Weights                        403598.307195    14529539.059     0.3
 Spread Q Bspline                   8610097.220160    17220194.440     0.4
 Gather F Bspline                   8610097.220160    51660583.321     1.1
 3D-FFT                            17477894.955720   139823159.646     2.9
 Solve PME                             4608.009216      294912.590     0.0
 Shift-X                               1681.925315       10091.552     0.0
 Propers                               2088.004176      478152.956     0.0
 Impropers                              185.000370       38480.077     0.0
 Virial                               13455.769110      242203.844     0.0
 Stop-CM                               1345.594065       13455.941     0.0
 Calc-Ekin                            26907.038130      726490.030     0.0
 Lincs                                  982.501965       58950.118     0.0
 Lincs-Mat                            21300.042600       85200.170     0.0
 Constraint-V                        135268.770537     1082150.164     0.0
 Constraint-Vir                       13428.868572      322292.846     0.0
 Settle                               44434.588869    14352372.205     0.3
 CMAP                                    63.500127      107950.216     0.0
 Urey-Bradley                          1775.003550      324825.650     0.0
-----------------------------------------------------------------------------
 Total                                              4815128951.071   100.0
-----------------------------------------------------------------------------


     R E A L   C Y C L E   A N D   T I M E   A C C O U N T I N G

On 1 MPI rank, each using 4 OpenMP threads

 Computing:          Num   Num      Call    Wall time         Giga-Cycles
                     Ranks Threads  Count      (s)         total sum    %
-----------------------------------------------------------------------------
 Neighbor search        1    4       6251    1752.162      19007.452   1.2
 Force                  1    4     500001  123711.836    1342025.928  82.3
 PME mesh               1    4     500001   20943.205     227191.872  13.9
 NB X/F buffer ops.     1    4     993751    1744.348      18922.686   1.2
 Write traj.            1    4        366      49.707        539.216   0.0
 Update                 1    4     500001     873.472       9475.419   0.6
 Constraints            1    4     500001     990.140      10741.044   0.7
 Rest                                         217.564       2360.135   0.1
-----------------------------------------------------------------------------
 Total                                     150282.433    1630263.753 100.0
-----------------------------------------------------------------------------
 Breakdown of PME mesh computation
-----------------------------------------------------------------------------
 PME spread             1    4     500001    7433.284      80636.256   4.9
 PME gather             1    4     500001    8977.519      97388.122   6.0
 PME 3D-FFT             1    4    1000002    4045.915      43890.087   2.7
 PME solve Elec         1    4     500001     436.071       4730.500   0.3
-----------------------------------------------------------------------------

               Core t (s)   Wall t (s)        (%)
       Time:   601129.734   150282.433      400.0
                         1d17h44:42
                 (ns/day)    (hour/ns)
Performance:        0.575       41.745
Finished mdrun on rank 0 Sat Dec 12 17:38:12 2020
