Log file opened on Thu Dec 10 12:38:12 2020
Host: DESKTOP-4ATMB28  pid: 107  rank ID: 0  number of ranks:  1
                      :-) GROMACS - gmx mdrun, 2018.1 (-:

                            GROMACS is written by:
     Emile Apol      Rossen Apostolov      Paul Bauer     Herman J.C. Berendsen
    Par Bjelkmar    Aldert van Buuren   Rudi van Drunen     Anton Feenstra  
  Gerrit Groenhof    Aleksei Iupinov   Christoph Junghans   Anca Hamuraru   
 Vincent Hindriksen Dimitrios Karkoulis    Peter Kasson        Jiri Kraus    
  Carsten Kutzner      Per Larsson      Justin A. Lemkul    Viveca Lindahl  
  Magnus Lundborg   Pieter Meulenhoff    Erik Marklund      Teemu Murtola   
    Szilard Pall       Sander Pronk      Roland Schulz     Alexey Shvetsov  
   Michael Shirts     Alfons Sijbers     Peter Tieleman    Teemu Virolainen 
 Christian Wennberg    Maarten Wolf   
                           and the project leaders:
        Mark Abraham, Berk Hess, Erik Lindahl, and David van der Spoel

Copyright (c) 1991-2000, University of Groningen, The Netherlands.
Copyright (c) 2001-2017, The GROMACS development team at
Uppsala University, Stockholm University and
the Royal Institute of Technology, Sweden.
check out http://www.gromacs.org for more information.

GROMACS is free software; you can redistribute it and/or modify it
under the terms of the GNU Lesser General Public License
as published by the Free Software Foundation; either version 2.1
of the License, or (at your option) any later version.

GROMACS:      gmx mdrun, version 2018.1
Executable:   /usr/bin/gmx
Data prefix:  /usr
Working dir:  /mnt/c/Sankalpa/Sankalpa Things/College/Academic/Bio Courses/Comp Sim/Project6
Command line:
  gmx mdrun -v -deffnm nvt

GROMACS version:    2018.1
Precision:          single
Memory model:       64 bit
MPI library:        thread_mpi
OpenMP support:     enabled (GMX_OPENMP_MAX_THREADS = 64)
GPU support:        disabled
SIMD instructions:  SSE2
FFT library:        fftw-3.3.7-sse2-avx
RDTSCP usage:       disabled
TNG support:        enabled
Hwloc support:      hwloc-1.11.6
Tracing support:    disabled
Built on:           2018-03-31 17:12:46
Built by:           buildd@debian [CMAKE]
Build OS/arch:      Linux x86_64
Build CPU vendor:   Intel
Build CPU brand:    Westmere E56xx/L56xx/X56xx (Nehalem-C)
Build CPU family:   6   Model: 44   Stepping: 1
Build CPU features: aes apic clfsh cmov cx8 cx16 intel lahf mmx msr pcid pclmuldq pdpe1gb popcnt pse rdtscp sse2 sse3 sse4.1 sse4.2 ssse3 x2apic
C compiler:         /usr/bin/cc GNU 7.3.0
C compiler flags:    -msse2   -g -O2 -fdebug-prefix-map=/build/gromacs-Fqu8ou/gromacs-2018.1=. -fstack-protector-strong -Wformat -Werror=format-security -Wdate-time -D_FORTIFY_SOURCE=2  -O3 -DNDEBUG -funroll-all-loops -fexcess-precision=fast  
C++ compiler:       /usr/bin/c++ GNU 7.3.0
C++ compiler flags:  -msse2   -g -O2 -fdebug-prefix-map=/build/gromacs-Fqu8ou/gromacs-2018.1=. -fstack-protector-strong -Wformat -Werror=format-security -Wdate-time -D_FORTIFY_SOURCE=2 -std=c++11   -O3 -DNDEBUG -funroll-all-loops -fexcess-precision=fast  


Running on 1 node with total 2 cores, 4 logical cores
Hardware detected:
  CPU info:
    Vendor: Intel
    Brand:  Intel(R) Core(TM) i5-7200U CPU @ 2.50GHz
    Family: 6   Model: 142   Stepping: 9
    Features: aes apic avx avx2 clfsh cmov cx8 cx16 f16c fma htt intel lahf mmx msr nonstop_tsc pcid pclmuldq pdcm pdpe1gb popcnt pse rdrnd rdtscp sse2 sse3 sse4.1 sse4.2 ssse3 tdt x2apic
  Hardware topology: Basic
    Sockets, cores, and logical processors:
      Socket  0: [   0   1] [   2   3]

Highest SIMD level requested by all nodes in run: AVX2_256
SIMD instructions selected at compile time:       SSE2
This program was compiled for different hardware than you are running on,
which could influence performance.
The current CPU can measure timings more accurately than the code in
gmx mdrun was configured to use. This might affect your simulation
speed as accurate timings are needed for load-balancing.
Please consider rebuilding gmx mdrun with the GMX_USE_RDTSCP=ON CMake option.

++++ PLEASE READ AND CITE THE FOLLOWING REFERENCE ++++
M. J. Abraham, T. Murtola, R. Schulz, S. Páll, J. C. Smith, B. Hess, E.
Lindahl
GROMACS: High performance molecular simulations through multi-level
parallelism from laptops to supercomputers
SoftwareX 1 (2015) pp. 19-25
-------- -------- --- Thank You --- -------- --------


++++ PLEASE READ AND CITE THE FOLLOWING REFERENCE ++++
S. Páll, M. J. Abraham, C. Kutzner, B. Hess, E. Lindahl
Tackling Exascale Software Challenges in Molecular Dynamics Simulations with
GROMACS
In S. Markidis & E. Laure (Eds.), Solving Software Challenges for Exascale 8759 (2015) pp. 3-27
-------- -------- --- Thank You --- -------- --------


++++ PLEASE READ AND CITE THE FOLLOWING REFERENCE ++++
S. Pronk, S. Páll, R. Schulz, P. Larsson, P. Bjelkmar, R. Apostolov, M. R.
Shirts, J. C. Smith, P. M. Kasson, D. van der Spoel, B. Hess, and E. Lindahl
GROMACS 4.5: a high-throughput and highly parallel open source molecular
simulation toolkit
Bioinformatics 29 (2013) pp. 845-54
-------- -------- --- Thank You --- -------- --------


++++ PLEASE READ AND CITE THE FOLLOWING REFERENCE ++++
B. Hess and C. Kutzner and D. van der Spoel and E. Lindahl
GROMACS 4: Algorithms for highly efficient, load-balanced, and scalable
molecular simulation
J. Chem. Theory Comput. 4 (2008) pp. 435-447
-------- -------- --- Thank You --- -------- --------


++++ PLEASE READ AND CITE THE FOLLOWING REFERENCE ++++
D. van der Spoel, E. Lindahl, B. Hess, G. Groenhof, A. E. Mark and H. J. C.
Berendsen
GROMACS: Fast, Flexible and Free
J. Comp. Chem. 26 (2005) pp. 1701-1719
-------- -------- --- Thank You --- -------- --------


++++ PLEASE READ AND CITE THE FOLLOWING REFERENCE ++++
E. Lindahl and B. Hess and D. van der Spoel
GROMACS 3.0: A package for molecular simulation and trajectory analysis
J. Mol. Mod. 7 (2001) pp. 306-317
-------- -------- --- Thank You --- -------- --------


++++ PLEASE READ AND CITE THE FOLLOWING REFERENCE ++++
H. J. C. Berendsen, D. van der Spoel and R. van Drunen
GROMACS: A message-passing parallel molecular dynamics implementation
Comp. Phys. Comm. 91 (1995) pp. 43-56
-------- -------- --- Thank You --- -------- --------

Input Parameters:
   integrator                     = md
   tinit                          = 0
   dt                             = 0.002
   nsteps                         = 50000
   init-step                      = 0
   simulation-part                = 1
   comm-mode                      = Linear
   nstcomm                        = 100
   bd-fric                        = 0
   ld-seed                        = -1798618942
   emtol                          = 10
   emstep                         = 0.01
   niter                          = 20
   fcstep                         = 0
   nstcgsteep                     = 1000
   nbfgscorr                      = 10
   rtpi                           = 0.05
   nstxout                        = 0
   nstvout                        = 0
   nstfout                        = 0
   nstlog                         = 1000
   nstcalcenergy                  = 100
   nstenergy                      = 1000
   nstxout-compressed             = 0
   compressed-x-precision         = 1000
   cutoff-scheme                  = Verlet
   nstlist                        = 10
   ns-type                        = Grid
   pbc                            = xyz
   periodic-molecules             = false
   verlet-buffer-tolerance        = 0.005
   rlist                          = 1.2
   coulombtype                    = PME
   coulomb-modifier               = Potential-shift
   rcoulomb-switch                = 0
   rcoulomb                       = 1.2
   epsilon-r                      = 1
   epsilon-rf                     = inf
   vdw-type                       = Cut-off
   vdw-modifier                   = Force-switch
   rvdw-switch                    = 1
   rvdw                           = 1.2
   DispCorr                       = EnerPres
   table-extension                = 1
   fourierspacing                 = 0.16
   fourier-nx                     = 96
   fourier-ny                     = 96
   fourier-nz                     = 96
   pme-order                      = 4
   ewald-rtol                     = 1e-05
   ewald-rtol-lj                  = 0.001
   lj-pme-comb-rule               = Geometric
   ewald-geometry                 = 0
   epsilon-surface                = 0
   implicit-solvent               = No
   gb-algorithm                   = Still
   nstgbradii                     = 1
   rgbradii                       = 1
   gb-epsilon-solvent             = 80
   gb-saltconc                    = 0
   gb-obc-alpha                   = 1
   gb-obc-beta                    = 0.8
   gb-obc-gamma                   = 4.85
   gb-dielectric-offset           = 0.009
   sa-algorithm                   = Ace-approximation
   sa-surface-tension             = 2.05016
   tcoupl                         = Nose-Hoover
   nsttcouple                     = 10
   nh-chain-length                = 1
   print-nose-hoover-chain-variables = false
   pcoupl                         = No
   pcoupltype                     = Isotropic
   nstpcouple                     = -1
   tau-p                          = 1
   compressibility (3x3):
      compressibility[    0]={ 0.00000e+00,  0.00000e+00,  0.00000e+00}
      compressibility[    1]={ 0.00000e+00,  0.00000e+00,  0.00000e+00}
      compressibility[    2]={ 0.00000e+00,  0.00000e+00,  0.00000e+00}
   ref-p (3x3):
      ref-p[    0]={ 0.00000e+00,  0.00000e+00,  0.00000e+00}
      ref-p[    1]={ 0.00000e+00,  0.00000e+00,  0.00000e+00}
      ref-p[    2]={ 0.00000e+00,  0.00000e+00,  0.00000e+00}
   refcoord-scaling               = No
   posres-com (3):
      posres-com[0]= 0.00000e+00
      posres-com[1]= 0.00000e+00
      posres-com[2]= 0.00000e+00
   posres-comB (3):
      posres-comB[0]= 0.00000e+00
      posres-comB[1]= 0.00000e+00
      posres-comB[2]= 0.00000e+00
   QMMM                           = false
   QMconstraints                  = 0
   QMMMscheme                     = 0
   MMChargeScaleFactor            = 1
qm-opts:
   ngQM                           = 0
   constraint-algorithm           = Shake
   continuation                   = false
   Shake-SOR                      = false
   shake-tol                      = 0.0001
   lincs-order                    = 4
   lincs-iter                     = 1
   lincs-warnangle                = 30
   nwall                          = 0
   wall-type                      = 9-3
   wall-r-linpot                  = -1
   wall-atomtype[0]               = -1
   wall-atomtype[1]               = -1
   wall-density[0]                = 0
   wall-density[1]                = 0
   wall-ewald-zfac                = 3
   pull                           = false
   awh                            = false
   rotation                       = false
   interactiveMD                  = false
   disre                          = No
   disre-weighting                = Conservative
   disre-mixed                    = false
   dr-fc                          = 1000
   dr-tau                         = 0
   nstdisreout                    = 100
   orire-fc                       = 0
   orire-tau                      = 0
   nstorireout                    = 100
   free-energy                    = no
   cos-acceleration               = 0
   deform (3x3):
      deform[    0]={ 0.00000e+00,  0.00000e+00,  0.00000e+00}
      deform[    1]={ 0.00000e+00,  0.00000e+00,  0.00000e+00}
      deform[    2]={ 0.00000e+00,  0.00000e+00,  0.00000e+00}
   simulated-tempering            = false
   swapcoords                     = no
   userint1                       = 0
   userint2                       = 0
   userint3                       = 0
   userint4                       = 0
   userreal1                      = 0
   userreal2                      = 0
   userreal3                      = 0
   userreal4                      = 0
   applied-forces:
     electric-field:
       x:
         E0                       = 0
         omega                    = 0
         t0                       = 0
         sigma                    = 0
       y:
         E0                       = 0
         omega                    = 0
         t0                       = 0
         sigma                    = 0
       z:
         E0                       = 0
         omega                    = 0
         t0                       = 0
         sigma                    = 0
grpopts:
   nrdf:     3908.98      534711
   ref-t:         298         298
   tau-t:         0.5         0.5
annealing:          No          No
annealing-npoints:           0           0
   acc:	           0           0           0
   nfreeze:           N           N           N
   energygrp-flags[  0]: 0

Changing nstlist from 10 to 80, rlist from 1.2 to 1.321


Using 1 MPI thread
Using 4 OpenMP threads 

Pinning threads with an auto-selected logical core stride of 1
System total charge: 0.000
Will do PME sum in reciprocal space for electrostatic interactions.

++++ PLEASE READ AND CITE THE FOLLOWING REFERENCE ++++
U. Essmann, L. Perera, M. L. Berkowitz, T. Darden, H. Lee and L. G. Pedersen 
A smooth particle mesh Ewald method
J. Chem. Phys. 103 (1995) pp. 8577-8592
-------- -------- --- Thank You --- -------- --------

Using a Gaussian width (1/beta) of 0.384195 nm for Ewald
Potential shift: LJ r^-12: -2.648e-01 r^-6: -5.349e-01, Ewald -8.333e-06
Initialized non-bonded Ewald correction tables, spacing: 1.02e-03 size: 1176

Long Range LJ corr.: <C6> 2.8256e-04
Generated table with 1160 data points for Ewald.
Tabscale = 500 points/nm
Generated table with 1160 data points for LJ6Shift.
Tabscale = 500 points/nm
Generated table with 1160 data points for LJ12Shift.
Tabscale = 500 points/nm
Generated table with 1160 data points for 1-4 COUL.
Tabscale = 500 points/nm
Generated table with 1160 data points for 1-4 LJ6.
Tabscale = 500 points/nm
Generated table with 1160 data points for 1-4 LJ12.
Tabscale = 500 points/nm

Using SIMD 4x4 nonbonded short-range kernels

Using a dual 4x4 pair-list setup updated with dynamic pruning:
  outer list: updated every 80 steps, buffer 0.121 nm, rlist 1.321 nm
  inner list: updated every 13 steps, buffer 0.003 nm, rlist 1.203 nm
At tolerance 0.005 kJ/mol/ps per atom, equivalent classical 1x1 list would be:
  outer list: updated every 80 steps, buffer 0.265 nm, rlist 1.465 nm
  inner list: updated every 13 steps, buffer 0.052 nm, rlist 1.252 nm

Removing pbc first time

++++ PLEASE READ AND CITE THE FOLLOWING REFERENCE ++++
J. P. Ryckaert and G. Ciccotti and H. J. C. Berendsen
Numerical Integration of the Cartesian Equations of Motion of a System with
Constraints; Molecular Dynamics of n-Alkanes
J. Comp. Phys. 23 (1977) pp. 327-341
-------- -------- --- Thank You --- -------- --------


++++ PLEASE READ AND CITE THE FOLLOWING REFERENCE ++++
S. Miyamoto and P. A. Kollman
SETTLE: An Analytical Version of the SHAKE and RATTLE Algorithms for Rigid
Water Models
J. Comp. Chem. 13 (1992) pp. 952-962
-------- -------- --- Thank You --- -------- --------


Intra-simulation communication will occur every 10 steps.
Center of mass motion removal mode is Linear
We have the following groups for center of mass motion removal:
  0:  rest
There are: 269065 Atoms

Constraining the starting coordinates (step 0)

Constraining the coordinates at t0-dt (step 0)
Initial temperature: 298.254 K

Started mdrun on rank 0 Thu Dec 10 12:38:15 2020
           Step           Time
              0        0.00000

   Energies (kJ/mol)
            U-B    Proper Dih.  Improper Dih.      CMAP Dih.          LJ-14
    2.40044e+03    2.02555e+03    9.08878e+01   -7.70013e+02    1.42504e+03
     Coulomb-14        LJ (SR)  Disper. corr.   Coulomb (SR)   Coul. recip.
    2.72564e+04    6.25202e+05   -2.26059e+04   -4.76984e+06    3.74917e+04
 Position Rest.      Potential    Kinetic En.   Total Energy  Conserved En.
    1.84047e+00   -4.09732e+06    6.69850e+05   -3.42747e+06   -3.42747e+06
    Temperature Pres. DC (bar) Pressure (bar)
    2.99151e+02   -1.36619e+02   -2.46939e+03

           Step           Time
           1000        2.00000

   Energies (kJ/mol)
            U-B    Proper Dih.  Improper Dih.      CMAP Dih.          LJ-14
    3.86406e+03    2.36711e+03    3.41969e+02   -7.06674e+02    1.71997e+03
     Coulomb-14        LJ (SR)  Disper. corr.   Coulomb (SR)   Coul. recip.
    2.77113e+04    5.60534e+05   -2.26059e+04   -4.36876e+06    1.26580e+04
 Position Rest.      Potential    Kinetic En.   Total Energy  Conserved En.
    5.67205e+02   -3.78231e+06    6.62332e+05   -3.11998e+06   -3.40121e+06
    Temperature Pres. DC (bar) Pressure (bar)
    2.95794e+02   -1.36619e+02   -2.59290e+02

           Step           Time
           2000        4.00000

   Energies (kJ/mol)
            U-B    Proper Dih.  Improper Dih.      CMAP Dih.          LJ-14
    4.81387e+03    2.62378e+03    4.62905e+02   -6.85361e+02    1.76656e+03
     Coulomb-14        LJ (SR)  Disper. corr.   Coulomb (SR)   Coul. recip.
    2.76757e+04    5.58568e+05   -2.26059e+04   -4.36402e+06    1.26752e+04
 Position Rest.      Potential    Kinetic En.   Total Energy  Conserved En.
    6.34086e+02   -3.77809e+06    6.68797e+05   -3.10929e+06   -3.39835e+06
    Temperature Pres. DC (bar) Pressure (bar)
    2.98681e+02   -1.36619e+02   -2.24045e+02

Writing checkpoint, step 2720 at Thu Dec 10 12:53:38 2020


           Step           Time
           3000        6.00000

   Energies (kJ/mol)
            U-B    Proper Dih.  Improper Dih.      CMAP Dih.          LJ-14
    4.48175e+03    2.42972e+03    3.55820e+02   -6.78746e+02    1.79180e+03
     Coulomb-14        LJ (SR)  Disper. corr.   Coulomb (SR)   Coul. recip.
    2.76551e+04    5.60029e+05   -2.26059e+04   -4.36704e+06    1.26694e+04
 Position Rest.      Potential    Kinetic En.   Total Energy  Conserved En.
    5.52853e+02   -3.78036e+06    6.67998e+05   -3.11236e+06   -3.39832e+06
    Temperature Pres. DC (bar) Pressure (bar)
    2.98324e+02   -1.36619e+02   -2.63637e+02

           Step           Time
           4000        8.00000

   Energies (kJ/mol)
            U-B    Proper Dih.  Improper Dih.      CMAP Dih.          LJ-14
    4.11653e+03    2.44055e+03    3.19784e+02   -7.25700e+02    1.74084e+03
     Coulomb-14        LJ (SR)  Disper. corr.   Coulomb (SR)   Coul. recip.
    2.78064e+04    5.61372e+05   -2.26059e+04   -4.36811e+06    1.25964e+04
 Position Rest.      Potential    Kinetic En.   Total Energy  Conserved En.
    5.33361e+02   -3.78052e+06    6.64700e+05   -3.11582e+06   -3.39882e+06
    Temperature Pres. DC (bar) Pressure (bar)
    2.96852e+02   -1.36619e+02   -2.04763e+02

           Step           Time
           5000       10.00000

   Energies (kJ/mol)
            U-B    Proper Dih.  Improper Dih.      CMAP Dih.          LJ-14
    4.39612e+03    2.41676e+03    3.03739e+02   -6.92581e+02    1.71979e+03
     Coulomb-14        LJ (SR)  Disper. corr.   Coulomb (SR)   Coul. recip.
    2.77367e+04    5.64314e+05   -2.26059e+04   -4.36578e+06    1.25723e+04
 Position Rest.      Potential    Kinetic En.   Total Energy  Conserved En.
    4.79403e+02   -3.77513e+06    6.67610e+05   -3.10752e+06   -3.39888e+06
    Temperature Pres. DC (bar) Pressure (bar)
    2.98151e+02   -1.36619e+02   -1.87268e+02

Writing checkpoint, step 5680 at Thu Dec 10 13:08:42 2020


           Step           Time
           6000       12.00000

   Energies (kJ/mol)
            U-B    Proper Dih.  Improper Dih.      CMAP Dih.          LJ-14
    4.11260e+03    2.30686e+03    2.69652e+02   -7.25091e+02    1.70978e+03
     Coulomb-14        LJ (SR)  Disper. corr.   Coulomb (SR)   Coul. recip.
    2.78225e+04    5.60036e+05   -2.26059e+04   -4.36553e+06    1.26176e+04
 Position Rest.      Potential    Kinetic En.   Total Energy  Conserved En.
    4.86982e+02   -3.77950e+06    6.67827e+05   -3.11167e+06   -3.39867e+06
    Temperature Pres. DC (bar) Pressure (bar)
    2.98248e+02   -1.36619e+02   -2.93025e+02

           Step           Time
           7000       14.00000

   Energies (kJ/mol)
            U-B    Proper Dih.  Improper Dih.      CMAP Dih.          LJ-14
    4.31813e+03    2.32395e+03    3.21025e+02   -7.21426e+02    1.76972e+03
     Coulomb-14        LJ (SR)  Disper. corr.   Coulomb (SR)   Coul. recip.
    2.78388e+04    5.62302e+05   -2.26059e+04   -4.37205e+06    1.27095e+04
 Position Rest.      Potential    Kinetic En.   Total Energy  Conserved En.
    4.70530e+02   -3.78332e+06    6.68640e+05   -3.11468e+06   -3.39853e+06
    Temperature Pres. DC (bar) Pressure (bar)
    2.98611e+02   -1.36619e+02   -2.11118e+02

           Step           Time
           8000       16.00000

   Energies (kJ/mol)
            U-B    Proper Dih.  Improper Dih.      CMAP Dih.          LJ-14
    4.45522e+03    2.40539e+03    2.96375e+02   -7.17431e+02    1.72429e+03
     Coulomb-14        LJ (SR)  Disper. corr.   Coulomb (SR)   Coul. recip.
    2.76381e+04    5.63945e+05   -2.26059e+04   -4.36909e+06    1.26072e+04
 Position Rest.      Potential    Kinetic En.   Total Energy  Conserved En.
    4.76952e+02   -3.77887e+06    6.68272e+05   -3.11059e+06   -3.39841e+06
    Temperature Pres. DC (bar) Pressure (bar)
    2.98447e+02   -1.36619e+02   -1.92897e+02

Writing checkpoint, step 8560 at Thu Dec 10 13:23:36 2020


           Step           Time
           9000       18.00000

   Energies (kJ/mol)
            U-B    Proper Dih.  Improper Dih.      CMAP Dih.          LJ-14
    4.14607e+03    2.37920e+03    2.79578e+02   -7.26823e+02    1.71319e+03
     Coulomb-14        LJ (SR)  Disper. corr.   Coulomb (SR)   Coul. recip.
    2.78063e+04    5.62870e+05   -2.26059e+04   -4.36577e+06    1.25967e+04
 Position Rest.      Potential    Kinetic En.   Total Energy  Conserved En.
    4.67615e+02   -3.77684e+06    6.68661e+05   -3.10818e+06   -3.39836e+06
    Temperature Pres. DC (bar) Pressure (bar)
    2.98620e+02   -1.36619e+02   -1.18711e+02

           Step           Time
          10000       20.00000

   Energies (kJ/mol)
            U-B    Proper Dih.  Improper Dih.      CMAP Dih.          LJ-14
    4.17489e+03    2.39079e+03    3.32548e+02   -7.14448e+02    1.73881e+03
     Coulomb-14        LJ (SR)  Disper. corr.   Coulomb (SR)   Coul. recip.
    2.77684e+04    5.60679e+05   -2.26059e+04   -4.36540e+06    1.27761e+04
 Position Rest.      Potential    Kinetic En.   Total Energy  Conserved En.
    4.72763e+02   -3.77839e+06    6.68992e+05   -3.10940e+06   -3.39796e+06
    Temperature Pres. DC (bar) Pressure (bar)
    2.98768e+02   -1.36619e+02   -2.10141e+02

           Step           Time
          11000       22.00000

   Energies (kJ/mol)
            U-B    Proper Dih.  Improper Dih.      CMAP Dih.          LJ-14
    4.47482e+03    2.38303e+03    3.08884e+02   -6.95464e+02    1.73889e+03
     Coulomb-14        LJ (SR)  Disper. corr.   Coulomb (SR)   Coul. recip.
    2.77269e+04    5.60171e+05   -2.26059e+04   -4.36680e+06    1.24867e+04
 Position Rest.      Potential    Kinetic En.   Total Energy  Conserved En.
    4.67287e+02   -3.78034e+06    6.69089e+05   -3.11125e+06   -3.39792e+06
    Temperature Pres. DC (bar) Pressure (bar)
    2.98811e+02   -1.36619e+02   -2.78163e+02

Writing checkpoint, step 11120 at Thu Dec 10 13:38:37 2020


           Step           Time
          12000       24.00000

   Energies (kJ/mol)
            U-B    Proper Dih.  Improper Dih.      CMAP Dih.          LJ-14
    4.66514e+03    2.45051e+03    3.31990e+02   -6.94306e+02    1.77457e+03
     Coulomb-14        LJ (SR)  Disper. corr.   Coulomb (SR)   Coul. recip.
    2.77949e+04    5.63034e+05   -2.26059e+04   -4.37287e+06    1.26198e+04
 Position Rest.      Potential    Kinetic En.   Total Energy  Conserved En.
    5.36190e+02   -3.78297e+06    6.67257e+05   -3.11571e+06   -3.39801e+06
    Temperature Pres. DC (bar) Pressure (bar)
    2.97993e+02   -1.36619e+02   -2.34177e+02

           Step           Time
          13000       26.00000

   Energies (kJ/mol)
            U-B    Proper Dih.  Improper Dih.      CMAP Dih.          LJ-14
    4.42359e+03    2.44963e+03    3.15468e+02   -7.35307e+02    1.78932e+03
     Coulomb-14        LJ (SR)  Disper. corr.   Coulomb (SR)   Coul. recip.
    2.78023e+04    5.61957e+05   -2.26059e+04   -4.36730e+06    1.26398e+04
 Position Rest.      Potential    Kinetic En.   Total Energy  Conserved En.
    4.87354e+02   -3.77878e+06    6.67134e+05   -3.11165e+06   -3.39722e+06
    Temperature Pres. DC (bar) Pressure (bar)
    2.97938e+02   -1.36619e+02   -2.23081e+02

           Step           Time
          14000       28.00000

Writing checkpoint, step 14000 at Thu Dec 10 13:53:28 2020


   Energies (kJ/mol)
            U-B    Proper Dih.  Improper Dih.      CMAP Dih.          LJ-14
    4.20041e+03    2.37629e+03    3.02763e+02   -7.30445e+02    1.73002e+03
     Coulomb-14        LJ (SR)  Disper. corr.   Coulomb (SR)   Coul. recip.
    2.79117e+04    5.60344e+05   -2.26059e+04   -4.36639e+06    1.25695e+04
 Position Rest.      Potential    Kinetic En.   Total Energy  Conserved En.
    4.70665e+02   -3.77983e+06    6.66578e+05   -3.11325e+06   -3.39721e+06
    Temperature Pres. DC (bar) Pressure (bar)
    2.97690e+02   -1.36619e+02   -2.80636e+02

           Step           Time
          15000       30.00000

   Energies (kJ/mol)
            U-B    Proper Dih.  Improper Dih.      CMAP Dih.          LJ-14
    4.24035e+03    2.36268e+03    2.77308e+02   -7.26176e+02    1.78732e+03
     Coulomb-14        LJ (SR)  Disper. corr.   Coulomb (SR)   Coul. recip.
    2.78278e+04    5.66453e+05   -2.26059e+04   -4.37438e+06    1.26500e+04
 Position Rest.      Potential    Kinetic En.   Total Energy  Conserved En.
    5.20173e+02   -3.78159e+06    6.67655e+05   -3.11394e+06   -3.39700e+06
    Temperature Pres. DC (bar) Pressure (bar)
    2.98171e+02   -1.36619e+02   -2.03261e+02

           Step           Time
          16000       32.00000

   Energies (kJ/mol)
            U-B    Proper Dih.  Improper Dih.      CMAP Dih.          LJ-14
    4.15731e+03    2.39505e+03    2.89723e+02   -6.85213e+02    1.74294e+03
     Coulomb-14        LJ (SR)  Disper. corr.   Coulomb (SR)   Coul. recip.
    2.79049e+04    5.64670e+05   -2.26059e+04   -4.36793e+06    1.27311e+04
 Position Rest.      Potential    Kinetic En.   Total Energy  Conserved En.
    4.93579e+02   -3.77684e+06    6.68276e+05   -3.10856e+06   -3.39678e+06
    Temperature Pres. DC (bar) Pressure (bar)
    2.98448e+02   -1.36619e+02   -1.45717e+02

           Step           Time
          17000       34.00000

   Energies (kJ/mol)
            U-B    Proper Dih.  Improper Dih.      CMAP Dih.          LJ-14
    4.38060e+03    2.45511e+03    3.16207e+02   -7.42804e+02    1.76423e+03
     Coulomb-14        LJ (SR)  Disper. corr.   Coulomb (SR)   Coul. recip.
    2.79070e+04    5.61315e+05   -2.26059e+04   -4.36648e+06    1.26328e+04
 Position Rest.      Potential    Kinetic En.   Total Energy  Conserved En.
    5.05842e+02   -3.77855e+06    6.70352e+05   -3.10820e+06   -3.39696e+06
    Temperature Pres. DC (bar) Pressure (bar)
    2.99375e+02   -1.36619e+02   -2.37283e+02

Writing checkpoint, step 17200 at Thu Dec 10 14:08:36 2020


           Step           Time
          18000       36.00000

   Energies (kJ/mol)
            U-B    Proper Dih.  Improper Dih.      CMAP Dih.          LJ-14
    4.28493e+03    2.35100e+03    3.19052e+02   -6.93415e+02    1.74419e+03
     Coulomb-14        LJ (SR)  Disper. corr.   Coulomb (SR)   Coul. recip.
    2.80500e+04    5.60454e+05   -2.26059e+04   -4.36977e+06    1.26175e+04
 Position Rest.      Potential    Kinetic En.   Total Energy  Conserved En.
    5.48277e+02   -3.78270e+06    6.66790e+05   -3.11591e+06   -3.39728e+06
    Temperature Pres. DC (bar) Pressure (bar)
    2.97785e+02   -1.36619e+02   -2.34938e+02

           Step           Time
          19000       38.00000

   Energies (kJ/mol)
            U-B    Proper Dih.  Improper Dih.      CMAP Dih.          LJ-14
    4.25056e+03    2.38511e+03    2.69037e+02   -7.07257e+02    1.74227e+03
     Coulomb-14        LJ (SR)  Disper. corr.   Coulomb (SR)   Coul. recip.
    2.78884e+04    5.62482e+05   -2.26059e+04   -4.36887e+06    1.24711e+04
 Position Rest.      Potential    Kinetic En.   Total Energy  Conserved En.
    5.29621e+02   -3.78016e+06    6.68717e+05   -3.11144e+06   -3.39697e+06
    Temperature Pres. DC (bar) Pressure (bar)
    2.98645e+02   -1.36619e+02   -2.27788e+02

           Step           Time
          20000       40.00000

   Energies (kJ/mol)
            U-B    Proper Dih.  Improper Dih.      CMAP Dih.          LJ-14
    4.38459e+03    2.33686e+03    3.31077e+02   -6.86391e+02    1.69971e+03
     Coulomb-14        LJ (SR)  Disper. corr.   Coulomb (SR)   Coul. recip.
    2.75377e+04    5.63263e+05   -2.26059e+04   -4.36962e+06    1.28629e+04
 Position Rest.      Potential    Kinetic En.   Total Energy  Conserved En.
    5.01087e+02   -3.77999e+06    6.66941e+05   -3.11305e+06   -3.39742e+06
    Temperature Pres. DC (bar) Pressure (bar)
    2.97852e+02   -1.36619e+02   -1.17697e+02

Writing checkpoint, step 20320 at Thu Dec 10 14:23:23 2020


           Step           Time
          21000       42.00000

   Energies (kJ/mol)
            U-B    Proper Dih.  Improper Dih.      CMAP Dih.          LJ-14
    4.12542e+03    2.40059e+03    2.49751e+02   -7.15601e+02    1.73832e+03
     Coulomb-14        LJ (SR)  Disper. corr.   Coulomb (SR)   Coul. recip.
    2.79208e+04    5.58885e+05   -2.26059e+04   -4.36681e+06    1.26470e+04
 Position Rest.      Potential    Kinetic En.   Total Energy  Conserved En.
    5.22640e+02   -3.78164e+06    6.67515e+05   -3.11412e+06   -3.39734e+06
    Temperature Pres. DC (bar) Pressure (bar)
    2.98108e+02   -1.36619e+02   -2.49383e+02

           Step           Time
          22000       44.00000

   Energies (kJ/mol)
            U-B    Proper Dih.  Improper Dih.      CMAP Dih.          LJ-14
    4.25286e+03    2.38650e+03    2.60394e+02   -7.42874e+02    1.77556e+03
     Coulomb-14        LJ (SR)  Disper. corr.   Coulomb (SR)   Coul. recip.
    2.79135e+04    5.62186e+05   -2.26059e+04   -4.37296e+06    1.24528e+04
 Position Rest.      Potential    Kinetic En.   Total Energy  Conserved En.
    5.77199e+02   -3.78450e+06    6.67977e+05   -3.11652e+06   -3.39715e+06
    Temperature Pres. DC (bar) Pressure (bar)
    2.98315e+02   -1.36619e+02   -2.19695e+02

           Step           Time
          23000       46.00000

   Energies (kJ/mol)
            U-B    Proper Dih.  Improper Dih.      CMAP Dih.          LJ-14
    4.78159e+03    2.49552e+03    2.99247e+02   -7.30281e+02    1.75465e+03
     Coulomb-14        LJ (SR)  Disper. corr.   Coulomb (SR)   Coul. recip.
    2.78056e+04    5.62884e+05   -2.26059e+04   -4.36786e+06    1.28189e+04
 Position Rest.      Potential    Kinetic En.   Total Energy  Conserved En.
    5.92625e+02   -3.77776e+06    6.70740e+05   -3.10702e+06   -3.39696e+06
    Temperature Pres. DC (bar) Pressure (bar)
    2.99549e+02   -1.36619e+02   -1.14690e+02

Writing checkpoint, step 23520 at Thu Dec 10 14:38:34 2020


           Step           Time
          24000       48.00000

   Energies (kJ/mol)
            U-B    Proper Dih.  Improper Dih.      CMAP Dih.          LJ-14
    4.98592e+03    2.44333e+03    3.96095e+02   -7.19850e+02    1.79979e+03
     Coulomb-14        LJ (SR)  Disper. corr.   Coulomb (SR)   Coul. recip.
    2.77435e+04    5.59088e+05   -2.26059e+04   -4.36455e+06    1.25685e+04
 Position Rest.      Potential    Kinetic En.   Total Energy  Conserved En.
    5.81932e+02   -3.77827e+06    6.66631e+05   -3.11164e+06   -3.39582e+06
    Temperature Pres. DC (bar) Pressure (bar)
    2.97714e+02   -1.36619e+02   -2.09804e+02

           Step           Time
          25000       50.00000

   Energies (kJ/mol)
            U-B    Proper Dih.  Improper Dih.      CMAP Dih.          LJ-14
    4.52012e+03    2.39870e+03    3.06089e+02   -7.09649e+02    1.75604e+03
     Coulomb-14        LJ (SR)  Disper. corr.   Coulomb (SR)   Coul. recip.
    2.77829e+04    5.63199e+05   -2.26059e+04   -4.37204e+06    1.25617e+04
 Position Rest.      Potential    Kinetic En.   Total Energy  Conserved En.
    5.61888e+02   -3.78227e+06    6.68197e+05   -3.11407e+06   -3.39517e+06
    Temperature Pres. DC (bar) Pressure (bar)
    2.98413e+02   -1.36619e+02   -1.79891e+02

           Step           Time
          26000       52.00000

   Energies (kJ/mol)
            U-B    Proper Dih.  Improper Dih.      CMAP Dih.          LJ-14
    4.32161e+03    2.36751e+03    2.79735e+02   -7.32424e+02    1.72350e+03
     Coulomb-14        LJ (SR)  Disper. corr.   Coulomb (SR)   Coul. recip.
    2.77039e+04    5.63198e+05   -2.26059e+04   -4.36730e+06    1.26634e+04
 Position Rest.      Potential    Kinetic En.   Total Energy  Conserved En.
    4.57210e+02   -3.77792e+06    6.68159e+05   -3.10976e+06   -3.39475e+06
    Temperature Pres. DC (bar) Pressure (bar)
    2.98396e+02   -1.36619e+02   -1.50377e+02

Writing checkpoint, step 26240 at Thu Dec 10 14:53:35 2020


           Step           Time
          27000       54.00000

   Energies (kJ/mol)
            U-B    Proper Dih.  Improper Dih.      CMAP Dih.          LJ-14
    4.13901e+03    2.37455e+03    2.61741e+02   -7.07006e+02    1.78361e+03
     Coulomb-14        LJ (SR)  Disper. corr.   Coulomb (SR)   Coul. recip.
    2.79102e+04    5.64135e+05   -2.26059e+04   -4.37233e+06    1.26837e+04
 Position Rest.      Potential    Kinetic En.   Total Energy  Conserved En.
    4.95538e+02   -3.78186e+06    6.66309e+05   -3.11555e+06   -3.39503e+06
    Temperature Pres. DC (bar) Pressure (bar)
    2.97570e+02   -1.36619e+02   -2.69132e+02

           Step           Time
          28000       56.00000

   Energies (kJ/mol)
            U-B    Proper Dih.  Improper Dih.      CMAP Dih.          LJ-14
    4.00520e+03    2.29333e+03    2.67781e+02   -7.04315e+02    1.71974e+03
     Coulomb-14        LJ (SR)  Disper. corr.   Coulomb (SR)   Coul. recip.
    2.79492e+04    5.62309e+05   -2.26059e+04   -4.36846e+06    1.25861e+04
 Position Rest.      Potential    Kinetic En.   Total Energy  Conserved En.
    4.87408e+02   -3.78015e+06    6.66623e+05   -3.11353e+06   -3.39489e+06
    Temperature Pres. DC (bar) Pressure (bar)
    2.97710e+02   -1.36619e+02   -1.08729e+02

Writing checkpoint, step 28720 at Thu Dec 10 15:08:24 2020


           Step           Time
          29000       58.00000

   Energies (kJ/mol)
            U-B    Proper Dih.  Improper Dih.      CMAP Dih.          LJ-14
    4.35009e+03    2.36603e+03    3.14177e+02   -7.13316e+02    1.77268e+03
     Coulomb-14        LJ (SR)  Disper. corr.   Coulomb (SR)   Coul. recip.
    2.78801e+04    5.63120e+05   -2.26059e+04   -4.36783e+06    1.26370e+04
 Position Rest.      Potential    Kinetic En.   Total Energy  Conserved En.
    5.11794e+02   -3.77819e+06    6.69365e+05   -3.10883e+06   -3.39439e+06
    Temperature Pres. DC (bar) Pressure (bar)
    2.98935e+02   -1.36619e+02   -1.36271e+02

           Step           Time
          30000       60.00000

   Energies (kJ/mol)
            U-B    Proper Dih.  Improper Dih.      CMAP Dih.          LJ-14
    4.57438e+03    2.46279e+03    3.44310e+02   -7.12290e+02    1.74298e+03
     Coulomb-14        LJ (SR)  Disper. corr.   Coulomb (SR)   Coul. recip.
    2.78629e+04    5.61026e+05   -2.26059e+04   -4.36938e+06    1.26746e+04
 Position Rest.      Potential    Kinetic En.   Total Energy  Conserved En.
    5.36151e+02   -3.78147e+06    6.66262e+05   -3.11521e+06   -3.39448e+06
    Temperature Pres. DC (bar) Pressure (bar)
    2.97549e+02   -1.36619e+02   -2.68267e+02

           Step           Time
          31000       62.00000

   Energies (kJ/mol)
            U-B    Proper Dih.  Improper Dih.      CMAP Dih.          LJ-14
    4.48904e+03    2.48985e+03    3.92807e+02   -6.90529e+02    1.80932e+03
     Coulomb-14        LJ (SR)  Disper. corr.   Coulomb (SR)   Coul. recip.
    2.81168e+04    5.63941e+05   -2.26059e+04   -4.37126e+06    1.26268e+04
 Position Rest.      Potential    Kinetic En.   Total Energy  Conserved En.
    5.48965e+02   -3.78014e+06    6.67461e+05   -3.11268e+06   -3.39392e+06
    Temperature Pres. DC (bar) Pressure (bar)
    2.98084e+02   -1.36619e+02   -1.69249e+02

Writing checkpoint, step 31600 at Thu Dec 10 15:23:48 2020


           Step           Time
          32000       64.00000

   Energies (kJ/mol)
            U-B    Proper Dih.  Improper Dih.      CMAP Dih.          LJ-14
    4.77742e+03    2.49061e+03    3.03125e+02   -6.96130e+02    1.78225e+03
     Coulomb-14        LJ (SR)  Disper. corr.   Coulomb (SR)   Coul. recip.
    2.77457e+04    5.58259e+05   -2.26059e+04   -4.36310e+06    1.25230e+04
 Position Rest.      Potential    Kinetic En.   Total Energy  Conserved En.
    5.83759e+02   -3.77794e+06    6.69686e+05   -3.10826e+06   -3.39399e+06
    Temperature Pres. DC (bar) Pressure (bar)
    2.99078e+02   -1.36619e+02   -2.62979e+02

           Step           Time
          33000       66.00000

   Energies (kJ/mol)
            U-B    Proper Dih.  Improper Dih.      CMAP Dih.          LJ-14
    4.38196e+03    2.35483e+03    2.81953e+02   -7.53532e+02    1.73967e+03
     Coulomb-14        LJ (SR)  Disper. corr.   Coulomb (SR)   Coul. recip.
    2.78533e+04    5.60460e+05   -2.26059e+04   -4.36544e+06    1.26895e+04
 Position Rest.      Potential    Kinetic En.   Total Energy  Conserved En.
    4.79057e+02   -3.77856e+06    6.69102e+05   -3.10945e+06   -3.39362e+06
    Temperature Pres. DC (bar) Pressure (bar)
    2.98817e+02   -1.36619e+02   -2.35652e+02

           Step           Time
          34000       68.00000

   Energies (kJ/mol)
            U-B    Proper Dih.  Improper Dih.      CMAP Dih.          LJ-14
    3.95888e+03    2.31218e+03    2.92500e+02   -7.28717e+02    1.74030e+03
     Coulomb-14        LJ (SR)  Disper. corr.   Coulomb (SR)   Coul. recip.
    2.79234e+04    5.60400e+05   -2.26059e+04   -4.36696e+06    1.26988e+04
 Position Rest.      Potential    Kinetic En.   Total Energy  Conserved En.
    5.00502e+02   -3.78047e+06    6.64752e+05   -3.11572e+06   -3.39340e+06
    Temperature Pres. DC (bar) Pressure (bar)
    2.96874e+02   -1.36619e+02   -3.15244e+02

Writing checkpoint, step 34240 at Thu Dec 10 15:38:39 2020


           Step           Time
          35000       70.00000

   Energies (kJ/mol)
            U-B    Proper Dih.  Improper Dih.      CMAP Dih.          LJ-14
    4.15962e+03    2.32499e+03    2.62437e+02   -7.15359e+02    1.69917e+03
     Coulomb-14        LJ (SR)  Disper. corr.   Coulomb (SR)   Coul. recip.
    2.78839e+04    5.58929e+05   -2.26059e+04   -4.36277e+06    1.27362e+04
 Position Rest.      Potential    Kinetic En.   Total Energy  Conserved En.
    5.23662e+02   -3.77758e+06    6.65488e+05   -3.11209e+06   -3.39336e+06
    Temperature Pres. DC (bar) Pressure (bar)
    2.97203e+02   -1.36619e+02   -2.24792e+02

           Step           Time
          36000       72.00000

   Energies (kJ/mol)
            U-B    Proper Dih.  Improper Dih.      CMAP Dih.          LJ-14
    4.53166e+03    2.38106e+03    3.03354e+02   -7.30901e+02    1.79684e+03
     Coulomb-14        LJ (SR)  Disper. corr.   Coulomb (SR)   Coul. recip.
    2.78117e+04    5.61093e+05   -2.26059e+04   -4.36688e+06    1.24962e+04
 Position Rest.      Potential    Kinetic En.   Total Energy  Conserved En.
    5.66271e+02   -3.77923e+06    6.65988e+05   -3.11325e+06   -3.39379e+06
    Temperature Pres. DC (bar) Pressure (bar)
    2.97426e+02   -1.36619e+02   -3.05458e+02

           Step           Time
          37000       74.00000

   Energies (kJ/mol)
            U-B    Proper Dih.  Improper Dih.      CMAP Dih.          LJ-14
    4.49089e+03    2.44776e+03    2.81752e+02   -6.85058e+02    1.86690e+03
     Coulomb-14        LJ (SR)  Disper. corr.   Coulomb (SR)   Coul. recip.
    2.79601e+04    5.62761e+05   -2.26059e+04   -4.37113e+06    1.27033e+04
 Position Rest.      Potential    Kinetic En.   Total Energy  Conserved En.
    5.29355e+02   -3.78138e+06    6.67175e+05   -3.11421e+06   -3.39264e+06
    Temperature Pres. DC (bar) Pressure (bar)
    2.97957e+02   -1.36619e+02   -1.37024e+02

Writing checkpoint, step 37120 at Thu Dec 10 15:53:33 2020


           Step           Time
          38000       76.00000

   Energies (kJ/mol)
            U-B    Proper Dih.  Improper Dih.      CMAP Dih.          LJ-14
    4.54183e+03    2.46388e+03    2.72639e+02   -7.16611e+02    1.74056e+03
     Coulomb-14        LJ (SR)  Disper. corr.   Coulomb (SR)   Coul. recip.
    2.77284e+04    5.63409e+05   -2.26059e+04   -4.37215e+06    1.28384e+04
 Position Rest.      Potential    Kinetic En.   Total Energy  Conserved En.
    5.79299e+02   -3.78190e+06    6.67979e+05   -3.11392e+06   -3.39236e+06
    Temperature Pres. DC (bar) Pressure (bar)
    2.98316e+02   -1.36619e+02   -2.62485e+02

           Step           Time
          39000       78.00000

   Energies (kJ/mol)
            U-B    Proper Dih.  Improper Dih.      CMAP Dih.          LJ-14
    4.30602e+03    2.40605e+03    2.61867e+02   -7.07541e+02    1.77369e+03
     Coulomb-14        LJ (SR)  Disper. corr.   Coulomb (SR)   Coul. recip.
    2.77574e+04    5.60186e+05   -2.26059e+04   -4.37004e+06    1.26886e+04
 Position Rest.      Potential    Kinetic En.   Total Energy  Conserved En.
    5.54544e+02   -3.78342e+06    6.65704e+05   -3.11772e+06   -3.39293e+06
    Temperature Pres. DC (bar) Pressure (bar)
    2.97300e+02   -1.36619e+02   -2.67592e+02

Writing checkpoint, step 39760 at Thu Dec 10 16:08:36 2020


           Step           Time
          40000       80.00000

   Energies (kJ/mol)
            U-B    Proper Dih.  Improper Dih.      CMAP Dih.          LJ-14
    4.32838e+03    2.31851e+03    3.04964e+02   -7.49303e+02    1.74271e+03
     Coulomb-14        LJ (SR)  Disper. corr.   Coulomb (SR)   Coul. recip.
    2.79553e+04    5.64039e+05   -2.26059e+04   -4.36912e+06    1.28336e+04
 Position Rest.      Potential    Kinetic En.   Total Energy  Conserved En.
    4.97151e+02   -3.77845e+06    6.69864e+05   -3.10859e+06   -3.39245e+06
    Temperature Pres. DC (bar) Pressure (bar)
    2.99158e+02   -1.36619e+02   -2.18134e+02

           Step           Time
          41000       82.00000

   Energies (kJ/mol)
            U-B    Proper Dih.  Improper Dih.      CMAP Dih.          LJ-14
    4.39385e+03    2.44849e+03    3.28125e+02   -7.35287e+02    1.70592e+03
     Coulomb-14        LJ (SR)  Disper. corr.   Coulomb (SR)   Coul. recip.
    2.77920e+04    5.61769e+05   -2.26059e+04   -4.36865e+06    1.26234e+04
 Position Rest.      Potential    Kinetic En.   Total Energy  Conserved En.
    5.06380e+02   -3.78042e+06    6.68214e+05   -3.11221e+06   -3.39239e+06
    Temperature Pres. DC (bar) Pressure (bar)
    2.98421e+02   -1.36619e+02   -1.60675e+02

           Step           Time
          42000       84.00000

   Energies (kJ/mol)
            U-B    Proper Dih.  Improper Dih.      CMAP Dih.          LJ-14
    4.47106e+03    2.44734e+03    3.25901e+02   -6.97924e+02    1.74335e+03
     Coulomb-14        LJ (SR)  Disper. corr.   Coulomb (SR)   Coul. recip.
    2.78512e+04    5.60075e+05   -2.26059e+04   -4.36451e+06    1.25848e+04
 Position Rest.      Potential    Kinetic En.   Total Energy  Conserved En.
    5.41732e+02   -3.77777e+06    6.65913e+05   -3.11186e+06   -3.39257e+06
    Temperature Pres. DC (bar) Pressure (bar)
    2.97393e+02   -1.36619e+02   -2.85349e+02

Writing checkpoint, step 42400 at Thu Dec 10 16:23:44 2020


           Step           Time
          43000       86.00000

   Energies (kJ/mol)
            U-B    Proper Dih.  Improper Dih.      CMAP Dih.          LJ-14
    4.40285e+03    2.41881e+03    2.97625e+02   -6.79076e+02    1.73665e+03
     Coulomb-14        LJ (SR)  Disper. corr.   Coulomb (SR)   Coul. recip.
    2.79286e+04    5.63018e+05   -2.26059e+04   -4.36938e+06    1.26164e+04
 Position Rest.      Potential    Kinetic En.   Total Energy  Conserved En.
    5.00349e+02   -3.77975e+06    6.69604e+05   -3.11015e+06   -3.39251e+06
    Temperature Pres. DC (bar) Pressure (bar)
    2.99041e+02   -1.36619e+02   -2.16017e+02

           Step           Time
          44000       88.00000

   Energies (kJ/mol)
            U-B    Proper Dih.  Improper Dih.      CMAP Dih.          LJ-14
    4.12572e+03    2.33873e+03    2.67735e+02   -7.29305e+02    1.74859e+03
     Coulomb-14        LJ (SR)  Disper. corr.   Coulomb (SR)   Coul. recip.
    2.78791e+04    5.62490e+05   -2.26059e+04   -4.36994e+06    1.24555e+04
 Position Rest.      Potential    Kinetic En.   Total Energy  Conserved En.
    5.32741e+02   -3.78144e+06    6.67793e+05   -3.11365e+06   -3.39201e+06
    Temperature Pres. DC (bar) Pressure (bar)
    2.98233e+02   -1.36619e+02   -2.31289e+02

           Step           Time
          45000       90.00000

   Energies (kJ/mol)
            U-B    Proper Dih.  Improper Dih.      CMAP Dih.          LJ-14
    4.47958e+03    2.34752e+03    3.07188e+02   -7.15869e+02    1.70405e+03
     Coulomb-14        LJ (SR)  Disper. corr.   Coulomb (SR)   Coul. recip.
    2.76642e+04    5.60223e+05   -2.26059e+04   -4.36489e+06    1.24728e+04
 Position Rest.      Potential    Kinetic En.   Total Energy  Conserved En.
    5.15385e+02   -3.77849e+06    6.69358e+05   -3.10914e+06   -3.39247e+06
    Temperature Pres. DC (bar) Pressure (bar)
    2.98932e+02   -1.36619e+02   -2.47349e+02

Writing checkpoint, step 45040 at Thu Dec 10 16:38:35 2020


           Step           Time
          46000       92.00000

   Energies (kJ/mol)
            U-B    Proper Dih.  Improper Dih.      CMAP Dih.          LJ-14
    4.50425e+03    2.40584e+03    3.26947e+02   -7.23374e+02    1.76880e+03
     Coulomb-14        LJ (SR)  Disper. corr.   Coulomb (SR)   Coul. recip.
    2.77484e+04    5.61584e+05   -2.26059e+04   -4.36294e+06    1.27881e+04
 Position Rest.      Potential    Kinetic En.   Total Energy  Conserved En.
    4.99297e+02   -3.77464e+06    6.66708e+05   -3.10794e+06   -3.39210e+06
    Temperature Pres. DC (bar) Pressure (bar)
    2.97748e+02   -1.36619e+02   -2.46796e+02

           Step           Time
          47000       94.00000

   Energies (kJ/mol)
            U-B    Proper Dih.  Improper Dih.      CMAP Dih.          LJ-14
    4.39825e+03    2.38305e+03    2.68977e+02   -7.16969e+02    1.72378e+03
     Coulomb-14        LJ (SR)  Disper. corr.   Coulomb (SR)   Coul. recip.
    2.78691e+04    5.62676e+05   -2.26059e+04   -4.36768e+06    1.26423e+04
 Position Rest.      Potential    Kinetic En.   Total Energy  Conserved En.
    4.91277e+02   -3.77855e+06    6.69372e+05   -3.10918e+06   -3.39220e+06
    Temperature Pres. DC (bar) Pressure (bar)
    2.98938e+02   -1.36619e+02   -2.05848e+02

Writing checkpoint, step 47840 at Thu Dec 10 16:53:38 2020


           Step           Time
          48000       96.00000

   Energies (kJ/mol)
            U-B    Proper Dih.  Improper Dih.      CMAP Dih.          LJ-14
    4.36360e+03    2.39640e+03    2.76471e+02   -7.13409e+02    1.70311e+03
     Coulomb-14        LJ (SR)  Disper. corr.   Coulomb (SR)   Coul. recip.
    2.79361e+04    5.64984e+05   -2.26059e+04   -4.37203e+06    1.25247e+04
 Position Rest.      Potential    Kinetic En.   Total Energy  Conserved En.
    5.13158e+02   -3.78065e+06    6.68279e+05   -3.11237e+06   -3.39229e+06
    Temperature Pres. DC (bar) Pressure (bar)
    2.98450e+02   -1.36619e+02   -1.54876e+02

           Step           Time
          49000       98.00000

   Energies (kJ/mol)
            U-B    Proper Dih.  Improper Dih.      CMAP Dih.          LJ-14
    4.24472e+03    2.36282e+03    2.96927e+02   -7.10363e+02    1.72177e+03
     Coulomb-14        LJ (SR)  Disper. corr.   Coulomb (SR)   Coul. recip.
    2.79632e+04    5.61134e+05   -2.26059e+04   -4.36403e+06    1.28237e+04
 Position Rest.      Potential    Kinetic En.   Total Energy  Conserved En.
    5.11548e+02   -3.77629e+06    6.68954e+05   -3.10734e+06   -3.39184e+06
    Temperature Pres. DC (bar) Pressure (bar)
    2.98751e+02   -1.36619e+02   -1.93533e+02

           Step           Time
          50000      100.00000

Writing checkpoint, step 50000 at Thu Dec 10 17:03:48 2020


   Energies (kJ/mol)
            U-B    Proper Dih.  Improper Dih.      CMAP Dih.          LJ-14
    3.96070e+03    2.40524e+03    2.49063e+02   -7.48222e+02    1.75854e+03
     Coulomb-14        LJ (SR)  Disper. corr.   Coulomb (SR)   Coul. recip.
    2.79452e+04    5.57041e+05   -2.26059e+04   -4.36174e+06    1.21652e+04
 Position Rest.      Potential    Kinetic En.   Total Energy  Conserved En.
    5.01819e+02   -3.77906e+06    6.66219e+05   -3.11284e+06   -3.39180e+06
    Temperature Pres. DC (bar) Pressure (bar)
    2.97530e+02   -1.36619e+02   -2.54877e+02

	<======  ###############  ==>
	<====  A V E R A G E S  ====>
	<==  ###############  ======>

	Statistics over 50001 steps using 501 frames

   Energies (kJ/mol)
            U-B    Proper Dih.  Improper Dih.      CMAP Dih.          LJ-14
    4.35863e+03    2.39680e+03    2.98634e+02   -7.16640e+02    1.74935e+03
     Coulomb-14        LJ (SR)  Disper. corr.   Coulomb (SR)   Coul. recip.
    2.78261e+04    5.61748e+05   -2.26059e+04   -4.36848e+06    1.26719e+04
 Position Rest.      Potential    Kinetic En.   Total Energy  Conserved En.
    5.23797e+02   -3.78023e+06    6.67375e+05   -3.11286e+06   -3.39557e+06
    Temperature Pres. DC (bar) Pressure (bar)
    2.98046e+02   -1.36619e+02   -2.28381e+02

   Total Virial (kJ/mol)
    2.41899e+05    4.76962e+01   -3.96622e+02
    4.53549e+01    2.41479e+05   -1.76235e+02
   -3.94971e+02   -1.78368e+02    2.40732e+05

   Pressure (bar)
   -2.33797e+02   -7.81523e-01    5.13164e+00
   -7.53248e-01   -2.28939e+02    1.94468e+00
    5.11170e+00    1.97043e+00   -2.22406e+02

      T-Protein  T-non-Protein
    2.97838e+02    2.98048e+02


	M E G A - F L O P S   A C C O U N T I N G

 NB=Group-cutoff nonbonded kernels    NxN=N-by-N cluster Verlet kernels
 RF=Reaction-Field  VdW=Van der Waals  QSTab=quadratic-spline table
 W3=SPC/TIP3p  W4=TIP4p (single or pairs)
 V&F=Potential and force  V=Potential only  F=Force only

 Computing:                               M-Number         M-Flops  % Flops
-----------------------------------------------------------------------------
 Pair Search distance check           96257.016362      866313.147     0.2
 NxN QSTab Elec. + LJ [F]           5173669.310752   274204473.470    57.7
 NxN QSTab Elec. + LJ [V&F]           52364.322688     4241510.138     0.9
 NxN QSTab Elec. [F]                4983304.395776   169432349.456    35.7
 NxN QSTab Elec. [V&F]                50436.283984     2067887.643     0.4
 1,4 nonbonded interactions             256.455129       23080.962     0.0
 Calc Weights                         40360.557195     1452980.059     0.3
 Spread Q Bspline                    861025.220160     1722050.440     0.4
 Gather F Bspline                    861025.220160     5166151.321     1.1
 3D-FFT                             1747820.955720    13982567.646     2.9
 Solve PME                              460.809216       29491.790     0.0
 Shift-X                              27025.471820      162152.831     0.0
 Propers                                208.804176       47816.156     0.0
 Impropers                               18.500370        3848.077     0.0
 Pos. Restr.                             48.800976        2440.049     0.0
 Virial                                 134.824110        2426.834     0.0
 Stop-CM                                135.070630        1350.706     0.0
 Calc-Ekin                             2691.188130       72662.080     0.0
 Shake                                 1054.670520       31640.116     0.0
 Constraint-V                         13527.391074      108219.129     0.0
 Shake-Init                              98.255895         982.559     0.0
 Constraint-Vir                         134.554572        3229.310     0.0
 Settle                                4443.716607     1435320.464     0.3
 CMAP                                     6.350127       10795.216     0.0
 Urey-Bradley                           177.503550       32483.150     0.0
-----------------------------------------------------------------------------
 Total                                               475104222.747   100.0
-----------------------------------------------------------------------------


     R E A L   C Y C L E   A N D   T I M E   A C C O U N T I N G

On 1 MPI rank, each using 4 OpenMP threads

 Computing:          Num   Num      Call    Wall time         Giga-Cycles
                     Ranks Threads  Count      (s)         total sum    %
-----------------------------------------------------------------------------
 Neighbor search        1    4        626     191.178       2073.897   1.2
 Force                  1    4      50001   13327.985     144582.059  83.6
 PME mesh               1    4      50001    1880.369      20398.255  11.8
 NB X/F buffer ops.     1    4      99376     239.809       2601.445   1.5
 Write traj.            1    4         18       6.480         70.295   0.0
 Update                 1    4      50001     134.983       1464.297   0.8
 Constraints            1    4      50001     127.431       1382.368   0.8
 Rest                                          26.371        286.070   0.2
-----------------------------------------------------------------------------
 Total                                      15934.605     172858.686 100.0
-----------------------------------------------------------------------------
 Breakdown of PME mesh computation
-----------------------------------------------------------------------------
 PME spread             1    4      50001     607.652       6591.812   3.8
 PME gather             1    4      50001     742.940       8059.419   4.7
 PME 3D-FFT             1    4     100002     482.085       5229.662   3.0
 PME solve Elec         1    4      50001      37.206        403.609   0.2
-----------------------------------------------------------------------------

               Core t (s)   Wall t (s)        (%)
       Time:    63738.421    15934.605      400.0
                         4h25:34
                 (ns/day)    (hour/ns)
Performance:        0.542       44.262
Finished mdrun on rank 0 Thu Dec 10 17:03:49 2020
